<?xml version="1.0" encoding="UTF-8"?>
<coverage generated="1630362091474" clover="3.2.0">
  <project timestamp="1630362091474" name="All files">
    <metrics statements="873" coveredstatements="857" conditionals="672" coveredconditionals="604" methods="198" coveredmethods="179" elements="1743" coveredelements="1640" complexity="0" loc="873" ncloc="873" packages="17" files="51" classes="51"/>
    <package name="accordion.src">
      <metrics statements="60" coveredstatements="60" conditionals="45" coveredconditionals="41" methods="11" coveredmethods="10"/>
      <file name="AccordionContainer.tsx" path="/home/circleci/project/packages/accordion/src/AccordionContainer.tsx">
        <metrics statements="8" coveredstatements="8" conditionals="1" coveredconditionals="1" methods="1" coveredmethods="1"/>
        <line num="8" count="1" type="stmt"/>
        <line num="9" count="1" type="stmt"/>
        <line num="11" count="1" type="stmt"/>
        <line num="20" count="1" type="stmt"/>
        <line num="21" count="60" type="cond" truecount="1" falsecount="0"/>
        <line num="23" count="59" type="stmt"/>
        <line num="26" count="1" type="stmt"/>
        <line num="31" count="1" type="stmt"/>
      </file>
      <file name="index.ts" path="/home/circleci/project/packages/accordion/src/index.ts">
        <metrics statements="3" coveredstatements="3" conditionals="0" coveredconditionals="0" methods="2" coveredmethods="1"/>
        <line num="9" count="1" type="stmt"/>
        <line num="10" count="1" type="stmt"/>
        <line num="17" count="39" type="stmt"/>
      </file>
      <file name="useAccordion.ts" path="/home/circleci/project/packages/accordion/src/useAccordion.ts">
        <metrics statements="49" coveredstatements="49" conditionals="44" coveredconditionals="40" methods="8" coveredmethods="8"/>
        <line num="8" count="1" type="stmt"/>
        <line num="9" count="1" type="stmt"/>
        <line num="10" count="1" type="stmt"/>
        <line num="55" count="1" type="stmt"/>
        <line num="62" count="59" type="cond" truecount="2" falsecount="0"/>
        <line num="63" count="59" type="stmt"/>
        <line num="64" count="59" type="cond" truecount="2" falsecount="0"/>
        <line num="65" count="59" type="stmt"/>
        <line num="66" count="59" type="stmt"/>
        <line num="67" count="59" type="stmt"/>
        <line num="69" count="59" type="stmt"/>
        <line num="71" count="59" type="cond" truecount="2" falsecount="0"/>
        <line num="73" count="59" type="stmt"/>
        <line num="74" count="59" type="stmt"/>
        <line num="75" count="18" type="stmt"/>
        <line num="76" count="18" type="stmt"/>
        <line num="78" count="18" type="stmt"/>
        <line num="79" count="54" type="stmt"/>
        <line num="81" count="54" type="cond" truecount="2" falsecount="0"/>
        <line num="82" count="18" type="cond" truecount="2" falsecount="0"/>
        <line num="83" count="36" type="cond" truecount="2" falsecount="0"/>
        <line num="84" count="24" type="stmt"/>
        <line num="87" count="54" type="cond" truecount="2" falsecount="0"/>
        <line num="88" count="26" type="stmt"/>
        <line num="90" count="26" type="cond" truecount="2" falsecount="0"/>
        <line num="91" count="17" type="stmt"/>
        <line num="96" count="18" type="cond" truecount="2" falsecount="0"/>
        <line num="97" count="1" type="stmt"/>
        <line num="100" count="18" type="cond" truecount="1" falsecount="1"/>
        <line num="101" count="18" type="stmt"/>
        <line num="104" count="18" type="stmt"/>
        <line num="107" count="59" type="cond" truecount="2" falsecount="0"/>
        <line num="108" count="158" type="cond" truecount="2" falsecount="0"/>
        <line num="109" count="2" type="stmt"/>
        <line num="114" count="156" type="stmt"/>
        <line num="123" count="59" type="stmt"/>
        <line num="129" count="158" type="cond" truecount="2" falsecount="0"/>
        <line num="130" count="2" type="stmt"/>
        <line num="135" count="156" type="stmt"/>
        <line num="137" count="156" type="stmt"/>
        <line num="146" count="14" type="stmt"/>
        <line num="148" count="6" type="cond" truecount="4" falsecount="0"/>
        <line num="149" count="4" type="stmt"/>
        <line num="150" count="4" type="stmt"/>
        <line num="157" count="59" type="cond" truecount="2" falsecount="0"/>
        <line num="158" count="158" type="cond" truecount="2" falsecount="0"/>
        <line num="159" count="2" type="stmt"/>
        <line num="164" count="156" type="stmt"/>
        <line num="175" count="59" type="stmt"/>
      </file>
    </package>
    <package name="breadcrumb.src">
      <metrics statements="14" coveredstatements="14" conditionals="4" coveredconditionals="2" methods="6" coveredmethods="5"/>
      <file name="BreadcrumbContainer.tsx" path="/home/circleci/project/packages/breadcrumb/src/BreadcrumbContainer.tsx">
        <metrics statements="6" coveredstatements="6" conditionals="1" coveredconditionals="1" methods="1" coveredmethods="1"/>
        <line num="8" count="1" type="stmt"/>
        <line num="9" count="1" type="stmt"/>
        <line num="11" count="1" type="stmt"/>
        <line num="20" count="1" type="stmt"/>
        <line num="24" count="2" type="stmt"/>
        <line num="27" count="1" type="stmt"/>
      </file>
      <file name="index.ts" path="/home/circleci/project/packages/breadcrumb/src/index.ts">
        <metrics statements="2" coveredstatements="2" conditionals="0" coveredconditionals="0" methods="2" coveredmethods="1"/>
        <line num="10" count="1" type="stmt"/>
        <line num="13" count="3" type="stmt"/>
      </file>
      <file name="useBreadcrumb.ts" path="/home/circleci/project/packages/breadcrumb/src/useBreadcrumb.ts">
        <metrics statements="6" coveredstatements="6" conditionals="3" coveredconditionals="1" methods="3" coveredmethods="3"/>
        <line num="13" count="1" type="stmt"/>
        <line num="14" count="2" type="stmt"/>
        <line num="17" count="2" type="stmt"/>
        <line num="26" count="2" type="cond" truecount="0" falsecount="1"/>
        <line num="27" count="2" type="stmt"/>
        <line num="33" count="2" type="stmt"/>
      </file>
    </package>
    <package name="buttongroup.src">
      <metrics statements="19" coveredstatements="19" conditionals="6" coveredconditionals="4" methods="8" coveredmethods="7"/>
      <file name="ButtonGroupContainer.tsx" path="/home/circleci/project/packages/buttongroup/src/ButtonGroupContainer.tsx">
        <metrics statements="6" coveredstatements="6" conditionals="1" coveredconditionals="1" methods="1" coveredmethods="1"/>
        <line num="8" count="1" type="stmt"/>
        <line num="9" count="1" type="stmt"/>
        <line num="11" count="1" type="stmt"/>
        <line num="20" count="1" type="stmt"/>
        <line num="25" count="7" type="stmt"/>
        <line num="28" count="1" type="stmt"/>
      </file>
      <file name="index.ts" path="/home/circleci/project/packages/buttongroup/src/index.ts">
        <metrics statements="3" coveredstatements="3" conditionals="0" coveredconditionals="0" methods="2" coveredmethods="1"/>
        <line num="9" count="1" type="stmt"/>
        <line num="10" count="1" type="stmt"/>
        <line num="17" count="6" type="stmt"/>
      </file>
      <file name="useButtonGroup.ts" path="/home/circleci/project/packages/buttongroup/src/useButtonGroup.ts">
        <metrics statements="10" coveredstatements="10" conditionals="5" coveredconditionals="3" methods="5" coveredmethods="5"/>
        <line num="8" count="1" type="stmt"/>
        <line num="29" count="1" type="stmt"/>
        <line num="33" count="7" type="stmt"/>
        <line num="35" count="7" type="cond" truecount="1" falsecount="1"/>
        <line num="36" count="7" type="stmt"/>
        <line num="44" count="7" type="cond" truecount="2" falsecount="1"/>
        <line num="45" count="21" type="stmt"/>
        <line num="52" count="7" type="stmt"/>
        <line num="55" count="7" type="stmt"/>
        <line num="56" count="21" type="stmt"/>
      </file>
    </package>
    <package name="field.src">
      <metrics statements="23" coveredstatements="23" conditionals="14" coveredconditionals="10" methods="7" coveredmethods="6"/>
      <file name="FieldContainer.tsx" path="/home/circleci/project/packages/field/src/FieldContainer.tsx">
        <metrics statements="6" coveredstatements="6" conditionals="1" coveredconditionals="1" methods="1" coveredmethods="1"/>
        <line num="8" count="1" type="stmt"/>
        <line num="9" count="1" type="stmt"/>
        <line num="11" count="1" type="stmt"/>
        <line num="22" count="1" type="stmt"/>
        <line num="27" count="4" type="stmt"/>
        <line num="30" count="1" type="stmt"/>
      </file>
      <file name="index.ts" path="/home/circleci/project/packages/field/src/index.ts">
        <metrics statements="2" coveredstatements="2" conditionals="0" coveredconditionals="0" methods="2" coveredmethods="1"/>
        <line num="9" count="1" type="stmt"/>
        <line num="12" count="5" type="stmt"/>
      </file>
      <file name="useField.ts" path="/home/circleci/project/packages/field/src/useField.ts">
        <metrics statements="15" coveredstatements="15" conditionals="13" coveredconditionals="9" methods="4" coveredmethods="4"/>
        <line num="8" count="1" type="stmt"/>
        <line num="9" count="1" type="stmt"/>
        <line num="20" count="1" type="stmt"/>
        <line num="21" count="4" type="stmt"/>
        <line num="22" count="4" type="cond" truecount="1" falsecount="1"/>
        <line num="23" count="4" type="stmt"/>
        <line num="24" count="4" type="stmt"/>
        <line num="25" count="4" type="stmt"/>
        <line num="27" count="4" type="cond" truecount="2" falsecount="1"/>
        <line num="28" count="3" type="stmt"/>
        <line num="37" count="4" type="cond" truecount="3" falsecount="1"/>
        <line num="38" count="4" type="stmt"/>
        <line num="46" count="4" type="cond" truecount="1" falsecount="1"/>
        <line num="47" count="3" type="stmt"/>
        <line num="53" count="4" type="stmt"/>
      </file>
    </package>
    <package name="focusjail.src">
      <metrics statements="55" coveredstatements="55" conditionals="41" coveredconditionals="36" methods="13" coveredmethods="13"/>
      <file name="FocusJailContainer.tsx" path="/home/circleci/project/packages/focusjail/src/FocusJailContainer.tsx">
        <metrics statements="6" coveredstatements="6" conditionals="1" coveredconditionals="1" methods="1" coveredmethods="1"/>
        <line num="8" count="2" type="stmt"/>
        <line num="9" count="2" type="stmt"/>
        <line num="11" count="2" type="stmt"/>
        <line num="20" count="2" type="stmt"/>
        <line num="25" count="21" type="stmt"/>
        <line num="28" count="2" type="stmt"/>
      </file>
      <file name="index.ts" path="/home/circleci/project/packages/focusjail/src/index.ts">
        <metrics statements="2" coveredstatements="2" conditionals="0" coveredconditionals="0" methods="2" coveredmethods="2"/>
        <line num="9" count="24" type="stmt"/>
        <line num="12" count="13" type="stmt"/>
      </file>
      <file name="useFocusJail.ts" path="/home/circleci/project/packages/focusjail/src/useFocusJail.ts">
        <metrics statements="47" coveredstatements="47" conditionals="40" coveredconditionals="35" methods="10" coveredmethods="10"/>
        <line num="8" count="2" type="stmt"/>
        <line num="9" count="2" type="stmt"/>
        <line num="10" count="2" type="stmt"/>
        <line num="11" count="2" type="stmt"/>
        <line num="31" count="2" type="stmt"/>
        <line num="42" count="43" type="stmt"/>
        <line num="47" count="43" type="stmt"/>
        <line num="50" count="41" type="stmt"/>
        <line num="51" count="41" type="cond" truecount="2" falsecount="0"/>
        <line num="52" count="20" type="stmt"/>
        <line num="56" count="41" type="stmt"/>
        <line num="60" count="45" type="cond" truecount="2" falsecount="0"/>
        <line num="61" count="18" type="stmt"/>
        <line num="63" count="27" type="cond" truecount="2" falsecount="0"/>
        <line num="69" count="41" type="stmt"/>
        <line num="70" count="7" type="cond" truecount="2" falsecount="0"/>
        <line num="71" count="1" type="stmt"/>
        <line num="77" count="41" type="stmt"/>
        <line num="78" count="4" type="cond" truecount="1" falsecount="1"/>
        <line num="79" count="4" type="stmt"/>
        <line num="80" count="4" type="stmt"/>
        <line num="82" count="4" type="cond" truecount="1" falsecount="1"/>
        <line num="85" count="41" type="stmt"/>
        <line num="86" count="6" type="stmt"/>
        <line num="88" count="6" type="stmt"/>
        <line num="94" count="41" type="cond" truecount="0" falsecount="1"/>
        <line num="95" count="41" type="stmt"/>
        <line num="97" count="11" type="cond" truecount="2" falsecount="0"/>
        <line num="98" count="4" type="stmt"/>
        <line num="100" count="7" type="stmt"/>
        <line num="102" count="6" type="stmt"/>
        <line num="104" count="6" type="cond" truecount="2" falsecount="0"/>
        <line num="108" count="2" type="stmt"/>
        <line num="109" count="2" type="stmt"/>
        <line num="112" count="6" type="cond" truecount="4" falsecount="0"/>
        <line num="113" count="2" type="stmt"/>
        <line num="114" count="2" type="stmt"/>
        <line num="123" count="41" type="stmt"/>
        <line num="124" count="41" type="cond" truecount="2" falsecount="0"/>
        <line num="126" count="41" type="cond" truecount="2" falsecount="0"/>
        <line num="127" count="39" type="stmt"/>
        <line num="130" count="41" type="stmt"/>
        <line num="131" count="41" type="stmt"/>
        <line num="132" count="41" type="stmt"/>
        <line num="134" count="41" type="cond" truecount="5" falsecount="0"/>
        <line num="135" count="2" type="stmt"/>
        <line num="140" count="41" type="stmt"/>
      </file>
    </package>
    <package name="focusvisible.src">
      <metrics statements="119" coveredstatements="118" conditionals="70" coveredconditionals="67" methods="19" coveredmethods="19"/>
      <file name="FocusVisibleContainer.tsx" path="/home/circleci/project/packages/focusvisible/src/FocusVisibleContainer.tsx">
        <metrics statements="9" coveredstatements="9" conditionals="1" coveredconditionals="1" methods="1" coveredmethods="1"/>
        <line num="8" count="1" type="stmt"/>
        <line num="9" count="1" type="stmt"/>
        <line num="11" count="1" type="stmt"/>
        <line num="20" count="1" type="stmt"/>
        <line num="25" count="12" type="stmt"/>
        <line num="27" count="12" type="stmt"/>
        <line num="29" count="12" type="stmt"/>
        <line num="32" count="1" type="stmt"/>
        <line num="37" count="1" type="stmt"/>
      </file>
      <file name="index.ts" path="/home/circleci/project/packages/focusvisible/src/index.ts">
        <metrics statements="2" coveredstatements="2" conditionals="0" coveredconditionals="0" methods="2" coveredmethods="2"/>
        <line num="9" count="4" type="stmt"/>
        <line num="12" count="13" type="stmt"/>
      </file>
      <file name="useFocusVisible.ts" path="/home/circleci/project/packages/focusvisible/src/useFocusVisible.ts">
        <metrics statements="108" coveredstatements="107" conditionals="69" coveredconditionals="66" methods="16" coveredmethods="16"/>
        <line num="13" count="1" type="stmt"/>
        <line num="15" count="1" type="stmt"/>
        <line num="42" count="1" type="stmt"/>
        <line num="50" count="15" type="cond" truecount="2" falsecount="0"/>
        <line num="51" count="3" type="stmt"/>
        <line num="54" count="12" type="stmt"/>
        <line num="55" count="12" type="stmt"/>
        <line num="56" count="12" type="stmt"/>
        <line num="58" count="12" type="stmt"/>
        <line num="59" count="12" type="stmt"/>
        <line num="61" count="12" type="cond" truecount="1" falsecount="1"/>
        <line num="62" count="12" type="stmt"/>
        <line num="69" count="12" type="stmt"/>
        <line num="70" count="93" type="cond" truecount="2" falsecount="0"/>
        <line num="78" count="45" type="stmt"/>
        <line num="81" count="48" type="stmt"/>
        <line num="89" count="12" type="stmt"/>
        <line num="90" count="6" type="stmt"/>
        <line num="91" count="6" type="stmt"/>
        <line num="93" count="6" type="cond" truecount="2" falsecount="0"/>
        <line num="98" count="1" type="stmt"/>
        <line num="101" count="5" type="cond" truecount="4" falsecount="0"/>
        <line num="102" count="1" type="stmt"/>
        <line num="107" count="4" type="cond" truecount="1" falsecount="0"/>
        <line num="111" count="4" type="stmt"/>
        <line num="117" count="12" type="stmt"/>
        <line num="118" count="41" type="cond" truecount="5" falsecount="0"/>
        <line num="119" count="29" type="stmt"/>
        <line num="122" count="12" type="stmt"/>
        <line num="129" count="12" type="stmt"/>
        <line num="130" count="38" type="cond" truecount="2" falsecount="0"/>
        <line num="131" count="26" type="stmt"/>
        <line num="134" count="12" type="cond" truecount="2" falsecount="0"/>
        <line num="135" count="12" type="cond" truecount="2" falsecount="0"/>
        <line num="141" count="12" type="stmt"/>
        <line num="142" count="3" type="stmt"/>
        <line num="143" count="3" type="stmt"/>
        <line num="153" count="12" type="stmt"/>
        <line num="154" count="78" type="cond" truecount="5" falsecount="0"/>
        <line num="155" count="6" type="stmt"/>
        <line num="158" count="72" type="cond" truecount="2" falsecount="0"/>
        <line num="159" count="26" type="stmt"/>
        <line num="162" count="72" type="stmt"/>
        <line num="172" count="12" type="stmt"/>
        <line num="173" count="14" type="stmt"/>
        <line num="183" count="12" type="stmt"/>
        <line num="185" count="17" type="cond" truecount="2" falsecount="0"/>
        <line num="186" count="1" type="stmt"/>
        <line num="189" count="16" type="cond" truecount="4" falsecount="0"/>
        <line num="190" count="12" type="stmt"/>
        <line num="197" count="12" type="stmt"/>
        <line num="198" count="4" type="cond" truecount="2" falsecount="0"/>
        <line num="199" count="1" type="stmt"/>
        <line num="202" count="3" type="cond" truecount="1" falsecount="1"/>
        <line num="208" count="3" type="stmt"/>
        <line num="210" count="3" type="stmt"/>
        <line num="212" count="3" type="stmt"/>
        <line num="213" count="1" type="stmt"/>
        <line num="214" count="1" type="stmt"/>
        <line num="217" count="3" type="stmt"/>
        <line num="219" count="3" type="stmt"/>
        <line num="230" count="12" type="stmt"/>
        <line num="231" count="3" type="stmt"/>
        <line num="233" count="3" type="cond" truecount="4" falsecount="0"/>
        <line num="234" count="1" type="stmt"/>
        <line num="237" count="2" type="stmt"/>
        <line num="239" count="2" type="stmt"/>
        <line num="248" count="12" type="stmt"/>
        <line num="249" count="12" type="stmt"/>
        <line num="250" count="12" type="stmt"/>
        <line num="251" count="12" type="stmt"/>
        <line num="252" count="12" type="stmt"/>
        <line num="253" count="12" type="stmt"/>
        <line num="254" count="12" type="stmt"/>
        <line num="255" count="12" type="stmt"/>
        <line num="256" count="12" type="stmt"/>
        <line num="257" count="12" type="stmt"/>
        <line num="260" count="12" type="stmt"/>
        <line num="261" count="14" type="stmt"/>
        <line num="262" count="14" type="stmt"/>
        <line num="263" count="14" type="stmt"/>
        <line num="264" count="14" type="stmt"/>
        <line num="265" count="14" type="stmt"/>
        <line num="266" count="14" type="stmt"/>
        <line num="267" count="14" type="stmt"/>
        <line num="268" count="14" type="stmt"/>
        <line num="269" count="14" type="stmt"/>
        <line num="286" count="12" type="stmt"/>
        <line num="288" count="12" type="cond" truecount="3" falsecount="1"/>
        <line num="289" count="0" type="stmt"/>
        <line num="298" count="12" type="stmt"/>
        <line num="299" count="12" type="stmt"/>
        <line num="300" count="12" type="stmt"/>
        <line num="301" count="12" type="stmt"/>
        <line num="302" count="12" type="stmt"/>
        <line num="304" count="12" type="stmt"/>
        <line num="312" count="12" type="cond" truecount="2" falsecount="0"/>
        <line num="313" count="12" type="cond" truecount="2" falsecount="0"/>
        <line num="316" count="12" type="stmt"/>
        <line num="317" count="12" type="stmt"/>
        <line num="318" count="12" type="stmt"/>
        <line num="319" count="12" type="stmt"/>
        <line num="320" count="12" type="stmt"/>
        <line num="321" count="12" type="stmt"/>
        <line num="323" count="12" type="stmt"/>
        <line num="325" count="12" type="cond" truecount="2" falsecount="0"/>
        <line num="326" count="12" type="cond" truecount="2" falsecount="0"/>
        <line num="328" count="12" type="stmt"/>
      </file>
    </package>
    <package name="grid.src">
      <metrics statements="197" coveredstatements="188" conditionals="254" coveredconditionals="250" methods="17" coveredmethods="14"/>
      <file name="GridContainer.tsx" path="/home/circleci/project/packages/grid/src/GridContainer.tsx">
        <metrics statements="7" coveredstatements="0" conditionals="1" coveredconditionals="0" methods="1" coveredmethods="0"/>
        <line num="8" count="0" type="stmt"/>
        <line num="9" count="0" type="stmt"/>
        <line num="10" count="0" type="stmt"/>
        <line num="19" count="0" type="stmt"/>
        <line num="20" count="0" type="cond" truecount="0" falsecount="1"/>
        <line num="22" count="0" type="stmt"/>
        <line num="25" count="0" type="stmt"/>
      </file>
      <file name="index.ts" path="/home/circleci/project/packages/grid/src/index.ts">
        <metrics statements="2" coveredstatements="0" conditionals="0" coveredconditionals="0" methods="2" coveredmethods="0"/>
        <line num="9" count="0" type="stmt"/>
        <line num="12" count="0" type="stmt"/>
      </file>
      <file name="useGrid.ts" path="/home/circleci/project/packages/grid/src/useGrid.ts">
        <metrics statements="188" coveredstatements="188" conditionals="253" coveredconditionals="250" methods="14" coveredmethods="14"/>
        <line num="8" count="1" type="stmt"/>
        <line num="9" count="1" type="stmt"/>
        <line num="11" count="1" type="stmt"/>
        <line num="55" count="1" type="stmt"/>
        <line num="72" count="92" type="stmt"/>
        <line num="73" count="92" type="stmt"/>
        <line num="74" count="92" type="stmt"/>
        <line num="75" count="92" type="stmt"/>
        <line num="78" count="92" type="stmt"/>
        <line num="82" count="92" type="cond" truecount="4" falsecount="0"/>
        <line num="84" count="92" type="cond" truecount="4" falsecount="0"/>
        <line num="88" count="92" type="stmt"/>
        <line num="93" count="92" type="stmt"/>
        <line num="98" count="92" type="cond" truecount="2" falsecount="0"/>
        <line num="100" count="92" type="stmt"/>
        <line num="101" count="13" type="stmt"/>
        <line num="102" count="13" type="stmt"/>
        <line num="105" count="92" type="stmt"/>
        <line num="106" count="7" type="stmt"/>
        <line num="107" count="7" type="stmt"/>
        <line num="110" count="92" type="stmt"/>
        <line num="111" count="60" type="stmt"/>
        <line num="112" count="60" type="stmt"/>
        <line num="114" count="60" type="cond" truecount="2" falsecount="0"/>
        <line num="117" count="92" type="stmt"/>
        <line num="118" count="83" type="cond" truecount="2" falsecount="0"/>
        <line num="119" count="74" type="stmt"/>
        <line num="122" count="83" type="cond" truecount="2" falsecount="0"/>
        <line num="123" count="39" type="stmt"/>
        <line num="124" count="39" type="stmt"/>
        <line num="125" count="39" type="cond" truecount="2" falsecount="0"/>
        <line num="126" count="39" type="cond" truecount="2" falsecount="0"/>
        <line num="127" count="39" type="stmt"/>
        <line num="128" count="7" type="cond" truecount="2" falsecount="0"/>
        <line num="129" count="3" type="cond" truecount="2" falsecount="0"/>
        <line num="130" count="3" type="stmt"/>
        <line num="132" count="7" type="cond" truecount="5" falsecount="0"/>
        <line num="133" count="2" type="cond" truecount="2" falsecount="0"/>
        <line num="134" count="2" type="stmt"/>
        <line num="138" count="39" type="stmt"/>
        <line num="139" count="10" type="cond" truecount="4" falsecount="0"/>
        <line num="140" count="6" type="cond" truecount="2" falsecount="0"/>
        <line num="141" count="6" type="stmt"/>
        <line num="143" count="10" type="cond" truecount="5" falsecount="0"/>
        <line num="144" count="2" type="cond" truecount="2" falsecount="0"/>
        <line num="145" count="2" type="stmt"/>
        <line num="149" count="39" type="stmt"/>
        <line num="151" count="8" type="cond" truecount="2" falsecount="0"/>
        <line num="153" count="9" type="cond" truecount="2" falsecount="0"/>
        <line num="155" count="11" type="cond" truecount="4" falsecount="0"/>
        <line num="156" count="2" type="stmt"/>
        <line num="158" count="9" type="cond" truecount="2" falsecount="0"/>
        <line num="159" count="3" type="cond" truecount="2" falsecount="0"/>
        <line num="160" count="3" type="stmt"/>
        <line num="161" count="3" type="stmt"/>
        <line num="163" count="6" type="cond" truecount="1" falsecount="1"/>
        <line num="164" count="6" type="cond" truecount="2" falsecount="0"/>
        <line num="165" count="3" type="stmt"/>
        <line num="166" count="3" type="cond" truecount="2" falsecount="0"/>
        <line num="168" count="3" type="stmt"/>
        <line num="169" count="3" type="cond" truecount="2" falsecount="0"/>
        <line num="172" count="6" type="stmt"/>
        <line num="174" count="4" type="cond" truecount="4" falsecount="0"/>
        <line num="175" count="1" type="cond" truecount="2" falsecount="0"/>
        <line num="176" count="1" type="stmt"/>
        <line num="178" count="4" type="cond" truecount="2" falsecount="0"/>
        <line num="179" count="2" type="cond" truecount="4" falsecount="0"/>
        <line num="180" count="1" type="stmt"/>
        <line num="181" count="1" type="cond" truecount="2" falsecount="0"/>
        <line num="184" count="2" type="cond" truecount="2" falsecount="0"/>
        <line num="189" count="1" type="stmt"/>
        <line num="190" count="1" type="cond" truecount="2" falsecount="0"/>
        <line num="191" count="1" type="stmt"/>
        <line num="194" count="3" type="stmt"/>
        <line num="196" count="2" type="cond" truecount="2" falsecount="0"/>
        <line num="197" count="1" type="cond" truecount="2" falsecount="0"/>
        <line num="198" count="1" type="stmt"/>
        <line num="200" count="1" type="cond" truecount="2" falsecount="0"/>
        <line num="201" count="1" type="stmt"/>
        <line num="203" count="2" type="stmt"/>
        <line num="205" count="2" type="cond" truecount="2" falsecount="0"/>
        <line num="206" count="1" type="cond" truecount="2" falsecount="0"/>
        <line num="207" count="1" type="stmt"/>
        <line num="209" count="1" type="cond" truecount="2" falsecount="0"/>
        <line num="210" count="1" type="stmt"/>
        <line num="212" count="2" type="stmt"/>
        <line num="216" count="44" type="stmt"/>
        <line num="217" count="44" type="stmt"/>
        <line num="218" count="44" type="cond" truecount="2" falsecount="0"/>
        <line num="220" count="44" type="cond" truecount="2" falsecount="0"/>
        <line num="222" count="44" type="stmt"/>
        <line num="223" count="10" type="cond" truecount="4" falsecount="0"/>
        <line num="224" count="6" type="stmt"/>
        <line num="225" count="6" type="stmt"/>
        <line num="226" count="6" type="cond" truecount="2" falsecount="0"/>
        <line num="228" count="10" type="cond" truecount="5" falsecount="0"/>
        <line num="229" count="2" type="stmt"/>
        <line num="230" count="2" type="stmt"/>
        <line num="231" count="2" type="stmt"/>
        <line num="232" count="2" type="cond" truecount="2" falsecount="0"/>
        <line num="236" count="44" type="stmt"/>
        <line num="237" count="7" type="cond" truecount="2" falsecount="0"/>
        <line num="238" count="3" type="stmt"/>
        <line num="239" count="3" type="stmt"/>
        <line num="240" count="3" type="cond" truecount="2" falsecount="0"/>
        <line num="242" count="7" type="cond" truecount="5" falsecount="0"/>
        <line num="243" count="2" type="stmt"/>
        <line num="244" count="2" type="stmt"/>
        <line num="245" count="2" type="stmt"/>
        <line num="246" count="2" type="cond" truecount="2" falsecount="0"/>
        <line num="250" count="44" type="stmt"/>
        <line num="252" count="8" type="cond" truecount="2" falsecount="0"/>
        <line num="254" count="9" type="cond" truecount="2" falsecount="0"/>
        <line num="256" count="11" type="cond" truecount="4" falsecount="0"/>
        <line num="257" count="2" type="stmt"/>
        <line num="259" count="9" type="cond" truecount="2" falsecount="0"/>
        <line num="260" count="3" type="stmt"/>
        <line num="261" count="3" type="stmt"/>
        <line num="262" count="3" type="cond" truecount="2" falsecount="0"/>
        <line num="263" count="3" type="stmt"/>
        <line num="265" count="6" type="cond" truecount="1" falsecount="1"/>
        <line num="266" count="6" type="cond" truecount="2" falsecount="0"/>
        <line num="267" count="3" type="stmt"/>
        <line num="268" count="3" type="stmt"/>
        <line num="269" count="3" type="stmt"/>
        <line num="270" count="3" type="cond" truecount="2" falsecount="0"/>
        <line num="272" count="3" type="stmt"/>
        <line num="273" count="3" type="stmt"/>
        <line num="274" count="3" type="stmt"/>
        <line num="275" count="3" type="cond" truecount="2" falsecount="0"/>
        <line num="278" count="6" type="stmt"/>
        <line num="280" count="4" type="cond" truecount="4" falsecount="0"/>
        <line num="281" count="1" type="stmt"/>
        <line num="282" count="1" type="stmt"/>
        <line num="283" count="1" type="cond" truecount="2" falsecount="0"/>
        <line num="285" count="4" type="cond" truecount="2" falsecount="0"/>
        <line num="286" count="2" type="cond" truecount="4" falsecount="0"/>
        <line num="287" count="1" type="stmt"/>
        <line num="288" count="1" type="stmt"/>
        <line num="289" count="1" type="stmt"/>
        <line num="290" count="1" type="cond" truecount="2" falsecount="0"/>
        <line num="292" count="2" type="cond" truecount="2" falsecount="0"/>
        <line num="297" count="1" type="stmt"/>
        <line num="298" count="1" type="stmt"/>
        <line num="299" count="1" type="stmt"/>
        <line num="300" count="1" type="cond" truecount="2" falsecount="0"/>
        <line num="301" count="1" type="stmt"/>
        <line num="304" count="3" type="stmt"/>
        <line num="306" count="2" type="cond" truecount="2" falsecount="0"/>
        <line num="307" count="1" type="stmt"/>
        <line num="308" count="1" type="stmt"/>
        <line num="309" count="1" type="cond" truecount="2" falsecount="0"/>
        <line num="311" count="1" type="stmt"/>
        <line num="312" count="1" type="stmt"/>
        <line num="313" count="1" type="cond" truecount="2" falsecount="0"/>
        <line num="315" count="2" type="stmt"/>
        <line num="317" count="4" type="cond" truecount="2" falsecount="0"/>
        <line num="318" count="1" type="stmt"/>
        <line num="319" count="1" type="stmt"/>
        <line num="320" count="1" type="cond" truecount="2" falsecount="0"/>
        <line num="322" count="3" type="stmt"/>
        <line num="323" count="3" type="stmt"/>
        <line num="324" count="3" type="cond" truecount="2" falsecount="0"/>
        <line num="326" count="4" type="stmt"/>
        <line num="331" count="49" type="stmt"/>
        <line num="334" count="92" type="stmt"/>
        <line num="335" count="530" type="cond" truecount="2" falsecount="0"/>
        <line num="336" count="244" type="cond" truecount="6" falsecount="0"/>
        <line num="337" count="1" type="stmt"/>
        <line num="340" count="243" type="cond" truecount="4" falsecount="0"/>
        <line num="343" count="286" type="cond" truecount="6" falsecount="0"/>
        <line num="344" count="12" type="stmt"/>
        <line num="347" count="274" type="cond" truecount="4" falsecount="0"/>
        <line num="350" count="92" type="stmt"/>
        <line num="353" count="304" type="cond" truecount="2" falsecount="0"/>
        <line num="354" count="18" type="cond" truecount="2" falsecount="0"/>
        <line num="356" count="286" type="stmt"/>
        <line num="360" count="304" type="stmt"/>
        <line num="363" count="92" type="stmt"/>
        <line num="371" count="530" type="stmt"/>
        <line num="377" count="9" type="cond" truecount="2" falsecount="0"/>
        <line num="378" count="7" type="stmt"/>
        <line num="379" count="7" type="cond" truecount="2" falsecount="0"/>
        <line num="381" count="9" type="cond" truecount="2" falsecount="0"/>
        <line num="382" count="9" type="cond" truecount="3" falsecount="0"/>
        <line num="385" count="86" type="cond" truecount="2" falsecount="0"/>
        <line num="386" count="40" type="cond" truecount="3" falsecount="1"/>
        <line num="394" count="92" type="stmt"/>
      </file>
    </package>
    <package name="keyboardfocus.src">
      <metrics statements="30" coveredstatements="30" conditionals="5" coveredconditionals="4" methods="11" coveredmethods="10"/>
      <file name="KeyboardFocusContainer.tsx" path="/home/circleci/project/packages/keyboardfocus/src/KeyboardFocusContainer.tsx">
        <metrics statements="6" coveredstatements="6" conditionals="1" coveredconditionals="1" methods="1" coveredmethods="1"/>
        <line num="8" count="1" type="stmt"/>
        <line num="9" count="1" type="stmt"/>
        <line num="11" count="1" type="stmt"/>
        <line num="20" count="1" type="stmt"/>
        <line num="24" count="9" type="stmt"/>
        <line num="27" count="1" type="stmt"/>
      </file>
      <file name="index.ts" path="/home/circleci/project/packages/keyboardfocus/src/index.ts">
        <metrics statements="2" coveredstatements="2" conditionals="0" coveredconditionals="0" methods="2" coveredmethods="1"/>
        <line num="9" count="1" type="stmt"/>
        <line num="12" count="6" type="stmt"/>
      </file>
      <file name="useKeyboardFocus.ts" path="/home/circleci/project/packages/keyboardfocus/src/useKeyboardFocus.ts">
        <metrics statements="22" coveredstatements="22" conditionals="4" coveredconditionals="3" methods="8" coveredmethods="8"/>
        <line num="8" count="1" type="stmt"/>
        <line num="10" count="1" type="stmt"/>
        <line num="17" count="1" type="stmt"/>
        <line num="18" count="9" type="stmt"/>
        <line num="19" count="9" type="stmt"/>
        <line num="20" count="9" type="stmt"/>
        <line num="22" count="9" type="stmt"/>
        <line num="23" count="5" type="stmt"/>
        <line num="24" count="5" type="stmt"/>
        <line num="28" count="9" type="stmt"/>
        <line num="29" count="3" type="stmt"/>
        <line num="35" count="3" type="stmt"/>
        <line num="36" count="3" type="stmt"/>
        <line num="39" count="3" type="stmt"/>
        <line num="42" count="9" type="stmt"/>
        <line num="43" count="4" type="cond" truecount="2" falsecount="0"/>
        <line num="44" count="3" type="stmt"/>
        <line num="48" count="9" type="stmt"/>
        <line num="49" count="2" type="stmt"/>
        <line num="52" count="9" type="stmt"/>
        <line num="63" count="9" type="stmt"/>
        <line num="76" count="9" type="stmt"/>
      </file>
    </package>
    <package name="modal.src">
      <metrics statements="43" coveredstatements="43" conditionals="20" coveredconditionals="13" methods="15" coveredmethods="14"/>
      <file name="ModalContainer.tsx" path="/home/circleci/project/packages/modal/src/ModalContainer.tsx">
        <metrics statements="6" coveredstatements="6" conditionals="1" coveredconditionals="1" methods="1" coveredmethods="1"/>
        <line num="8" count="1" type="stmt"/>
        <line num="9" count="1" type="stmt"/>
        <line num="11" count="1" type="stmt"/>
        <line num="20" count="1" type="stmt"/>
        <line num="25" count="22" type="stmt"/>
        <line num="28" count="1" type="stmt"/>
      </file>
      <file name="index.ts" path="/home/circleci/project/packages/modal/src/index.ts">
        <metrics statements="2" coveredstatements="2" conditionals="0" coveredconditionals="0" methods="2" coveredmethods="1"/>
        <line num="9" count="1" type="stmt"/>
        <line num="12" count="12" type="stmt"/>
      </file>
      <file name="useModal.ts" path="/home/circleci/project/packages/modal/src/useModal.ts">
        <metrics statements="35" coveredstatements="35" conditionals="19" coveredconditionals="12" methods="12" coveredmethods="12"/>
        <line num="8" count="1" type="stmt"/>
        <line num="9" count="1" type="stmt"/>
        <line num="10" count="1" type="stmt"/>
        <line num="11" count="1" type="stmt"/>
        <line num="37" count="1" type="stmt"/>
        <line num="47" count="22" type="stmt"/>
        <line num="48" count="22" type="cond" truecount="1" falsecount="1"/>
        <line num="49" count="22" type="stmt"/>
        <line num="50" count="22" type="stmt"/>
        <line num="51" count="22" type="stmt"/>
        <line num="53" count="22" type="stmt"/>
        <line num="54" count="4" type="cond" truecount="2" falsecount="0"/>
        <line num="57" count="22" type="cond" truecount="0" falsecount="1"/>
        <line num="58" count="22" type="stmt"/>
        <line num="60" count="22" type="stmt"/>
        <line num="62" count="5" type="stmt"/>
        <line num="63" count="5" type="stmt"/>
        <line num="65" count="5" type="cond" truecount="4" falsecount="0"/>
        <line num="66" count="1" type="stmt"/>
        <line num="69" count="5" type="stmt"/>
        <line num="77" count="22" type="cond" truecount="1" falsecount="1"/>
        <line num="78" count="22" type="stmt"/>
        <line num="85" count="4" type="stmt"/>
        <line num="88" count="2" type="cond" truecount="2" falsecount="0"/>
        <line num="89" count="1" type="stmt"/>
        <line num="96" count="22" type="cond" truecount="1" falsecount="1"/>
        <line num="97" count="22" type="stmt"/>
        <line num="103" count="22" type="cond" truecount="1" falsecount="1"/>
        <line num="104" count="22" type="stmt"/>
        <line num="110" count="22" type="cond" truecount="0" falsecount="1"/>
        <line num="111" count="22" type="stmt"/>
        <line num="114" count="1" type="stmt"/>
        <line num="120" count="22" type="stmt"/>
        <line num="127" count="22" type="stmt"/>
        <line num="129" count="22" type="stmt"/>
      </file>
    </package>
    <package name="pagination.src">
      <metrics statements="28" coveredstatements="28" conditionals="19" coveredconditionals="15" methods="12" coveredmethods="11"/>
      <file name="PaginationContainer.tsx" path="/home/circleci/project/packages/pagination/src/PaginationContainer.tsx">
        <metrics statements="6" coveredstatements="6" conditionals="1" coveredconditionals="1" methods="1" coveredmethods="1"/>
        <line num="8" count="1" type="stmt"/>
        <line num="9" count="1" type="stmt"/>
        <line num="11" count="1" type="stmt"/>
        <line num="20" count="1" type="stmt"/>
        <line num="25" count="22" type="stmt"/>
        <line num="28" count="1" type="stmt"/>
      </file>
      <file name="index.ts" path="/home/circleci/project/packages/pagination/src/index.ts">
        <metrics statements="3" coveredstatements="3" conditionals="0" coveredconditionals="0" methods="2" coveredmethods="1"/>
        <line num="9" count="1" type="stmt"/>
        <line num="10" count="1" type="stmt"/>
        <line num="18" count="15" type="stmt"/>
      </file>
      <file name="usePagination.ts" path="/home/circleci/project/packages/pagination/src/usePagination.ts">
        <metrics statements="19" coveredstatements="19" conditionals="18" coveredconditionals="14" methods="9" coveredmethods="9"/>
        <line num="8" count="1" type="stmt"/>
        <line num="37" count="1" type="stmt"/>
        <line num="45" count="22" type="stmt"/>
        <line num="47" count="22" type="cond" truecount="1" falsecount="1"/>
        <line num="48" count="1" type="stmt"/>
        <line num="56" count="22" type="cond" truecount="1" falsecount="1"/>
        <line num="57" count="7" type="stmt"/>
        <line num="65" count="22" type="cond" truecount="1" falsecount="1"/>
        <line num="66" count="7" type="stmt"/>
        <line num="74" count="22" type="cond" truecount="1" falsecount="1"/>
        <line num="75" count="14" type="stmt"/>
        <line num="77" count="14" type="cond" truecount="4" falsecount="0"/>
        <line num="78" count="3" type="stmt"/>
        <line num="81" count="14" type="stmt"/>
        <line num="89" count="22" type="stmt"/>
        <line num="92" count="1" type="stmt"/>
        <line num="93" count="14" type="stmt"/>
        <line num="95" count="7" type="stmt"/>
        <line num="96" count="7" type="stmt"/>
      </file>
    </package>
    <package name="schedule.src">
      <metrics statements="39" coveredstatements="37" conditionals="11" coveredconditionals="5" methods="10" coveredmethods="9"/>
      <file name="ScheduleContainer.tsx" path="/home/circleci/project/packages/schedule/src/ScheduleContainer.tsx">
        <metrics statements="7" coveredstatements="7" conditionals="1" coveredconditionals="1" methods="1" coveredmethods="1"/>
        <line num="8" count="1" type="stmt"/>
        <line num="9" count="1" type="stmt"/>
        <line num="11" count="1" type="stmt"/>
        <line num="20" count="1" type="stmt"/>
        <line num="25" count="15" type="stmt"/>
        <line num="28" count="1" type="stmt"/>
        <line num="34" count="1" type="stmt"/>
      </file>
      <file name="index.ts" path="/home/circleci/project/packages/schedule/src/index.ts">
        <metrics statements="2" coveredstatements="2" conditionals="0" coveredconditionals="0" methods="2" coveredmethods="1"/>
        <line num="8" count="1" type="stmt"/>
        <line num="9" count="10" type="stmt"/>
      </file>
      <file name="useSchedule.ts" path="/home/circleci/project/packages/schedule/src/useSchedule.ts">
        <metrics statements="30" coveredstatements="28" conditionals="10" coveredconditionals="4" methods="7" coveredmethods="7"/>
        <line num="8" count="1" type="stmt"/>
        <line num="25" count="1" type="stmt"/>
        <line num="30" count="15" type="stmt"/>
        <line num="31" count="15" type="stmt"/>
        <line num="33" count="15" type="stmt"/>
        <line num="37" count="9" type="stmt"/>
        <line num="39" count="9" type="stmt"/>
        <line num="40" count="305" type="cond" truecount="1" falsecount="1"/>
        <line num="41" count="0" type="stmt"/>
        <line num="45" count="305" type="stmt"/>
        <line num="48" count="9" type="stmt"/>
        <line num="49" count="297" type="stmt"/>
        <line num="50" count="297" type="stmt"/>
        <line num="53" count="9" type="stmt"/>
        <line num="54" count="8" type="cond" truecount="1" falsecount="1"/>
        <line num="55" count="0" type="stmt"/>
        <line num="58" count="8" type="stmt"/>
        <line num="59" count="3" type="stmt"/>
        <line num="60" count="3" type="stmt"/>
        <line num="61" count="3" type="cond" truecount="2" falsecount="0"/>
        <line num="65" count="8" type="stmt"/>
        <line num="66" count="8" type="stmt"/>
        <line num="67" count="8" type="stmt"/>
        <line num="70" count="9" type="stmt"/>
        <line num="72" count="9" type="stmt"/>
        <line num="73" count="9" type="stmt"/>
        <line num="74" count="9" type="stmt"/>
        <line num="75" count="9" type="stmt"/>
        <line num="76" count="9" type="stmt"/>
        <line num="80" count="15" type="stmt"/>
      </file>
    </package>
    <package name="scrollregion.src">
      <metrics statements="30" coveredstatements="30" conditionals="7" coveredconditionals="6" methods="8" coveredmethods="7"/>
      <file name="ScrollRegionContainer.tsx" path="/home/circleci/project/packages/scrollregion/src/ScrollRegionContainer.tsx">
        <metrics statements="6" coveredstatements="6" conditionals="1" coveredconditionals="1" methods="1" coveredmethods="1"/>
        <line num="8" count="1" type="stmt"/>
        <line num="9" count="1" type="stmt"/>
        <line num="10" count="1" type="stmt"/>
        <line num="19" count="1" type="stmt"/>
        <line num="24" count="3" type="stmt"/>
        <line num="27" count="1" type="stmt"/>
      </file>
      <file name="index.ts" path="/home/circleci/project/packages/scrollregion/src/index.ts">
        <metrics statements="2" coveredstatements="2" conditionals="0" coveredconditionals="0" methods="2" coveredmethods="1"/>
        <line num="8" count="1" type="stmt"/>
        <line num="9" count="3" type="stmt"/>
      </file>
      <file name="useScrollRegion.ts" path="/home/circleci/project/packages/scrollregion/src/useScrollRegion.ts">
        <metrics statements="22" coveredstatements="22" conditionals="6" coveredconditionals="5" methods="5" coveredmethods="5"/>
        <line num="11" count="1" type="stmt"/>
        <line num="12" count="1" type="stmt"/>
        <line num="21" count="1" type="stmt"/>
        <line num="22" count="3" type="stmt"/>
        <line num="24" count="3" type="stmt"/>
        <line num="26" count="2" type="stmt"/>
        <line num="27" count="2" type="cond" truecount="1" falsecount="1"/>
        <line num="28" count="2" type="stmt"/>
        <line num="29" count="2" type="stmt"/>
        <line num="30" count="2" type="stmt"/>
        <line num="31" count="2" type="stmt"/>
        <line num="32" count="2" type="stmt"/>
        <line num="34" count="2" type="cond" truecount="4" falsecount="0"/>
        <line num="35" count="1" type="stmt"/>
        <line num="37" count="1" type="stmt"/>
        <line num="44" count="3" type="stmt"/>
        <line num="45" count="2" type="stmt"/>
        <line num="46" count="2" type="stmt"/>
        <line num="48" count="2" type="stmt"/>
        <line num="49" count="2" type="stmt"/>
        <line num="50" count="2" type="stmt"/>
        <line num="54" count="3" type="stmt"/>
      </file>
    </package>
    <package name="selection.src">
      <metrics statements="104" coveredstatements="102" conditionals="128" coveredconditionals="110" methods="15" coveredmethods="15"/>
      <file name="SelectionContainer.tsx" path="/home/circleci/project/packages/selection/src/SelectionContainer.tsx">
        <metrics statements="7" coveredstatements="7" conditionals="1" coveredconditionals="1" methods="1" coveredmethods="1"/>
        <line num="8" count="4" type="stmt"/>
        <line num="9" count="4" type="stmt"/>
        <line num="11" count="4" type="stmt"/>
        <line num="20" count="4" type="stmt"/>
        <line num="25" count="121" type="stmt"/>
        <line num="28" count="4" type="stmt"/>
        <line num="33" count="4" type="stmt"/>
      </file>
      <file name="index.ts" path="/home/circleci/project/packages/selection/src/index.ts">
        <metrics statements="3" coveredstatements="3" conditionals="0" coveredconditionals="0" methods="2" coveredmethods="2"/>
        <line num="9" count="4" type="stmt"/>
        <line num="10" count="61" type="stmt"/>
        <line num="18" count="43" type="stmt"/>
      </file>
      <file name="useSelection.ts" path="/home/circleci/project/packages/selection/src/useSelection.ts">
        <metrics statements="94" coveredstatements="92" conditionals="127" coveredconditionals="109" methods="12" coveredmethods="12"/>
        <line num="8" count="4" type="stmt"/>
        <line num="9" count="4" type="stmt"/>
        <line num="74" count="98" type="stmt"/>
        <line num="80" count="62" type="stmt"/>
        <line num="84" count="24" type="stmt"/>
        <line num="91" count="11" type="stmt"/>
        <line num="94" count="1" type="stmt"/>
        <line num="97" count="0" type="stmt"/>
        <line num="106" count="4" type="stmt"/>
        <line num="116" count="178" type="stmt"/>
        <line num="117" count="178" type="stmt"/>
        <line num="118" count="178" type="stmt"/>
        <line num="119" count="178" type="stmt"/>
        <line num="121" count="178" type="stmt"/>
        <line num="126" count="178" type="stmt"/>
        <line num="127" count="178" type="stmt"/>
        <line num="129" count="178" type="stmt"/>
        <line num="130" count="129" type="cond" truecount="2" falsecount="0"/>
        <line num="131" count="46" type="stmt"/>
        <line num="133" count="46" type="cond" truecount="2" falsecount="0"/>
        <line num="137" count="178" type="stmt"/>
        <line num="138" count="58" type="cond" truecount="4" falsecount="0"/>
        <line num="139" count="9" type="cond" truecount="2" falsecount="0"/>
        <line num="140" count="9" type="cond" truecount="1" falsecount="1"/>
        <line num="141" count="9" type="stmt"/>
        <line num="149" count="178" type="cond" truecount="1" falsecount="1"/>
        <line num="150" count="146" type="stmt"/>
        <line num="157" count="178" type="stmt"/>
        <line num="171" count="468" type="cond" truecount="2" falsecount="0"/>
        <line num="172" count="8" type="stmt"/>
        <line num="177" count="460" type="cond" truecount="2" falsecount="0"/>
        <line num="178" count="8" type="stmt"/>
        <line num="183" count="452" type="stmt"/>
        <line num="184" count="452" type="stmt"/>
        <line num="186" count="452" type="stmt"/>
        <line num="188" count="452" type="cond" truecount="2" falsecount="0"/>
        <line num="190" count="452" type="cond" truecount="4" falsecount="0"/>
        <line num="196" count="452" type="cond" truecount="2" falsecount="0"/>
        <line num="197" count="452" type="cond" truecount="2" falsecount="0"/>
        <line num="199" count="452" type="stmt"/>
        <line num="205" count="46" type="cond" truecount="2" falsecount="0"/>
        <line num="206" count="46" type="cond" truecount="1" falsecount="1"/>
        <line num="207" count="46" type="stmt"/>
        <line num="211" count="15" type="cond" truecount="2" falsecount="0"/>
        <line num="212" count="1" type="cond" truecount="1" falsecount="1"/>
        <line num="213" count="1" type="stmt"/>
        <line num="215" count="1" type="cond" truecount="1" falsecount="1"/>
        <line num="219" count="24" type="cond" truecount="2" falsecount="0"/>
        <line num="220" count="24" type="cond" truecount="1" falsecount="1"/>
        <line num="221" count="24" type="cond" truecount="1" falsecount="1"/>
        <line num="222" count="24" type="stmt"/>
        <line num="229" count="24" type="cond" truecount="1" falsecount="1"/>
        <line num="230" count="0" type="stmt"/>
        <line num="232" count="24" type="cond" truecount="2" falsecount="0"/>
        <line num="235" count="24" type="stmt"/>
        <line num="236" count="7" type="stmt"/>
        <line num="238" count="7" type="cond" truecount="2" falsecount="0"/>
        <line num="239" count="3" type="stmt"/>
        <line num="242" count="7" type="cond" truecount="2" falsecount="0"/>
        <line num="244" count="7" type="cond" truecount="1" falsecount="1"/>
        <line num="247" count="24" type="stmt"/>
        <line num="248" count="7" type="stmt"/>
        <line num="250" count="7" type="cond" truecount="2" falsecount="0"/>
        <line num="251" count="3" type="stmt"/>
        <line num="254" count="7" type="cond" truecount="2" falsecount="0"/>
        <line num="256" count="7" type="cond" truecount="1" falsecount="1"/>
        <line num="259" count="24" type="cond" truecount="4" falsecount="0"/>
        <line num="261" count="24" type="cond" truecount="2" falsecount="0"/>
        <line num="262" count="23" type="cond" truecount="2" falsecount="0"/>
        <line num="266" count="7" type="cond" truecount="4" falsecount="0"/>
        <line num="267" count="2" type="stmt"/>
        <line num="269" count="5" type="stmt"/>
        <line num="272" count="7" type="stmt"/>
        <line num="273" count="16" type="cond" truecount="2" falsecount="0"/>
        <line num="277" count="7" type="cond" truecount="4" falsecount="0"/>
        <line num="278" count="2" type="stmt"/>
        <line num="280" count="5" type="stmt"/>
        <line num="283" count="7" type="stmt"/>
        <line num="284" count="9" type="cond" truecount="2" falsecount="0"/>
        <line num="285" count="1" type="cond" truecount="1" falsecount="1"/>
        <line num="286" count="1" type="stmt"/>
        <line num="288" count="1" type="cond" truecount="1" falsecount="1"/>
        <line num="289" count="1" type="stmt"/>
        <line num="290" count="8" type="cond" truecount="2" falsecount="0"/>
        <line num="291" count="1" type="cond" truecount="1" falsecount="1"/>
        <line num="292" count="1" type="stmt"/>
        <line num="294" count="1" type="cond" truecount="1" falsecount="1"/>
        <line num="296" count="1" type="stmt"/>
        <line num="297" count="7" type="cond" truecount="4" falsecount="0"/>
        <line num="298" count="2" type="cond" truecount="1" falsecount="1"/>
        <line num="299" count="2" type="cond" truecount="1" falsecount="1"/>
        <line num="300" count="2" type="stmt"/>
        <line num="305" count="2" type="stmt"/>
        <line num="313" count="178" type="stmt"/>
      </file>
    </package>
    <package name="tabs.src">
      <metrics statements="32" coveredstatements="32" conditionals="18" coveredconditionals="14" methods="10" coveredmethods="9"/>
      <file name="TabsContainer.tsx" path="/home/circleci/project/packages/tabs/src/TabsContainer.tsx">
        <metrics statements="6" coveredstatements="6" conditionals="1" coveredconditionals="1" methods="1" coveredmethods="1"/>
        <line num="8" count="1" type="stmt"/>
        <line num="9" count="1" type="stmt"/>
        <line num="11" count="1" type="stmt"/>
        <line num="20" count="1" type="stmt"/>
        <line num="25" count="28" type="stmt"/>
        <line num="28" count="1" type="stmt"/>
      </file>
      <file name="index.ts" path="/home/circleci/project/packages/tabs/src/index.ts">
        <metrics statements="2" coveredstatements="2" conditionals="0" coveredconditionals="0" methods="2" coveredmethods="1"/>
        <line num="9" count="1" type="stmt"/>
        <line num="12" count="12" type="stmt"/>
      </file>
      <file name="useTabs.ts" path="/home/circleci/project/packages/tabs/src/useTabs.ts">
        <metrics statements="24" coveredstatements="24" conditionals="17" coveredconditionals="13" methods="7" coveredmethods="7"/>
        <line num="8" count="1" type="stmt"/>
        <line num="9" count="1" type="stmt"/>
        <line num="10" count="1" type="stmt"/>
        <line num="40" count="206" type="cond" truecount="4" falsecount="0"/>
        <line num="41" count="6" type="stmt"/>
        <line num="47" count="1" type="stmt"/>
        <line num="52" count="28" type="stmt"/>
        <line num="57" count="28" type="stmt"/>
        <line num="58" count="28" type="cond" truecount="2" falsecount="0"/>
        <line num="59" count="28" type="stmt"/>
        <line num="60" count="28" type="stmt"/>
        <line num="62" count="28" type="cond" truecount="1" falsecount="1"/>
        <line num="63" count="22" type="stmt"/>
        <line num="72" count="28" type="cond" truecount="2" falsecount="0"/>
        <line num="73" count="68" type="stmt"/>
        <line num="75" count="66" type="stmt"/>
        <line num="83" count="28" type="stmt"/>
        <line num="86" count="70" type="stmt"/>
        <line num="87" count="68" type="stmt"/>
        <line num="89" count="66" type="stmt"/>
        <line num="91" count="66" type="stmt"/>
        <line num="100" count="28" type="stmt"/>
        <line num="104" count="22" type="stmt"/>
        <line num="105" count="68" type="stmt"/>
      </file>
    </package>
    <package name="tooltip.src">
      <metrics statements="49" coveredstatements="47" conditionals="19" coveredconditionals="16" methods="21" coveredmethods="18"/>
      <file name="TooltipContainer.tsx" path="/home/circleci/project/packages/tooltip/src/TooltipContainer.tsx">
        <metrics statements="6" coveredstatements="6" conditionals="1" coveredconditionals="1" methods="1" coveredmethods="1"/>
        <line num="8" count="1" type="stmt"/>
        <line num="9" count="1" type="stmt"/>
        <line num="11" count="1" type="stmt"/>
        <line num="20" count="1" type="stmt"/>
        <line num="25" count="28" type="stmt"/>
        <line num="28" count="1" type="stmt"/>
      </file>
      <file name="index.ts" path="/home/circleci/project/packages/tooltip/src/index.ts">
        <metrics statements="2" coveredstatements="2" conditionals="0" coveredconditionals="0" methods="2" coveredmethods="1"/>
        <line num="9" count="1" type="stmt"/>
        <line num="12" count="16" type="stmt"/>
      </file>
      <file name="useTooltip.ts" path="/home/circleci/project/packages/tooltip/src/useTooltip.ts">
        <metrics statements="41" coveredstatements="39" conditionals="18" coveredconditionals="15" methods="18" coveredmethods="16"/>
        <line num="8" count="1" type="stmt"/>
        <line num="9" count="1" type="stmt"/>
        <line num="10" count="1" type="stmt"/>
        <line num="28" count="1" type="stmt"/>
        <line num="33" count="28" type="stmt"/>
        <line num="34" count="28" type="stmt"/>
        <line num="35" count="28" type="cond" truecount="1" falsecount="1"/>
        <line num="36" count="28" type="stmt"/>
        <line num="41" count="28" type="cond" truecount="1" falsecount="0"/>
        <line num="42" count="13" type="stmt"/>
        <line num="44" count="13" type="stmt"/>
        <line num="45" count="9" type="cond" truecount="1" falsecount="1"/>
        <line num="46" count="9" type="stmt"/>
        <line num="50" count="13" type="stmt"/>
        <line num="53" count="28" type="cond" truecount="1" falsecount="0"/>
        <line num="54" count="6" type="stmt"/>
        <line num="56" count="6" type="stmt"/>
        <line num="57" count="5" type="cond" truecount="2" falsecount="0"/>
        <line num="58" count="4" type="stmt"/>
        <line num="62" count="6" type="stmt"/>
        <line num="68" count="28" type="stmt"/>
        <line num="69" count="15" type="stmt"/>
        <line num="71" count="15" type="stmt"/>
        <line num="72" count="15" type="stmt"/>
        <line num="77" count="28" type="stmt"/>
        <line num="78" count="15" type="stmt"/>
        <line num="79" count="15" type="stmt"/>
        <line num="80" count="15" type="stmt"/>
        <line num="84" count="28" type="stmt"/>
        <line num="87" count="28" type="stmt"/>
        <line num="89" count="8" type="stmt"/>
        <line num="90" count="4" type="stmt"/>
        <line num="91" count="5" type="stmt"/>
        <line num="93" count="1" type="stmt"/>
        <line num="95" count="3" type="cond" truecount="4" falsecount="0"/>
        <line num="96" count="1" type="stmt"/>
        <line num="106" count="28" type="stmt"/>
        <line num="109" count="28" type="stmt"/>
        <line num="111" count="0" type="stmt"/>
        <line num="112" count="0" type="stmt"/>
        <line num="119" count="28" type="stmt"/>
      </file>
    </package>
    <package name="utilities.src">
      <metrics statements="5" coveredstatements="5" conditionals="0" coveredconditionals="0" methods="6" coveredmethods="3"/>
      <file name="index.ts" path="/home/circleci/project/packages/utilities/src/index.ts">
        <metrics statements="5" coveredstatements="5" conditionals="0" coveredconditionals="0" methods="6" coveredmethods="3"/>
        <line num="8" count="2047" type="stmt"/>
        <line num="9" count="9" type="stmt"/>
        <line num="10" count="424" type="stmt"/>
        <line num="11" count="9" type="stmt"/>
        <line num="12" count="173" type="stmt"/>
      </file>
    </package>
    <package name="utilities.src.utils">
      <metrics statements="26" coveredstatements="26" conditionals="11" coveredconditionals="11" methods="9" coveredmethods="9"/>
      <file name="IdManager.ts" path="/home/circleci/project/packages/utilities/src/utils/IdManager.ts">
        <metrics statements="5" coveredstatements="5" conditionals="1" coveredconditionals="1" methods="2" coveredmethods="2"/>
        <line num="8" count="10" type="stmt"/>
        <line num="15" count="10" type="cond" truecount="1" falsecount="0"/>
        <line num="16" count="3" type="stmt"/>
        <line num="23" count="10" type="stmt"/>
        <line num="24" count="4" type="stmt"/>
      </file>
      <file name="KEY_CODES.ts" path="/home/circleci/project/packages/utilities/src/utils/KEY_CODES.ts">
        <metrics statements="1" coveredstatements="1" conditionals="0" coveredconditionals="0" methods="0" coveredmethods="0"/>
        <line num="14" count="9" type="stmt"/>
      </file>
      <file name="composeEventHandlers.ts" path="/home/circleci/project/packages/utilities/src/utils/composeEventHandlers.ts">
        <metrics statements="5" coveredstatements="5" conditionals="4" coveredconditionals="4" methods="3" coveredmethods="3"/>
        <line num="26" count="10" type="stmt"/>
        <line num="27" count="2040" type="stmt"/>
        <line num="28" count="169" type="stmt"/>
        <line num="29" count="337" type="cond" truecount="2" falsecount="0"/>
        <line num="31" count="336" type="cond" truecount="2" falsecount="0"/>
      </file>
      <file name="getControlledValue.ts" path="/home/circleci/project/packages/utilities/src/utils/getControlledValue.ts">
        <metrics statements="5" coveredstatements="5" conditionals="2" coveredconditionals="2" methods="1" coveredmethods="1"/>
        <line num="11" count="10" type="stmt"/>
        <line num="12" count="417" type="stmt"/>
        <line num="13" count="831" type="cond" truecount="2" falsecount="0"/>
        <line num="14" count="184" type="stmt"/>
        <line num="18" count="233" type="stmt"/>
      </file>
      <file name="useCombinedRefs.ts" path="/home/circleci/project/packages/utilities/src/utils/useCombinedRefs.ts">
        <metrics statements="10" coveredstatements="10" conditionals="4" coveredconditionals="4" methods="3" coveredmethods="3"/>
        <line num="8" count="10" type="stmt"/>
        <line num="16" count="10" type="stmt"/>
        <line num="17" count="3" type="stmt"/>
        <line num="19" count="3" type="stmt"/>
        <line num="20" count="3" type="stmt"/>
        <line num="21" count="3" type="cond" truecount="2" falsecount="0"/>
        <line num="23" count="2" type="cond" truecount="2" falsecount="0"/>
        <line num="24" count="1" type="stmt"/>
        <line num="26" count="1" type="stmt"/>
        <line num="36" count="3" type="stmt"/>
      </file>
    </package>
  </project>
</coverage>
