{"/home/circleci/project/packages/accordion/src/AccordionContainer.tsx": {"path":"/home/circleci/project/packages/accordion/src/AccordionContainer.tsx","statementMap":{"0":{"start":{"line":8,"column":0},"end":{"line":8,"column":26}},"1":{"start":{"line":9,"column":0},"end":{"line":9,"column":35}},"2":{"start":{"line":11,"column":0},"end":{"line":11,"column":92}},"3":{"start":{"line":20,"column":85},"end":{"line":24,"column":1}},"4":{"start":{"line":21,"column":54},"end":{"line":21,"column":59}},"5":{"start":{"line":23,"column":2},"end":{"line":23,"column":69}},"6":{"start":{"line":20,"column":13},"end":{"line":20,"column":85}},"7":{"start":{"line":26,"column":0},"end":{"line":29,"column":2}},"8":{"start":{"line":31,"column":0},"end":{"line":38,"column":2}}},"fnMap":{"0":{"name":"(anonymous_1)","decl":{"start":{"line":20,"column":85},"end":{"line":20,"column":90}},"loc":{"start":{"line":20,"column":93},"end":{"line":24,"column":1}}}},"branchMap":{"0":{"loc":{"start":{"line":21,"column":29},"end":{"line":21,"column":37}},"type":"default-arg","locations":[{"start":{"line":21,"column":29},"end":{"line":21,"column":37}}]}},"s":{"0":1,"1":1,"2":1,"3":1,"4":60,"5":59,"6":1,"7":1,"8":1},"f":{"0":60},"b":{"0":[59]}}
,"/home/circleci/project/packages/accordion/src/index.ts": {"path":"/home/circleci/project/packages/accordion/src/index.ts","statementMap":{"0":{"start":{"line":9,"column":0},"end":{"line":9,"column":null}},"1":{"start":{"line":10,"column":2},"end":{"line":10,"column":null}},"2":{"start":{"line":17,"column":0},"end":{"line":17,"column":9}},"3":{"start":{"line":17,"column":9},"end":{"line":17,"column":84}}},"fnMap":{"0":{"name":"(anonymous_0)","decl":{"start":{"line":10,"column":2},"end":{"line":10,"column":14}},"loc":{"start":{"line":10,"column":2},"end":{"line":10,"column":null}}},"1":{"name":"(anonymous_1)","decl":{"start":{"line":17,"column":9},"end":{"line":17,"column":27}},"loc":{"start":{"line":17,"column":9},"end":{"line":17,"column":84}}}},"branchMap":{},"s":{"0":1,"1":1,"2":1,"3":39},"f":{"0":0,"1":38},"b":{}}
,"/home/circleci/project/packages/accordion/src/useAccordion.ts": {"path":"/home/circleci/project/packages/accordion/src/useAccordion.ts","statementMap":{"0":{"start":{"line":8,"column":0},"end":{"line":8,"column":44}},"1":{"start":{"line":9,"column":0},"end":{"line":9,"column":39}},"2":{"start":{"line":10,"column":0},"end":{"line":10,"column":null}},"3":{"start":{"line":62,"column":23},"end":{"line":62,"column":82}},"4":{"start":{"line":63,"column":15},"end":{"line":63,"column":27}},"5":{"start":{"line":64,"column":19},"end":{"line":64,"column":85}},"6":{"start":{"line":65,"column":21},"end":{"line":65,"column":41}},"7":{"start":{"line":66,"column":19},"end":{"line":66,"column":37}},"8":{"start":{"line":67,"column":44},"end":{"line":67,"column":67}},"9":{"start":{"line":69,"column":34},"end":{"line":69,"column":86}},"10":{"start":{"line":71,"column":44},"end":{"line":71,"column":86}},"11":{"start":{"line":73,"column":35},"end":{"line":73,"column":37}},"12":{"start":{"line":74,"column":17},"end":{"line":105,"column":3}},"13":{"start":{"line":75,"column":31},"end":{"line":75,"column":33}},"14":{"start":{"line":76,"column":31},"end":{"line":76,"column":33}},"15":{"start":{"line":78,"column":4},"end":{"line":94,"column":7}},"16":{"start":{"line":79,"column":23},"end":{"line":79,"column":28}},"17":{"start":{"line":81,"column":6},"end":{"line":85,"column":null}},"18":{"start":{"line":82,"column":8},"end":{"line":82,"column":85}},"19":{"start":{"line":83,"column":13},"end":{"line":85,"column":null}},"20":{"start":{"line":84,"column":8},"end":{"line":84,"column":64}},"21":{"start":{"line":87,"column":6},"end":{"line":93,"column":null}},"22":{"start":{"line":88,"column":8},"end":{"line":88,"column":36}},"23":{"start":{"line":90,"column":8},"end":{"line":92,"column":null}},"24":{"start":{"line":91,"column":10},"end":{"line":91,"column":38}},"25":{"start":{"line":96,"column":4},"end":{"line":98,"column":null}},"26":{"start":{"line":97,"column":6},"end":{"line":97,"column":22}},"27":{"start":{"line":100,"column":4},"end":{"line":102,"column":null}},"28":{"start":{"line":101,"column":6},"end":{"line":101,"column":33}},"29":{"start":{"line":104,"column":4},"end":{"line":104,"column":31}},"30":{"start":{"line":107,"column":25},"end":{"line":121,"column":3}},"31":{"start":{"line":108,"column":4},"end":{"line":112,"column":null}},"32":{"start":{"line":109,"column":6},"end":{"line":111,"column":8}},"33":{"start":{"line":114,"column":4},"end":{"line":120,"column":6}},"34":{"start":{"line":123,"column":26},"end":{"line":155,"column":3}},"35":{"start":{"line":129,"column":4},"end":{"line":133,"column":null}},"36":{"start":{"line":130,"column":6},"end":{"line":132,"column":8}},"37":{"start":{"line":135,"column":4},"end":{"line":135,"column":31}},"38":{"start":{"line":137,"column":4},"end":{"line":154,"column":6}},"39":{"start":{"line":146,"column":57},"end":{"line":146,"column":70}},"40":{"start":{"line":148,"column":8},"end":{"line":151,"column":null}},"41":{"start":{"line":149,"column":10},"end":{"line":149,"column":24}},"42":{"start":{"line":150,"column":10},"end":{"line":150,"column":33}},"43":{"start":{"line":157,"column":24},"end":{"line":173,"column":3}},"44":{"start":{"line":158,"column":4},"end":{"line":162,"column":null}},"45":{"start":{"line":159,"column":6},"end":{"line":161,"column":8}},"46":{"start":{"line":164,"column":4},"end":{"line":172,"column":6}},"47":{"start":{"line":175,"column":2},"end":{"line":181,"column":4}},"48":{"start":{"line":55,"column":0},"end":{"line":55,"column":16}}},"fnMap":{"0":{"name":"useAccordion","decl":{"start":{"line":55,"column":16},"end":{"line":55,"column":28}},"loc":{"start":{"line":61,"column":26},"end":{"line":182,"column":1}}},"1":{"name":"(anonymous_1)","decl":{"start":{"line":74,"column":17},"end":{"line":74,"column":18}},"loc":{"start":{"line":74,"column":35},"end":{"line":105,"column":3}}},"2":{"name":"(anonymous_2)","decl":{"start":{"line":78,"column":27},"end":{"line":78,"column":39}},"loc":{"start":{"line":78,"column":42},"end":{"line":94,"column":5}}},"3":{"name":"(anonymous_3)","decl":{"start":{"line":107,"column":25},"end":{"line":107,"column":26}},"loc":{"start":{"line":107,"column":90},"end":{"line":121,"column":3}}},"4":{"name":"(anonymous_4)","decl":{"start":{"line":123,"column":26},"end":{"line":123,"column":27}},"loc":{"start":{"line":128,"column":27},"end":{"line":155,"column":3}}},"5":{"name":"(anonymous_5)","decl":{"start":{"line":146,"column":51},"end":{"line":146,"column":54}},"loc":{"start":{"line":146,"column":57},"end":{"line":146,"column":70}}},"6":{"name":"(anonymous_6)","decl":{"start":{"line":147,"column":55},"end":{"line":147,"column":56}},"loc":{"start":{"line":147,"column":80},"end":{"line":152,"column":7}}},"7":{"name":"(anonymous_7)","decl":{"start":{"line":157,"column":24},"end":{"line":157,"column":25}},"loc":{"start":{"line":157,"column":83},"end":{"line":173,"column":3}}}},"branchMap":{"0":{"loc":{"start":{"line":61,"column":24},"end":{"line":61,"column":26}},"type":"default-arg","locations":[{"start":{"line":61,"column":24},"end":{"line":61,"column":26}}]},"1":{"loc":{"start":{"line":59,"column":15},"end":{"line":59,"column":19}},"type":"default-arg","locations":[{"start":{"line":59,"column":15},"end":{"line":59,"column":19}}]},"2":{"loc":{"start":{"line":60,"column":16},"end":{"line":60,"column":20}},"type":"default-arg","locations":[{"start":{"line":60,"column":16},"end":{"line":60,"column":20}}]},"3":{"loc":{"start":{"line":62,"column":23},"end":{"line":62,"column":48}},"type":"binary-expr","locations":[{"start":{"line":62,"column":23},"end":{"line":62,"column":48}},{"start":{"line":62,"column":52},"end":{"line":62,"column":82}}]},"4":{"loc":{"start":{"line":64,"column":36},"end":{"line":64,"column":44}},"type":"binary-expr","locations":[{"start":{"line":64,"column":36},"end":{"line":64,"column":44}},{"start":{"line":64,"column":48},"end":{"line":64,"column":84}}]},"5":{"loc":{"start":{"line":71,"column":67},"end":{"line":71,"column":69}},"type":"cond-expr","locations":[{"start":{"line":71,"column":67},"end":{"line":71,"column":69}},{"start":{"line":71,"column":72},"end":{"line":71,"column":85}}]},"6":{"loc":{"start":{"line":81,"column":6},"end":{"line":85,"column":null}},"type":"if","locations":[{"start":{"line":81,"column":6},"end":{"line":85,"column":null}},{"start":{"line":81,"column":6},"end":{"line":85,"column":null}}]},"7":{"loc":{"start":{"line":82,"column":35},"end":{"line":82,"column":77}},"type":"cond-expr","locations":[{"start":{"line":82,"column":35},"end":{"line":82,"column":77}},{"start":{"line":82,"column":80},"end":{"line":82,"column":84}}]},"8":{"loc":{"start":{"line":83,"column":13},"end":{"line":85,"column":null}},"type":"if","locations":[{"start":{"line":83,"column":13},"end":{"line":85,"column":null}},{"start":{"line":83,"column":13},"end":{"line":85,"column":null}}]},"9":{"loc":{"start":{"line":87,"column":6},"end":{"line":93,"column":null}},"type":"if","locations":[{"start":{"line":87,"column":6},"end":{"line":93,"column":null}},{"start":{"line":87,"column":6},"end":{"line":93,"column":null}}]},"10":{"loc":{"start":{"line":90,"column":8},"end":{"line":92,"column":null}},"type":"if","locations":[{"start":{"line":90,"column":8},"end":{"line":92,"column":null}},{"start":{"line":90,"column":8},"end":{"line":92,"column":null}}]},"11":{"loc":{"start":{"line":96,"column":4},"end":{"line":98,"column":null}},"type":"if","locations":[{"start":{"line":96,"column":4},"end":{"line":98,"column":null}},{"start":{"line":96,"column":4},"end":{"line":98,"column":null}}]},"12":{"loc":{"start":{"line":100,"column":4},"end":{"line":102,"column":null}},"type":"if","locations":[{"start":{"line":100,"column":4},"end":{"line":102,"column":null}},{"start":{"line":100,"column":4},"end":{"line":102,"column":null}}]},"13":{"loc":{"start":{"line":107,"column":84},"end":{"line":107,"column":86}},"type":"default-arg","locations":[{"start":{"line":107,"column":84},"end":{"line":107,"column":86}}]},"14":{"loc":{"start":{"line":107,"column":35},"end":{"line":107,"column":44}},"type":"default-arg","locations":[{"start":{"line":107,"column":35},"end":{"line":107,"column":44}}]},"15":{"loc":{"start":{"line":108,"column":4},"end":{"line":112,"column":null}},"type":"if","locations":[{"start":{"line":108,"column":4},"end":{"line":112,"column":null}},{"start":{"line":108,"column":4},"end":{"line":112,"column":null}}]},"16":{"loc":{"start":{"line":128,"column":21},"end":{"line":128,"column":23}},"type":"default-arg","locations":[{"start":{"line":128,"column":21},"end":{"line":128,"column":23}}]},"17":{"loc":{"start":{"line":125,"column":11},"end":{"line":125,"column":19}},"type":"default-arg","locations":[{"start":{"line":125,"column":11},"end":{"line":125,"column":19}}]},"18":{"loc":{"start":{"line":126,"column":15},"end":{"line":126,"column":16}},"type":"default-arg","locations":[{"start":{"line":126,"column":15},"end":{"line":126,"column":16}}]},"19":{"loc":{"start":{"line":129,"column":4},"end":{"line":133,"column":null}},"type":"if","locations":[{"start":{"line":129,"column":4},"end":{"line":133,"column":null}},{"start":{"line":129,"column":4},"end":{"line":133,"column":null}}]},"20":{"loc":{"start":{"line":144,"column":10},"end":{"line":144,"column":49}},"type":"cond-expr","locations":[{"start":{"line":144,"column":10},"end":{"line":144,"column":49}},{"start":{"line":145,"column":10},"end":{"line":145,"column":39}}]},"21":{"loc":{"start":{"line":148,"column":8},"end":{"line":151,"column":null}},"type":"if","locations":[{"start":{"line":148,"column":8},"end":{"line":151,"column":null}},{"start":{"line":148,"column":8},"end":{"line":151,"column":null}}]},"22":{"loc":{"start":{"line":148,"column":12},"end":{"line":148,"column":45}},"type":"binary-expr","locations":[{"start":{"line":148,"column":12},"end":{"line":148,"column":45}},{"start":{"line":148,"column":49},"end":{"line":148,"column":82}}]},"23":{"loc":{"start":{"line":157,"column":77},"end":{"line":157,"column":79}},"type":"default-arg","locations":[{"start":{"line":157,"column":77},"end":{"line":157,"column":79}}]},"24":{"loc":{"start":{"line":157,"column":41},"end":{"line":157,"column":49}},"type":"default-arg","locations":[{"start":{"line":157,"column":41},"end":{"line":157,"column":49}}]},"25":{"loc":{"start":{"line":158,"column":4},"end":{"line":162,"column":null}},"type":"if","locations":[{"start":{"line":158,"column":4},"end":{"line":162,"column":null}},{"start":{"line":158,"column":4},"end":{"line":162,"column":null}}]},"26":{"loc":{"start":{"line":168,"column":10},"end":{"line":168,"column":50}},"type":"cond-expr","locations":[{"start":{"line":168,"column":10},"end":{"line":168,"column":50}},{"start":{"line":169,"column":10},"end":{"line":169,"column":40}}]}},"s":{"0":1,"1":1,"2":1,"3":59,"4":59,"5":59,"6":59,"7":59,"8":59,"9":59,"10":59,"11":59,"12":59,"13":18,"14":18,"15":18,"16":54,"17":54,"18":18,"19":36,"20":24,"21":54,"22":26,"23":26,"24":17,"25":18,"26":1,"27":18,"28":18,"29":18,"30":59,"31":158,"32":2,"33":156,"34":59,"35":158,"36":2,"37":156,"38":156,"39":14,"40":6,"41":4,"42":4,"43":59,"44":158,"45":2,"46":156,"47":59,"48":1},"f":{"0":59,"1":18,"2":54,"3":158,"4":158,"5":14,"6":6,"7":158},"b":{"0":[0],"1":[0],"2":[0],"3":[59,59],"4":[59,12],"5":[39,20],"6":[18,36],"7":[6,12],"8":[24,12],"9":[26,28],"10":[17,9],"11":[1,17],"12":[18,0],"13":[2],"14":[143],"15":[2,156],"16":[2],"17":[143],"18":[143],"19":[2,156],"20":[9,147],"21":[4,2],"22":[6,4],"23":[2],"24":[143],"25":[2,156],"26":[9,147]}}
,"/home/circleci/project/packages/breadcrumb/src/BreadcrumbContainer.tsx": {"path":"/home/circleci/project/packages/breadcrumb/src/BreadcrumbContainer.tsx","statementMap":{"0":{"start":{"line":8,"column":0},"end":{"line":8,"column":26}},"1":{"start":{"line":9,"column":0},"end":{"line":9,"column":35}},"2":{"start":{"line":11,"column":0},"end":{"line":11,"column":75}},"3":{"start":{"line":20,"column":87},"end":{"line":25,"column":1}},"4":{"start":{"line":24,"column":2},"end":{"line":24,"column":63}},"5":{"start":{"line":20,"column":13},"end":{"line":20,"column":87}},"6":{"start":{"line":27,"column":0},"end":{"line":30,"column":2}}},"fnMap":{"0":{"name":"(anonymous_1)","decl":{"start":{"line":20,"column":87},"end":{"line":20,"column":88}},"loc":{"start":{"line":23,"column":5},"end":{"line":25,"column":1}}}},"branchMap":{"0":{"loc":{"start":{"line":22,"column":11},"end":{"line":22,"column":19}},"type":"default-arg","locations":[{"start":{"line":22,"column":11},"end":{"line":22,"column":19}}]}},"s":{"0":1,"1":1,"2":1,"3":1,"4":2,"5":1,"6":1},"f":{"0":2},"b":{"0":[2]}}
,"/home/circleci/project/packages/breadcrumb/src/index.ts": {"path":"/home/circleci/project/packages/breadcrumb/src/index.ts","statementMap":{"0":{"start":{"line":10,"column":0},"end":{"line":10,"column":9}},"1":{"start":{"line":10,"column":9},"end":{"line":10,"column":75}},"2":{"start":{"line":13,"column":0},"end":{"line":13,"column":9}},"3":{"start":{"line":13,"column":9},"end":{"line":13,"column":87}}},"fnMap":{"0":{"name":"(anonymous_0)","decl":{"start":{"line":10,"column":9},"end":{"line":10,"column":22}},"loc":{"start":{"line":10,"column":9},"end":{"line":10,"column":75}}},"1":{"name":"(anonymous_1)","decl":{"start":{"line":13,"column":9},"end":{"line":13,"column":28}},"loc":{"start":{"line":13,"column":9},"end":{"line":13,"column":87}}}},"branchMap":{},"s":{"0":1,"1":1,"2":1,"3":3},"f":{"0":0,"1":2},"b":{}}
,"/home/circleci/project/packages/breadcrumb/src/useBreadcrumb.ts": {"path":"/home/circleci/project/packages/breadcrumb/src/useBreadcrumb.ts","statementMap":{"0":{"start":{"line":14,"column":28},"end":{"line":24,"column":3}},"1":{"start":{"line":17,"column":4},"end":{"line":23,"column":6}},"2":{"start":{"line":26,"column":30},"end":{"line":31,"column":3}},"3":{"start":{"line":27,"column":4},"end":{"line":30,"column":6}},"4":{"start":{"line":33,"column":2},"end":{"line":36,"column":4}},"5":{"start":{"line":13,"column":0},"end":{"line":13,"column":16}}},"fnMap":{"0":{"name":"useBreadcrumb","decl":{"start":{"line":13,"column":16},"end":{"line":13,"column":29}},"loc":{"start":{"line":13,"column":29},"end":{"line":37,"column":1}}},"1":{"name":"(anonymous_1)","decl":{"start":{"line":14,"column":28},"end":{"line":14,"column":null}},"loc":{"start":{"line":16,"column":11},"end":{"line":24,"column":3}}},"2":{"name":"(anonymous_2)","decl":{"start":{"line":26,"column":30},"end":{"line":26,"column":31}},"loc":{"start":{"line":26,"column":72},"end":{"line":31,"column":3}}}},"branchMap":{"0":{"loc":{"start":{"line":15,"column":62},"end":{"line":15,"column":71}},"type":"default-arg","locations":[{"start":{"line":15,"column":62},"end":{"line":15,"column":71}}]},"1":{"loc":{"start":{"line":15,"column":13},"end":{"line":15,"column":25}},"type":"default-arg","locations":[{"start":{"line":15,"column":13},"end":{"line":15,"column":25}}]},"2":{"loc":{"start":{"line":26,"column":61},"end":{"line":26,"column":63}},"type":"default-arg","locations":[{"start":{"line":26,"column":61},"end":{"line":26,"column":63}}]}},"s":{"0":2,"1":2,"2":2,"3":2,"4":2,"5":1},"f":{"0":2,"1":2,"2":2},"b":{"0":[0],"1":[2],"2":[0]}}
,"/home/circleci/project/packages/buttongroup/src/ButtonGroupContainer.tsx": {"path":"/home/circleci/project/packages/buttongroup/src/ButtonGroupContainer.tsx","statementMap":{"0":{"start":{"line":8,"column":0},"end":{"line":8,"column":26}},"1":{"start":{"line":9,"column":0},"end":{"line":9,"column":35}},"2":{"start":{"line":11,"column":0},"end":{"line":11,"column":99}},"3":{"start":{"line":20,"column":94},"end":{"line":26,"column":1}},"4":{"start":{"line":25,"column":2},"end":{"line":25,"column":71}},"5":{"start":{"line":20,"column":13},"end":{"line":20,"column":94}},"6":{"start":{"line":28,"column":0},"end":{"line":35,"column":2}}},"fnMap":{"0":{"name":"(anonymous_1)","decl":{"start":{"line":20,"column":94},"end":{"line":20,"column":95}},"loc":{"start":{"line":24,"column":5},"end":{"line":26,"column":1}}}},"branchMap":{"0":{"loc":{"start":{"line":22,"column":11},"end":{"line":22,"column":19}},"type":"default-arg","locations":[{"start":{"line":22,"column":11},"end":{"line":22,"column":19}}]}},"s":{"0":1,"1":1,"2":1,"3":1,"4":7,"5":1,"6":1},"f":{"0":7},"b":{"0":[7]}}
,"/home/circleci/project/packages/buttongroup/src/index.ts": {"path":"/home/circleci/project/packages/buttongroup/src/index.ts","statementMap":{"0":{"start":{"line":9,"column":0},"end":{"line":9,"column":null}},"1":{"start":{"line":10,"column":2},"end":{"line":10,"column":null}},"2":{"start":{"line":17,"column":0},"end":{"line":17,"column":9}},"3":{"start":{"line":17,"column":9},"end":{"line":17,"column":90}}},"fnMap":{"0":{"name":"(anonymous_0)","decl":{"start":{"line":10,"column":2},"end":{"line":10,"column":16}},"loc":{"start":{"line":10,"column":2},"end":{"line":10,"column":null}}},"1":{"name":"(anonymous_1)","decl":{"start":{"line":17,"column":9},"end":{"line":17,"column":29}},"loc":{"start":{"line":17,"column":9},"end":{"line":17,"column":90}}}},"branchMap":{},"s":{"0":1,"1":1,"2":1,"3":6},"f":{"0":0,"1":5},"b":{}}
,"/home/circleci/project/packages/buttongroup/src/useButtonGroup.ts": {"path":"/home/circleci/project/packages/buttongroup/src/useButtonGroup.ts","statementMap":{"0":{"start":{"line":8,"column":0},"end":{"line":8,"column":null}},"1":{"start":{"line":33,"column":4},"end":{"line":33,"column":31}},"2":{"start":{"line":35,"column":24},"end":{"line":42,"column":3}},"3":{"start":{"line":36,"column":4},"end":{"line":41,"column":6}},"4":{"start":{"line":44,"column":25},"end":{"line":50,"column":3}},"5":{"start":{"line":45,"column":4},"end":{"line":49,"column":6}},"6":{"start":{"line":52,"column":2},"end":{"line":57,"column":4}},"7":{"start":{"line":55,"column":28},"end":{"line":55,"column":74}},"8":{"start":{"line":56,"column":29},"end":{"line":56,"column":89}},"9":{"start":{"line":29,"column":0},"end":{"line":29,"column":16}}},"fnMap":{"0":{"name":"useButtonGroup","decl":{"start":{"line":29,"column":16},"end":{"line":29,"column":30}},"loc":{"start":{"line":30,"column":37},"end":{"line":58,"column":1}}},"1":{"name":"(anonymous_1)","decl":{"start":{"line":35,"column":24},"end":{"line":35,"column":25}},"loc":{"start":{"line":35,"column":62},"end":{"line":42,"column":3}}},"2":{"name":"(anonymous_2)","decl":{"start":{"line":44,"column":25},"end":{"line":44,"column":26}},"loc":{"start":{"line":44,"column":98},"end":{"line":50,"column":3}}},"3":{"name":"(anonymous_3)","decl":{"start":{"line":55,"column":19},"end":{"line":55,"column":24}},"loc":{"start":{"line":55,"column":28},"end":{"line":55,"column":74}}},"4":{"name":"(anonymous_4)","decl":{"start":{"line":56,"column":20},"end":{"line":56,"column":25}},"loc":{"start":{"line":56,"column":29},"end":{"line":56,"column":89}}}},"branchMap":{"0":{"loc":{"start":{"line":35,"column":56},"end":{"line":35,"column":58}},"type":"default-arg","locations":[{"start":{"line":35,"column":56},"end":{"line":35,"column":58}}]},"1":{"loc":{"start":{"line":35,"column":34},"end":{"line":35,"column":41}},"type":"default-arg","locations":[{"start":{"line":35,"column":34},"end":{"line":35,"column":41}}]},"2":{"loc":{"start":{"line":44,"column":92},"end":{"line":44,"column":94}},"type":"default-arg","locations":[{"start":{"line":44,"column":92},"end":{"line":44,"column":94}}]},"3":{"loc":{"start":{"line":44,"column":35},"end":{"line":44,"column":43}},"type":"default-arg","locations":[{"start":{"line":44,"column":35},"end":{"line":44,"column":43}}]},"4":{"loc":{"start":{"line":44,"column":63},"end":{"line":44,"column":77}},"type":"default-arg","locations":[{"start":{"line":44,"column":63},"end":{"line":44,"column":77}}]}},"s":{"0":1,"1":7,"2":7,"3":7,"4":7,"5":21,"6":7,"7":7,"8":21,"9":1},"f":{"0":7,"1":7,"2":21,"3":7,"4":21},"b":{"0":[0],"1":[7],"2":[0],"3":[21],"4":[21]}}
,"/home/circleci/project/packages/field/src/FieldContainer.tsx": {"path":"/home/circleci/project/packages/field/src/FieldContainer.tsx","statementMap":{"0":{"start":{"line":8,"column":0},"end":{"line":8,"column":26}},"1":{"start":{"line":9,"column":0},"end":{"line":9,"column":35}},"2":{"start":{"line":11,"column":0},"end":{"line":11,"column":60}},"3":{"start":{"line":22,"column":77},"end":{"line":28,"column":1}},"4":{"start":{"line":27,"column":2},"end":{"line":27,"column":60}},"5":{"start":{"line":22,"column":13},"end":{"line":22,"column":77}},"6":{"start":{"line":30,"column":0},"end":{"line":34,"column":2}}},"fnMap":{"0":{"name":"(anonymous_1)","decl":{"start":{"line":22,"column":77},"end":{"line":22,"column":78}},"loc":{"start":{"line":26,"column":5},"end":{"line":28,"column":1}}}},"branchMap":{"0":{"loc":{"start":{"line":24,"column":11},"end":{"line":24,"column":19}},"type":"default-arg","locations":[{"start":{"line":24,"column":11},"end":{"line":24,"column":19}}]}},"s":{"0":1,"1":1,"2":1,"3":1,"4":4,"5":1,"6":1},"f":{"0":4},"b":{"0":[4]}}
,"/home/circleci/project/packages/field/src/index.ts": {"path":"/home/circleci/project/packages/field/src/index.ts","statementMap":{"0":{"start":{"line":9,"column":0},"end":{"line":9,"column":9}},"1":{"start":{"line":9,"column":9},"end":{"line":9,"column":60}},"2":{"start":{"line":12,"column":0},"end":{"line":12,"column":9}},"3":{"start":{"line":12,"column":9},"end":{"line":12,"column":72}}},"fnMap":{"0":{"name":"(anonymous_0)","decl":{"start":{"line":9,"column":9},"end":{"line":9,"column":17}},"loc":{"start":{"line":9,"column":9},"end":{"line":9,"column":60}}},"1":{"name":"(anonymous_1)","decl":{"start":{"line":12,"column":9},"end":{"line":12,"column":23}},"loc":{"start":{"line":12,"column":9},"end":{"line":12,"column":72}}}},"branchMap":{},"s":{"0":1,"1":1,"2":1,"3":5},"f":{"0":0,"1":4},"b":{}}
,"/home/circleci/project/packages/field/src/useField.ts": {"path":"/home/circleci/project/packages/field/src/useField.ts","statementMap":{"0":{"start":{"line":8,"column":0},"end":{"line":8,"column":33}},"1":{"start":{"line":9,"column":0},"end":{"line":9,"column":39}},"2":{"start":{"line":21,"column":15},"end":{"line":21,"column":27}},"3":{"start":{"line":22,"column":19},"end":{"line":22,"column":73}},"4":{"start":{"line":23,"column":18},"end":{"line":23,"column":36}},"5":{"start":{"line":24,"column":18},"end":{"line":24,"column":36}},"6":{"start":{"line":25,"column":17},"end":{"line":25,"column":34}},"7":{"start":{"line":27,"column":24},"end":{"line":35,"column":3}},"8":{"start":{"line":28,"column":4},"end":{"line":34,"column":13}},"9":{"start":{"line":37,"column":24},"end":{"line":44,"column":3}},"10":{"start":{"line":38,"column":4},"end":{"line":43,"column":13}},"11":{"start":{"line":46,"column":23},"end":{"line":51,"column":3}},"12":{"start":{"line":47,"column":4},"end":{"line":50,"column":13}},"13":{"start":{"line":53,"column":2},"end":{"line":57,"column":4}},"14":{"start":{"line":20,"column":0},"end":{"line":20,"column":16}}},"fnMap":{"0":{"name":"useField","decl":{"start":{"line":20,"column":16},"end":{"line":20,"column":24}},"loc":{"start":{"line":20,"column":42},"end":{"line":58,"column":1}}},"1":{"name":"(anonymous_1)","decl":{"start":{"line":27,"column":24},"end":{"line":27,"column":25}},"loc":{"start":{"line":27,"column":79},"end":{"line":35,"column":3}}},"2":{"name":"(anonymous_2)","decl":{"start":{"line":37,"column":24},"end":{"line":37,"column":25}},"loc":{"start":{"line":37,"column":90},"end":{"line":44,"column":3}}},"3":{"name":"(anonymous_3)","decl":{"start":{"line":46,"column":23},"end":{"line":46,"column":24}},"loc":{"start":{"line":46,"column":58},"end":{"line":51,"column":3}}}},"branchMap":{"0":{"loc":{"start":{"line":22,"column":28},"end":{"line":22,"column":36}},"type":"binary-expr","locations":[{"start":{"line":22,"column":28},"end":{"line":22,"column":36}},{"start":{"line":22,"column":40},"end":{"line":22,"column":72}}]},"1":{"loc":{"start":{"line":27,"column":73},"end":{"line":27,"column":75}},"type":"default-arg","locations":[{"start":{"line":27,"column":73},"end":{"line":27,"column":75}}]},"2":{"loc":{"start":{"line":27,"column":32},"end":{"line":27,"column":39}},"type":"default-arg","locations":[{"start":{"line":27,"column":32},"end":{"line":27,"column":39}}]},"3":{"loc":{"start":{"line":27,"column":51},"end":{"line":27,"column":58}},"type":"default-arg","locations":[{"start":{"line":27,"column":51},"end":{"line":27,"column":58}}]},"4":{"loc":{"start":{"line":37,"column":54},"end":{"line":37,"column":56}},"type":"default-arg","locations":[{"start":{"line":37,"column":54},"end":{"line":37,"column":56}}]},"5":{"loc":{"start":{"line":37,"column":32},"end":{"line":37,"column":39}},"type":"default-arg","locations":[{"start":{"line":37,"column":32},"end":{"line":37,"column":39}}]},"6":{"loc":{"start":{"line":37,"column":84},"end":{"line":37,"column":86}},"type":"default-arg","locations":[{"start":{"line":37,"column":84},"end":{"line":37,"column":86}}]},"7":{"loc":{"start":{"line":37,"column":74},"end":{"line":37,"column":79}},"type":"default-arg","locations":[{"start":{"line":37,"column":74},"end":{"line":37,"column":79}}]},"8":{"loc":{"start":{"line":41,"column":40},"end":{"line":41,"column":46}},"type":"cond-expr","locations":[{"start":{"line":41,"column":40},"end":{"line":41,"column":46}},{"start":{"line":41,"column":49},"end":{"line":41,"column":53}}]},"9":{"loc":{"start":{"line":46,"column":52},"end":{"line":46,"column":54}},"type":"default-arg","locations":[{"start":{"line":46,"column":52},"end":{"line":46,"column":54}}]},"10":{"loc":{"start":{"line":46,"column":31},"end":{"line":46,"column":37}},"type":"default-arg","locations":[{"start":{"line":46,"column":31},"end":{"line":46,"column":37}}]}},"s":{"0":1,"1":1,"2":4,"3":4,"4":4,"5":4,"6":4,"7":4,"8":3,"9":4,"10":4,"11":4,"12":3,"13":4,"14":1},"f":{"0":4,"1":3,"2":4,"3":3},"b":{"0":[4,0],"1":[0],"2":[3],"3":[3],"4":[0],"5":[4],"6":[3],"7":[3],"8":[1,3],"9":[0],"10":[3]}}
,"/home/circleci/project/packages/focusjail/src/FocusJailContainer.tsx": {"path":"/home/circleci/project/packages/focusjail/src/FocusJailContainer.tsx","statementMap":{"0":{"start":{"line":8,"column":0},"end":{"line":8,"column":26}},"1":{"start":{"line":9,"column":0},"end":{"line":9,"column":35}},"2":{"start":{"line":11,"column":0},"end":{"line":11,"column":92}},"3":{"start":{"line":20,"column":85},"end":{"line":26,"column":1}},"4":{"start":{"line":25,"column":2},"end":{"line":25,"column":69}},"5":{"start":{"line":20,"column":13},"end":{"line":20,"column":85}},"6":{"start":{"line":28,"column":0},"end":{"line":35,"column":2}}},"fnMap":{"0":{"name":"(anonymous_1)","decl":{"start":{"line":20,"column":85},"end":{"line":20,"column":86}},"loc":{"start":{"line":24,"column":5},"end":{"line":26,"column":1}}}},"branchMap":{"0":{"loc":{"start":{"line":22,"column":11},"end":{"line":22,"column":19}},"type":"default-arg","locations":[{"start":{"line":22,"column":11},"end":{"line":22,"column":19}}]}},"s":{"0":2,"1":2,"2":2,"3":2,"4":21,"5":2,"6":2},"f":{"0":21},"b":{"0":[21]}}
,"/home/circleci/project/packages/focusjail/src/index.ts": {"path":"/home/circleci/project/packages/focusjail/src/index.ts","statementMap":{"0":{"start":{"line":9,"column":0},"end":{"line":9,"column":9}},"1":{"start":{"line":9,"column":9},"end":{"line":9,"column":92}},"2":{"start":{"line":12,"column":0},"end":{"line":12,"column":9}},"3":{"start":{"line":12,"column":9},"end":{"line":12,"column":84}}},"fnMap":{"0":{"name":"(anonymous_0)","decl":{"start":{"line":9,"column":9},"end":{"line":9,"column":21}},"loc":{"start":{"line":9,"column":9},"end":{"line":9,"column":92}}},"1":{"name":"(anonymous_1)","decl":{"start":{"line":12,"column":9},"end":{"line":12,"column":27}},"loc":{"start":{"line":12,"column":9},"end":{"line":12,"column":84}}}},"branchMap":{},"s":{"0":2,"1":24,"2":2,"3":13},"f":{"0":22,"1":11},"b":{}}
,"/home/circleci/project/packages/focusjail/src/useFocusJail.ts": {"path":"/home/circleci/project/packages/focusjail/src/useFocusJail.ts","statementMap":{"0":{"start":{"line":8,"column":0},"end":{"line":8,"column":76}},"1":{"start":{"line":9,"column":0},"end":{"line":9,"column":85}},"2":{"start":{"line":10,"column":0},"end":{"line":10,"column":36}},"3":{"start":{"line":11,"column":0},"end":{"line":11,"column":54}},"4":{"start":{"line":31,"column":28},"end":{"line":144,"column":1}},"5":{"start":{"line":42,"column":30},"end":{"line":42,"column":58}},"6":{"start":{"line":47,"column":38},"end":{"line":47,"column":68}},"7":{"start":{"line":50,"column":2},"end":{"line":54,"column":5}},"8":{"start":{"line":51,"column":4},"end":{"line":53,"column":null}},"9":{"start":{"line":52,"column":6},"end":{"line":52,"column":42}},"10":{"start":{"line":56,"column":23},"end":{"line":66,"column":null}},"11":{"start":{"line":60,"column":6},"end":{"line":64,"column":null}},"12":{"start":{"line":61,"column":8},"end":{"line":61,"column":27}},"13":{"start":{"line":63,"column":8},"end":{"line":63,"column":35}},"14":{"start":{"line":69,"column":31},"end":{"line":75,"column":3}},"15":{"start":{"line":70,"column":4},"end":{"line":74,"column":null}},"16":{"start":{"line":71,"column":6},"end":{"line":73,"column":8}},"17":{"start":{"line":77,"column":30},"end":{"line":83,"column":3}},"18":{"start":{"line":78,"column":16},"end":{"line":78,"column":52}},"19":{"start":{"line":79,"column":23},"end":{"line":79,"column":41}},"20":{"start":{"line":80,"column":26},"end":{"line":80,"column":36}},"21":{"start":{"line":82,"column":4},"end":{"line":82,"column":76}},"22":{"start":{"line":85,"column":27},"end":{"line":92,"column":3}},"23":{"start":{"line":86,"column":21},"end":{"line":86,"column":42}},"24":{"start":{"line":88,"column":4},"end":{"line":91,"column":6}},"25":{"start":{"line":94,"column":28},"end":{"line":121,"column":3}},"26":{"start":{"line":95,"column":4},"end":{"line":120,"column":6}},"27":{"start":{"line":97,"column":8},"end":{"line":99,"column":null}},"28":{"start":{"line":98,"column":10},"end":{"line":98,"column":17}},"29":{"start":{"line":100,"column":8},"end":{"line":100,"column":31}},"30":{"start":{"line":102,"column":30},"end":{"line":102,"column":48}},"31":{"start":{"line":104,"column":8},"end":{"line":110,"column":null}},"32":{"start":{"line":108,"column":10},"end":{"line":108,"column":47}},"33":{"start":{"line":109,"column":10},"end":{"line":109,"column":33}},"34":{"start":{"line":112,"column":8},"end":{"line":115,"column":null}},"35":{"start":{"line":113,"column":10},"end":{"line":113,"column":48}},"36":{"start":{"line":114,"column":10},"end":{"line":114,"column":33}},"37":{"start":{"line":123,"column":2},"end":{"line":138,"column":74}},"38":{"start":{"line":124,"column":4},"end":{"line":124,"column":73}},"39":{"start":{"line":126,"column":4},"end":{"line":128,"column":null}},"40":{"start":{"line":127,"column":6},"end":{"line":127,"column":31}},"41":{"start":{"line":130,"column":4},"end":{"line":137,"column":6}},"42":{"start":{"line":131,"column":29},"end":{"line":131,"column":74}},"43":{"start":{"line":132,"column":31},"end":{"line":132,"column":67}},"44":{"start":{"line":134,"column":6},"end":{"line":136,"column":null}},"45":{"start":{"line":135,"column":8},"end":{"line":135,"column":50}},"46":{"start":{"line":140,"column":2},"end":{"line":143,"column":4}},"47":{"start":{"line":31,"column":13},"end":{"line":31,"column":28}}},"fnMap":{"0":{"name":"(anonymous_1)","decl":{"start":{"line":31,"column":28},"end":{"line":31,"column":null}},"loc":{"start":{"line":41,"column":30},"end":{"line":144,"column":1}}},"1":{"name":"(anonymous_2)","decl":{"start":{"line":50,"column":12},"end":{"line":50,"column":15}},"loc":{"start":{"line":50,"column":17},"end":{"line":54,"column":3}}},"2":{"name":"(anonymous_3)","decl":{"start":{"line":57,"column":4},"end":{"line":57,"column":11}},"loc":{"start":{"line":57,"column":14},"end":{"line":65,"column":5}}},"3":{"name":"(anonymous_4)","decl":{"start":{"line":69,"column":31},"end":{"line":69,"column":34}},"loc":{"start":{"line":69,"column":36},"end":{"line":75,"column":3}}},"4":{"name":"(anonymous_5)","decl":{"start":{"line":77,"column":30},"end":{"line":77,"column":33}},"loc":{"start":{"line":77,"column":35},"end":{"line":83,"column":3}}},"5":{"name":"(anonymous_6)","decl":{"start":{"line":85,"column":27},"end":{"line":85,"column":30}},"loc":{"start":{"line":85,"column":32},"end":{"line":92,"column":3}}},"6":{"name":"(anonymous_7)","decl":{"start":{"line":94,"column":28},"end":{"line":94,"column":29}},"loc":{"start":{"line":94,"column":68},"end":{"line":121,"column":3}}},"7":{"name":"(anonymous_8)","decl":{"start":{"line":96,"column":49},"end":{"line":96,"column":50}},"loc":{"start":{"line":96,"column":74},"end":{"line":116,"column":7}}},"8":{"name":"(anonymous_9)","decl":{"start":{"line":123,"column":12},"end":{"line":123,"column":15}},"loc":{"start":{"line":123,"column":17},"end":{"line":138,"column":3}}},"9":{"name":"(anonymous_10)","decl":{"start":{"line":130,"column":11},"end":{"line":130,"column":14}},"loc":{"start":{"line":130,"column":16},"end":{"line":137,"column":5}}}},"branchMap":{"0":{"loc":{"start":{"line":38,"column":26},"end":{"line":40,"column":null}},"type":"default-arg","locations":[{"start":{"line":38,"column":26},"end":{"line":40,"column":null}}]},"1":{"loc":{"start":{"line":33,"column":19},"end":{"line":33,"column":23}},"type":"default-arg","locations":[{"start":{"line":33,"column":19},"end":{"line":33,"column":23}}]},"2":{"loc":{"start":{"line":34,"column":19},"end":{"line":34,"column":23}},"type":"default-arg","locations":[{"start":{"line":34,"column":19},"end":{"line":34,"column":23}}]},"3":{"loc":{"start":{"line":51,"column":4},"end":{"line":53,"column":null}},"type":"if","locations":[{"start":{"line":51,"column":4},"end":{"line":53,"column":null}},{"start":{"line":51,"column":4},"end":{"line":53,"column":null}}]},"4":{"loc":{"start":{"line":60,"column":6},"end":{"line":64,"column":null}},"type":"if","locations":[{"start":{"line":60,"column":6},"end":{"line":64,"column":null}},{"start":{"line":60,"column":6},"end":{"line":64,"column":null}}]},"5":{"loc":{"start":{"line":63,"column":8},"end":{"line":63,"column":15}},"type":"binary-expr","locations":[{"start":{"line":63,"column":8},"end":{"line":63,"column":15}},{"start":{"line":63,"column":19},"end":{"line":63,"column":34}}]},"6":{"loc":{"start":{"line":70,"column":4},"end":{"line":74,"column":null}},"type":"if","locations":[{"start":{"line":70,"column":4},"end":{"line":74,"column":null}},{"start":{"line":70,"column":4},"end":{"line":74,"column":null}}]},"7":{"loc":{"start":{"line":78,"column":30},"end":{"line":78,"column":41}},"type":"cond-expr","locations":[{"start":{"line":78,"column":30},"end":{"line":78,"column":41}},{"start":{"line":78,"column":44},"end":{"line":78,"column":52}}]},"8":{"loc":{"start":{"line":82,"column":49},"end":{"line":82,"column":59}},"type":"cond-expr","locations":[{"start":{"line":82,"column":49},"end":{"line":82,"column":59}},{"start":{"line":82,"column":62},"end":{"line":82,"column":75}}]},"9":{"loc":{"start":{"line":89,"column":17},"end":{"line":89,"column":28}},"type":"binary-expr","locations":[{"start":{"line":89,"column":17},"end":{"line":89,"column":28}},{"start":{"line":89,"column":32},"end":{"line":89,"column":53}}]},"10":{"loc":{"start":{"line":90,"column":16},"end":{"line":90,"column":45}},"type":"binary-expr","locations":[{"start":{"line":90,"column":16},"end":{"line":90,"column":45}},{"start":{"line":90,"column":49},"end":{"line":90,"column":70}}]},"11":{"loc":{"start":{"line":94,"column":55},"end":{"line":94,"column":64}},"type":"default-arg","locations":[{"start":{"line":94,"column":55},"end":{"line":94,"column":64}}]},"12":{"loc":{"start":{"line":97,"column":8},"end":{"line":99,"column":null}},"type":"if","locations":[{"start":{"line":97,"column":8},"end":{"line":99,"column":null}},{"start":{"line":97,"column":8},"end":{"line":99,"column":null}}]},"13":{"loc":{"start":{"line":104,"column":8},"end":{"line":110,"column":null}},"type":"if","locations":[{"start":{"line":104,"column":8},"end":{"line":110,"column":null}},{"start":{"line":104,"column":8},"end":{"line":110,"column":null}}]},"14":{"loc":{"start":{"line":105,"column":10},"end":{"line":105,"column":24}},"type":"binary-expr","locations":[{"start":{"line":105,"column":10},"end":{"line":105,"column":24}},{"start":{"line":106,"column":11},"end":{"line":106,"column":51}},{"start":{"line":106,"column":55},"end":{"line":106,"column":82}}]},"15":{"loc":{"start":{"line":112,"column":8},"end":{"line":115,"column":null}},"type":"if","locations":[{"start":{"line":112,"column":8},"end":{"line":115,"column":null}},{"start":{"line":112,"column":8},"end":{"line":115,"column":null}}]},"16":{"loc":{"start":{"line":112,"column":12},"end":{"line":112,"column":27}},"type":"binary-expr","locations":[{"start":{"line":112,"column":12},"end":{"line":112,"column":27}},{"start":{"line":112,"column":31},"end":{"line":112,"column":70}}]},"17":{"loc":{"start":{"line":124,"column":48},"end":{"line":124,"column":59}},"type":"binary-expr","locations":[{"start":{"line":124,"column":48},"end":{"line":124,"column":59}},{"start":{"line":124,"column":63},"end":{"line":124,"column":71}}]},"18":{"loc":{"start":{"line":126,"column":4},"end":{"line":128,"column":null}},"type":"if","locations":[{"start":{"line":126,"column":4},"end":{"line":128,"column":null}},{"start":{"line":126,"column":4},"end":{"line":128,"column":null}}]},"19":{"loc":{"start":{"line":134,"column":6},"end":{"line":136,"column":null}},"type":"if","locations":[{"start":{"line":134,"column":6},"end":{"line":136,"column":null}},{"start":{"line":134,"column":6},"end":{"line":136,"column":null}}]},"20":{"loc":{"start":{"line":134,"column":10},"end":{"line":134,"column":24}},"type":"binary-expr","locations":[{"start":{"line":134,"column":10},"end":{"line":134,"column":24}},{"start":{"line":134,"column":28},"end":{"line":134,"column":44}},{"start":{"line":134,"column":48},"end":{"line":134,"column":60}}]}},"s":{"0":2,"1":2,"2":2,"3":2,"4":2,"5":43,"6":43,"7":41,"8":41,"9":20,"10":41,"11":45,"12":18,"13":27,"14":41,"15":8,"16":1,"17":41,"18":4,"19":4,"20":4,"21":4,"22":41,"23":7,"24":7,"25":41,"26":41,"27":12,"28":4,"29":8,"30":7,"31":7,"32":2,"33":2,"34":7,"35":2,"36":2,"37":41,"38":41,"39":41,"40":39,"41":41,"42":41,"43":41,"44":41,"45":2,"46":41,"47":2},"f":{"0":43,"1":41,"2":45,"3":8,"4":4,"5":7,"6":41,"7":12,"8":41,"9":41},"b":{"0":[0],"1":[41],"2":[31],"3":[20,21],"4":[18,27],"5":[27,14],"6":[1,7],"7":[0,4],"8":[0,4],"9":[7,2],"10":[7,2],"11":[0],"12":[4,8],"13":[2,5],"14":[7,2,0],"15":[2,5],"16":[7,5],"17":[41,41],"18":[39,2],"19":[2,39],"20":[41,2,2]}}
,"/home/circleci/project/packages/focusvisible/src/FocusVisibleContainer.tsx": {"path":"/home/circleci/project/packages/focusvisible/src/FocusVisibleContainer.tsx","statementMap":{"0":{"start":{"line":8,"column":0},"end":{"line":8,"column":38}},"1":{"start":{"line":9,"column":0},"end":{"line":9,"column":35}},"2":{"start":{"line":11,"column":0},"end":{"line":11,"column":75}},"3":{"start":{"line":20,"column":91},"end":{"line":30,"column":1}},"4":{"start":{"line":25,"column":19},"end":{"line":25,"column":31}},"5":{"start":{"line":27,"column":2},"end":{"line":27,"column":51}},"6":{"start":{"line":29,"column":2},"end":{"line":29,"column":65}},"7":{"start":{"line":20,"column":13},"end":{"line":20,"column":91}},"8":{"start":{"line":32,"column":0},"end":{"line":35,"column":2}},"9":{"start":{"line":37,"column":0},"end":{"line":43,"column":2}}},"fnMap":{"0":{"name":"(anonymous_7)","decl":{"start":{"line":20,"column":91},"end":{"line":20,"column":92}},"loc":{"start":{"line":24,"column":5},"end":{"line":30,"column":1}}}},"branchMap":{"0":{"loc":{"start":{"line":22,"column":11},"end":{"line":22,"column":19}},"type":"default-arg","locations":[{"start":{"line":22,"column":11},"end":{"line":22,"column":19}}]}},"s":{"0":1,"1":1,"2":1,"3":1,"4":12,"5":12,"6":12,"7":1,"8":1,"9":1},"f":{"0":12},"b":{"0":[12]}}
,"/home/circleci/project/packages/focusvisible/src/index.ts": {"path":"/home/circleci/project/packages/focusvisible/src/index.ts","statementMap":{"0":{"start":{"line":9,"column":0},"end":{"line":9,"column":9}},"1":{"start":{"line":9,"column":9},"end":{"line":9,"column":75}},"2":{"start":{"line":12,"column":0},"end":{"line":12,"column":9}},"3":{"start":{"line":12,"column":9},"end":{"line":12,"column":93}}},"fnMap":{"0":{"name":"(anonymous_0)","decl":{"start":{"line":9,"column":9},"end":{"line":9,"column":24}},"loc":{"start":{"line":9,"column":9},"end":{"line":9,"column":75}}},"1":{"name":"(anonymous_1)","decl":{"start":{"line":12,"column":9},"end":{"line":12,"column":30}},"loc":{"start":{"line":12,"column":9},"end":{"line":12,"column":93}}}},"branchMap":{},"s":{"0":1,"1":4,"2":1,"3":13},"f":{"0":3,"1":12},"b":{}}
,"/home/circleci/project/packages/focusvisible/src/useFocusVisible.ts": {"path":"/home/circleci/project/packages/focusvisible/src/useFocusVisible.ts","statementMap":{"0":{"start":{"line":13,"column":0},"end":{"line":13,"column":42}},"1":{"start":{"line":15,"column":56},"end":{"line":29,"column":2}},"2":{"start":{"line":50,"column":2},"end":{"line":52,"column":null}},"3":{"start":{"line":51,"column":4},"end":{"line":51,"column":85}},"4":{"start":{"line":54,"column":27},"end":{"line":54,"column":40}},"5":{"start":{"line":55,"column":34},"end":{"line":55,"column":47}},"6":{"start":{"line":56,"column":41},"end":{"line":56,"column":69}},"7":{"start":{"line":58,"column":2},"end":{"line":330,"column":58}},"8":{"start":{"line":59,"column":22},"end":{"line":59,"column":38}},"9":{"start":{"line":61,"column":4},"end":{"line":63,"column":null}},"10":{"start":{"line":62,"column":6},"end":{"line":62,"column":29}},"11":{"start":{"line":69,"column":31},"end":{"line":82,"column":5}},"12":{"start":{"line":70,"column":6},"end":{"line":79,"column":null}},"13":{"start":{"line":78,"column":8},"end":{"line":78,"column":20}},"14":{"start":{"line":81,"column":6},"end":{"line":81,"column":19}},"15":{"start":{"line":89,"column":42},"end":{"line":112,"column":5}},"16":{"start":{"line":90,"column":20},"end":{"line":90,"column":48}},"17":{"start":{"line":91,"column":22},"end":{"line":91,"column":32}},"18":{"start":{"line":93,"column":6},"end":{"line":99,"column":null}},"19":{"start":{"line":98,"column":8},"end":{"line":98,"column":20}},"20":{"start":{"line":101,"column":6},"end":{"line":103,"column":null}},"21":{"start":{"line":102,"column":8},"end":{"line":102,"column":20}},"22":{"start":{"line":107,"column":6},"end":{"line":109,"column":null}},"23":{"start":{"line":111,"column":6},"end":{"line":111,"column":19}},"24":{"start":{"line":117,"column":22},"end":{"line":123,"column":5}},"25":{"start":{"line":118,"column":6},"end":{"line":120,"column":null}},"26":{"start":{"line":119,"column":8},"end":{"line":119,"column":20}},"27":{"start":{"line":122,"column":6},"end":{"line":122,"column":19}},"28":{"start":{"line":129,"column":33},"end":{"line":136,"column":5}},"29":{"start":{"line":130,"column":6},"end":{"line":132,"column":null}},"30":{"start":{"line":131,"column":8},"end":{"line":131,"column":15}},"31":{"start":{"line":134,"column":6},"end":{"line":134,"column":40}},"32":{"start":{"line":135,"column":6},"end":{"line":135,"column":51}},"33":{"start":{"line":141,"column":36},"end":{"line":144,"column":5}},"34":{"start":{"line":142,"column":6},"end":{"line":142,"column":37}},"35":{"start":{"line":143,"column":6},"end":{"line":143,"column":40}},"36":{"start":{"line":153,"column":22},"end":{"line":163,"column":5}},"37":{"start":{"line":154,"column":6},"end":{"line":156,"column":null}},"38":{"start":{"line":155,"column":8},"end":{"line":155,"column":15}},"39":{"start":{"line":158,"column":6},"end":{"line":160,"column":null}},"40":{"start":{"line":159,"column":8},"end":{"line":159,"column":56}},"41":{"start":{"line":162,"column":6},"end":{"line":162,"column":38}},"42":{"start":{"line":172,"column":26},"end":{"line":174,"column":5}},"43":{"start":{"line":173,"column":6},"end":{"line":173,"column":39}},"44":{"start":{"line":183,"column":20},"end":{"line":192,"column":5}},"45":{"start":{"line":185,"column":6},"end":{"line":187,"column":null}},"46":{"start":{"line":186,"column":8},"end":{"line":186,"column":15}},"47":{"start":{"line":189,"column":6},"end":{"line":191,"column":null}},"48":{"start":{"line":190,"column":8},"end":{"line":190,"column":54}},"49":{"start":{"line":197,"column":19},"end":{"line":221,"column":5}},"50":{"start":{"line":198,"column":6},"end":{"line":200,"column":null}},"51":{"start":{"line":199,"column":8},"end":{"line":199,"column":15}},"52":{"start":{"line":202,"column":6},"end":{"line":220,"column":null}},"53":{"start":{"line":208,"column":8},"end":{"line":208,"column":47}},"54":{"start":{"line":210,"column":8},"end":{"line":210,"column":61}},"55":{"start":{"line":212,"column":26},"end":{"line":215,"column":15}},"56":{"start":{"line":213,"column":10},"end":{"line":213,"column":50}},"57":{"start":{"line":214,"column":10},"end":{"line":214,"column":63}},"58":{"start":{"line":217,"column":8},"end":{"line":217,"column":67}},"59":{"start":{"line":219,"column":8},"end":{"line":219,"column":57}},"60":{"start":{"line":230,"column":33},"end":{"line":240,"column":5}},"61":{"start":{"line":231,"column":24},"end":{"line":231,"column":58}},"62":{"start":{"line":233,"column":6},"end":{"line":235,"column":null}},"63":{"start":{"line":234,"column":8},"end":{"line":234,"column":15}},"64":{"start":{"line":237,"column":6},"end":{"line":237,"column":39}},"65":{"start":{"line":239,"column":6},"end":{"line":239,"column":42}},"66":{"start":{"line":248,"column":43},"end":{"line":258,"column":5}},"67":{"start":{"line":249,"column":6},"end":{"line":249,"column":70}},"68":{"start":{"line":250,"column":6},"end":{"line":250,"column":70}},"69":{"start":{"line":251,"column":6},"end":{"line":251,"column":68}},"70":{"start":{"line":252,"column":6},"end":{"line":252,"column":72}},"71":{"start":{"line":253,"column":6},"end":{"line":253,"column":72}},"72":{"start":{"line":254,"column":6},"end":{"line":254,"column":70}},"73":{"start":{"line":255,"column":6},"end":{"line":255,"column":70}},"74":{"start":{"line":256,"column":6},"end":{"line":256,"column":71}},"75":{"start":{"line":257,"column":6},"end":{"line":257,"column":69}},"76":{"start":{"line":260,"column":46},"end":{"line":270,"column":5}},"77":{"start":{"line":261,"column":6},"end":{"line":261,"column":73}},"78":{"start":{"line":262,"column":6},"end":{"line":262,"column":73}},"79":{"start":{"line":263,"column":6},"end":{"line":263,"column":71}},"80":{"start":{"line":264,"column":6},"end":{"line":264,"column":75}},"81":{"start":{"line":265,"column":6},"end":{"line":265,"column":75}},"82":{"start":{"line":266,"column":6},"end":{"line":266,"column":73}},"83":{"start":{"line":267,"column":6},"end":{"line":267,"column":73}},"84":{"start":{"line":268,"column":6},"end":{"line":268,"column":74}},"85":{"start":{"line":269,"column":6},"end":{"line":269,"column":72}},"86":{"start":{"line":286,"column":25},"end":{"line":286,"column":38}},"87":{"start":{"line":288,"column":4},"end":{"line":290,"column":null}},"88":{"start":{"line":289,"column":6},"end":{"line":289,"column":13}},"89":{"start":{"line":298,"column":4},"end":{"line":298,"column":61}},"90":{"start":{"line":299,"column":4},"end":{"line":299,"column":67}},"91":{"start":{"line":300,"column":4},"end":{"line":300,"column":69}},"92":{"start":{"line":301,"column":4},"end":{"line":301,"column":68}},"93":{"start":{"line":302,"column":4},"end":{"line":302,"column":79}},"94":{"start":{"line":304,"column":4},"end":{"line":304,"column":37}},"95":{"start":{"line":312,"column":4},"end":{"line":312,"column":74}},"96":{"start":{"line":313,"column":4},"end":{"line":313,"column":72}},"97":{"start":{"line":316,"column":4},"end":{"line":329,"column":6}},"98":{"start":{"line":317,"column":6},"end":{"line":317,"column":60}},"99":{"start":{"line":318,"column":6},"end":{"line":318,"column":66}},"100":{"start":{"line":319,"column":6},"end":{"line":319,"column":68}},"101":{"start":{"line":320,"column":6},"end":{"line":320,"column":67}},"102":{"start":{"line":321,"column":6},"end":{"line":321,"column":78}},"103":{"start":{"line":323,"column":6},"end":{"line":323,"column":42}},"104":{"start":{"line":325,"column":6},"end":{"line":325,"column":73}},"105":{"start":{"line":326,"column":6},"end":{"line":326,"column":71}},"106":{"start":{"line":328,"column":6},"end":{"line":328,"column":59}},"107":{"start":{"line":42,"column":0},"end":{"line":42,"column":16}}},"fnMap":{"0":{"name":"useFocusVisible","decl":{"start":{"line":42,"column":16},"end":{"line":42,"column":31}},"loc":{"start":{"line":48,"column":38},"end":{"line":331,"column":1}}},"1":{"name":"(anonymous_1)","decl":{"start":{"line":58,"column":12},"end":{"line":58,"column":15}},"loc":{"start":{"line":58,"column":17},"end":{"line":330,"column":3}}},"2":{"name":"(anonymous_2)","decl":{"start":{"line":69,"column":31},"end":{"line":69,"column":32}},"loc":{"start":{"line":69,"column":54},"end":{"line":82,"column":5}}},"3":{"name":"(anonymous_3)","decl":{"start":{"line":89,"column":42},"end":{"line":89,"column":43}},"loc":{"start":{"line":89,"column":62},"end":{"line":112,"column":5}}},"4":{"name":"(anonymous_4)","decl":{"start":{"line":117,"column":22},"end":{"line":117,"column":23}},"loc":{"start":{"line":117,"column":45},"end":{"line":123,"column":5}}},"5":{"name":"(anonymous_5)","decl":{"start":{"line":129,"column":33},"end":{"line":129,"column":34}},"loc":{"start":{"line":129,"column":56},"end":{"line":136,"column":5}}},"6":{"name":"(anonymous_6)","decl":{"start":{"line":141,"column":36},"end":{"line":141,"column":37}},"loc":{"start":{"line":141,"column":52},"end":{"line":144,"column":5}}},"7":{"name":"(anonymous_7)","decl":{"start":{"line":153,"column":22},"end":{"line":153,"column":23}},"loc":{"start":{"line":153,"column":43},"end":{"line":163,"column":5}}},"8":{"name":"(anonymous_8)","decl":{"start":{"line":172,"column":26},"end":{"line":172,"column":29}},"loc":{"start":{"line":172,"column":31},"end":{"line":174,"column":5}}},"9":{"name":"(anonymous_9)","decl":{"start":{"line":183,"column":20},"end":{"line":183,"column":21}},"loc":{"start":{"line":183,"column":38},"end":{"line":192,"column":5}}},"10":{"name":"(anonymous_10)","decl":{"start":{"line":197,"column":19},"end":{"line":197,"column":20}},"loc":{"start":{"line":197,"column":37},"end":{"line":221,"column":5}}},"11":{"name":"(anonymous_11)","decl":{"start":{"line":212,"column":37},"end":{"line":212,"column":40}},"loc":{"start":{"line":212,"column":42},"end":{"line":215,"column":9}}},"12":{"name":"(anonymous_12)","decl":{"start":{"line":230,"column":33},"end":{"line":230,"column":34}},"loc":{"start":{"line":230,"column":64},"end":{"line":240,"column":5}}},"13":{"name":"(anonymous_13)","decl":{"start":{"line":248,"column":43},"end":{"line":248,"column":46}},"loc":{"start":{"line":248,"column":48},"end":{"line":258,"column":5}}},"14":{"name":"(anonymous_14)","decl":{"start":{"line":260,"column":46},"end":{"line":260,"column":49}},"loc":{"start":{"line":260,"column":51},"end":{"line":270,"column":5}}},"15":{"name":"(anonymous_15)","decl":{"start":{"line":316,"column":11},"end":{"line":316,"column":14}},"loc":{"start":{"line":316,"column":16},"end":{"line":329,"column":5}}}},"branchMap":{"0":{"loc":{"start":{"line":48,"column":29},"end":{"line":48,"column":38}},"type":"default-arg","locations":[{"start":{"line":48,"column":29},"end":{"line":48,"column":38}}]},"1":{"loc":{"start":{"line":46,"column":16},"end":{"line":46,"column":38}},"type":"default-arg","locations":[{"start":{"line":46,"column":16},"end":{"line":46,"column":38}}]},"2":{"loc":{"start":{"line":47,"column":20},"end":{"line":47,"column":47}},"type":"default-arg","locations":[{"start":{"line":47,"column":20},"end":{"line":47,"column":47}}]},"3":{"loc":{"start":{"line":50,"column":2},"end":{"line":52,"column":null}},"type":"if","locations":[{"start":{"line":50,"column":2},"end":{"line":52,"column":null}},{"start":{"line":50,"column":2},"end":{"line":52,"column":null}}]},"4":{"loc":{"start":{"line":61,"column":4},"end":{"line":63,"column":null}},"type":"if","locations":[{"start":{"line":61,"column":4},"end":{"line":63,"column":null}},{"start":{"line":61,"column":4},"end":{"line":63,"column":null}}]},"5":{"loc":{"start":{"line":70,"column":6},"end":{"line":79,"column":null}},"type":"if","locations":[{"start":{"line":70,"column":6},"end":{"line":79,"column":null}},{"start":{"line":70,"column":6},"end":{"line":79,"column":null}}]},"6":{"loc":{"start":{"line":71,"column":8},"end":{"line":71,"column":10}},"type":"binary-expr","locations":[{"start":{"line":71,"column":8},"end":{"line":71,"column":10}},{"start":{"line":72,"column":8},"end":{"line":72,"column":28}},{"start":{"line":73,"column":8},"end":{"line":73,"column":30}},{"start":{"line":74,"column":8},"end":{"line":74,"column":30}},{"start":{"line":75,"column":8},"end":{"line":75,"column":25}},{"start":{"line":76,"column":8},"end":{"line":76,"column":34}}]},"7":{"loc":{"start":{"line":93,"column":6},"end":{"line":99,"column":null}},"type":"if","locations":[{"start":{"line":93,"column":6},"end":{"line":99,"column":null}},{"start":{"line":93,"column":6},"end":{"line":99,"column":null}}]},"8":{"loc":{"start":{"line":94,"column":8},"end":{"line":94,"column":27}},"type":"binary-expr","locations":[{"start":{"line":94,"column":8},"end":{"line":94,"column":27}},{"start":{"line":95,"column":8},"end":{"line":95,"column":36}},{"start":{"line":96,"column":8},"end":{"line":96,"column":42}}]},"9":{"loc":{"start":{"line":101,"column":6},"end":{"line":103,"column":null}},"type":"if","locations":[{"start":{"line":101,"column":6},"end":{"line":103,"column":null}},{"start":{"line":101,"column":6},"end":{"line":103,"column":null}}]},"10":{"loc":{"start":{"line":101,"column":10},"end":{"line":101,"column":32}},"type":"binary-expr","locations":[{"start":{"line":101,"column":10},"end":{"line":101,"column":32}},{"start":{"line":101,"column":36},"end":{"line":101,"column":73}}]},"11":{"loc":{"start":{"line":107,"column":6},"end":{"line":109,"column":null}},"type":"if","locations":[{"start":{"line":107,"column":6},"end":{"line":109,"column":null}}]},"12":{"loc":{"start":{"line":118,"column":6},"end":{"line":120,"column":null}},"type":"if","locations":[{"start":{"line":118,"column":6},"end":{"line":120,"column":null}},{"start":{"line":118,"column":6},"end":{"line":120,"column":null}}]},"13":{"loc":{"start":{"line":118,"column":10},"end":{"line":118,"column":12}},"type":"binary-expr","locations":[{"start":{"line":118,"column":10},"end":{"line":118,"column":12}},{"start":{"line":118,"column":17},"end":{"line":118,"column":49}},{"start":{"line":118,"column":53},"end":{"line":118,"column":83}}]},"14":{"loc":{"start":{"line":130,"column":6},"end":{"line":132,"column":null}},"type":"if","locations":[{"start":{"line":130,"column":6},"end":{"line":132,"column":null}},{"start":{"line":130,"column":6},"end":{"line":132,"column":null}}]},"15":{"loc":{"start":{"line":134,"column":6},"end":{"line":134,"column":8}},"type":"binary-expr","locations":[{"start":{"line":134,"column":6},"end":{"line":134,"column":8}},{"start":{"line":134,"column":12},"end":{"line":134,"column":39}}]},"16":{"loc":{"start":{"line":135,"column":6},"end":{"line":135,"column":8}},"type":"binary-expr","locations":[{"start":{"line":135,"column":6},"end":{"line":135,"column":8}},{"start":{"line":135,"column":12},"end":{"line":135,"column":50}}]},"17":{"loc":{"start":{"line":154,"column":6},"end":{"line":156,"column":null}},"type":"if","locations":[{"start":{"line":154,"column":6},"end":{"line":156,"column":null}},{"start":{"line":154,"column":6},"end":{"line":156,"column":null}}]},"18":{"loc":{"start":{"line":154,"column":10},"end":{"line":154,"column":19}},"type":"binary-expr","locations":[{"start":{"line":154,"column":10},"end":{"line":154,"column":19}},{"start":{"line":154,"column":23},"end":{"line":154,"column":31}},{"start":{"line":154,"column":35},"end":{"line":154,"column":44}}]},"19":{"loc":{"start":{"line":158,"column":6},"end":{"line":160,"column":null}},"type":"if","locations":[{"start":{"line":158,"column":6},"end":{"line":160,"column":null}},{"start":{"line":158,"column":6},"end":{"line":160,"column":null}}]},"20":{"loc":{"start":{"line":185,"column":6},"end":{"line":187,"column":null}},"type":"if","locations":[{"start":{"line":185,"column":6},"end":{"line":187,"column":null}},{"start":{"line":185,"column":6},"end":{"line":187,"column":null}}]},"21":{"loc":{"start":{"line":189,"column":6},"end":{"line":191,"column":null}},"type":"if","locations":[{"start":{"line":189,"column":6},"end":{"line":191,"column":null}},{"start":{"line":189,"column":6},"end":{"line":191,"column":null}}]},"22":{"loc":{"start":{"line":189,"column":10},"end":{"line":189,"column":34}},"type":"binary-expr","locations":[{"start":{"line":189,"column":10},"end":{"line":189,"column":34}},{"start":{"line":189,"column":38},"end":{"line":189,"column":92}}]},"23":{"loc":{"start":{"line":198,"column":6},"end":{"line":200,"column":null}},"type":"if","locations":[{"start":{"line":198,"column":6},"end":{"line":200,"column":null}},{"start":{"line":198,"column":6},"end":{"line":200,"column":null}}]},"24":{"loc":{"start":{"line":202,"column":6},"end":{"line":220,"column":null}},"type":"if","locations":[{"start":{"line":202,"column":6},"end":{"line":220,"column":null}},{"start":{"line":202,"column":6},"end":{"line":220,"column":null}}]},"25":{"loc":{"start":{"line":233,"column":6},"end":{"line":235,"column":null}},"type":"if","locations":[{"start":{"line":233,"column":6},"end":{"line":235,"column":null}},{"start":{"line":233,"column":6},"end":{"line":235,"column":null}}]},"26":{"loc":{"start":{"line":233,"column":10},"end":{"line":233,"column":18}},"type":"binary-expr","locations":[{"start":{"line":233,"column":10},"end":{"line":233,"column":18}},{"start":{"line":233,"column":22},"end":{"line":233,"column":55}}]},"27":{"loc":{"start":{"line":288,"column":4},"end":{"line":290,"column":null}},"type":"if","locations":[{"start":{"line":288,"column":4},"end":{"line":290,"column":null}},{"start":{"line":288,"column":4},"end":{"line":290,"column":null}}]},"28":{"loc":{"start":{"line":288,"column":8},"end":{"line":288,"column":20}},"type":"binary-expr","locations":[{"start":{"line":288,"column":8},"end":{"line":288,"column":20}},{"start":{"line":288,"column":24},"end":{"line":288,"column":37}}]},"29":{"loc":{"start":{"line":312,"column":4},"end":{"line":312,"column":16}},"type":"binary-expr","locations":[{"start":{"line":312,"column":4},"end":{"line":312,"column":16}},{"start":{"line":312,"column":20},"end":{"line":312,"column":73}}]},"30":{"loc":{"start":{"line":313,"column":4},"end":{"line":313,"column":16}},"type":"binary-expr","locations":[{"start":{"line":313,"column":4},"end":{"line":313,"column":16}},{"start":{"line":313,"column":20},"end":{"line":313,"column":71}}]},"31":{"loc":{"start":{"line":325,"column":6},"end":{"line":325,"column":18}},"type":"binary-expr","locations":[{"start":{"line":325,"column":6},"end":{"line":325,"column":18}},{"start":{"line":325,"column":22},"end":{"line":325,"column":72}}]},"32":{"loc":{"start":{"line":326,"column":6},"end":{"line":326,"column":18}},"type":"binary-expr","locations":[{"start":{"line":326,"column":6},"end":{"line":326,"column":18}},{"start":{"line":326,"column":22},"end":{"line":326,"column":70}}]}},"s":{"0":1,"1":1,"2":15,"3":3,"4":12,"5":12,"6":12,"7":12,"8":12,"9":12,"10":12,"11":12,"12":93,"13":45,"14":48,"15":12,"16":6,"17":6,"18":6,"19":1,"20":5,"21":1,"22":4,"23":4,"24":12,"25":41,"26":29,"27":12,"28":12,"29":38,"30":26,"31":12,"32":12,"33":12,"34":3,"35":3,"36":12,"37":78,"38":6,"39":72,"40":26,"41":72,"42":12,"43":14,"44":12,"45":17,"46":1,"47":16,"48":12,"49":12,"50":4,"51":1,"52":3,"53":3,"54":3,"55":3,"56":1,"57":1,"58":3,"59":3,"60":12,"61":3,"62":3,"63":1,"64":2,"65":2,"66":12,"67":12,"68":12,"69":12,"70":12,"71":12,"72":12,"73":12,"74":12,"75":12,"76":12,"77":14,"78":14,"79":14,"80":14,"81":14,"82":14,"83":14,"84":14,"85":14,"86":12,"87":12,"88":0,"89":12,"90":12,"91":12,"92":12,"93":12,"94":12,"95":12,"96":12,"97":12,"98":12,"99":12,"100":12,"101":12,"102":12,"103":12,"104":12,"105":12,"106":12,"107":1},"f":{"0":15,"1":12,"2":93,"3":6,"4":41,"5":38,"6":3,"7":78,"8":14,"9":17,"10":4,"11":1,"12":3,"13":12,"14":14,"15":12},"b":{"0":[3],"1":[3],"2":[3],"3":[3,12],"4":[12,0],"5":[45,48],"6":[93,93,91,91,45,45],"7":[1,5],"8":[6,1,1],"9":[1,4],"10":[5,1],"11":[4],"12":[29,12],"13":[41,41,12],"14":[26,12],"15":[12,12],"16":[12,12],"17":[6,72],"18":[78,76,74],"19":[26,46],"20":[1,16],"21":[12,4],"22":[16,6],"23":[1,3],"24":[3,0],"25":[1,2],"26":[3,3],"27":[0,12],"28":[12,12],"29":[12,12],"30":[12,12],"31":[12,12],"32":[12,12]}}
,"/home/circleci/project/packages/keyboardfocus/src/KeyboardFocusContainer.tsx": {"path":"/home/circleci/project/packages/keyboardfocus/src/KeyboardFocusContainer.tsx","statementMap":{"0":{"start":{"line":8,"column":0},"end":{"line":8,"column":26}},"1":{"start":{"line":9,"column":0},"end":{"line":9,"column":35}},"2":{"start":{"line":11,"column":0},"end":{"line":11,"column":84}},"3":{"start":{"line":20,"column":84},"end":{"line":25,"column":1}},"4":{"start":{"line":24,"column":2},"end":{"line":24,"column":66}},"5":{"start":{"line":20,"column":13},"end":{"line":20,"column":84}},"6":{"start":{"line":27,"column":0},"end":{"line":30,"column":2}}},"fnMap":{"0":{"name":"(anonymous_1)","decl":{"start":{"line":20,"column":84},"end":{"line":20,"column":85}},"loc":{"start":{"line":23,"column":5},"end":{"line":25,"column":1}}}},"branchMap":{"0":{"loc":{"start":{"line":22,"column":11},"end":{"line":22,"column":19}},"type":"default-arg","locations":[{"start":{"line":22,"column":11},"end":{"line":22,"column":19}}]}},"s":{"0":1,"1":1,"2":1,"3":1,"4":9,"5":1,"6":1},"f":{"0":9},"b":{"0":[9]}}
,"/home/circleci/project/packages/keyboardfocus/src/index.ts": {"path":"/home/circleci/project/packages/keyboardfocus/src/index.ts","statementMap":{"0":{"start":{"line":9,"column":0},"end":{"line":9,"column":9}},"1":{"start":{"line":9,"column":9},"end":{"line":9,"column":84}},"2":{"start":{"line":12,"column":0},"end":{"line":12,"column":9}},"3":{"start":{"line":12,"column":9},"end":{"line":12,"column":87}}},"fnMap":{"0":{"name":"(anonymous_0)","decl":{"start":{"line":9,"column":9},"end":{"line":9,"column":25}},"loc":{"start":{"line":9,"column":9},"end":{"line":9,"column":84}}},"1":{"name":"(anonymous_1)","decl":{"start":{"line":12,"column":9},"end":{"line":12,"column":31}},"loc":{"start":{"line":12,"column":9},"end":{"line":12,"column":87}}}},"branchMap":{},"s":{"0":1,"1":1,"2":1,"3":6},"f":{"0":0,"1":5},"b":{}}
,"/home/circleci/project/packages/keyboardfocus/src/useKeyboardFocus.ts": {"path":"/home/circleci/project/packages/keyboardfocus/src/useKeyboardFocus.ts","statementMap":{"0":{"start":{"line":8,"column":0},"end":{"line":8,"column":52}},"1":{"start":{"line":10,"column":0},"end":{"line":10,"column":74}},"2":{"start":{"line":18,"column":48},"end":{"line":18,"column":63}},"3":{"start":{"line":19,"column":32},"end":{"line":19,"column":48}},"4":{"start":{"line":20,"column":33},"end":{"line":20,"column":45}},"5":{"start":{"line":22,"column":2},"end":{"line":26,"column":9}},"6":{"start":{"line":23,"column":4},"end":{"line":25,"column":6}},"7":{"start":{"line":24,"column":6},"end":{"line":24,"column":50}},"8":{"start":{"line":28,"column":37},"end":{"line":40,"column":3}},"9":{"start":{"line":29,"column":4},"end":{"line":29,"column":43}},"10":{"start":{"line":35,"column":22},"end":{"line":37,"column":9}},"11":{"start":{"line":36,"column":6},"end":{"line":36,"column":44}},"12":{"start":{"line":39,"column":4},"end":{"line":39,"column":54}},"13":{"start":{"line":42,"column":26},"end":{"line":46,"column":3}},"14":{"start":{"line":43,"column":4},"end":{"line":45,"column":null}},"15":{"start":{"line":44,"column":6},"end":{"line":44,"column":31}},"16":{"start":{"line":48,"column":30},"end":{"line":50,"column":3}},"17":{"start":{"line":49,"column":4},"end":{"line":49,"column":30}},"18":{"start":{"line":52,"column":24},"end":{"line":74,"column":3}},"19":{"start":{"line":63,"column":4},"end":{"line":73,"column":6}},"20":{"start":{"line":76,"column":2},"end":{"line":79,"column":4}},"21":{"start":{"line":17,"column":0},"end":{"line":17,"column":16}}},"fnMap":{"0":{"name":"useKeyboardFocus","decl":{"start":{"line":17,"column":16},"end":{"line":17,"column":32}},"loc":{"start":{"line":17,"column":32},"end":{"line":80,"column":1}}},"1":{"name":"(anonymous_1)","decl":{"start":{"line":22,"column":12},"end":{"line":22,"column":15}},"loc":{"start":{"line":22,"column":17},"end":{"line":26,"column":3}}},"2":{"name":"(anonymous_2)","decl":{"start":{"line":23,"column":11},"end":{"line":23,"column":14}},"loc":{"start":{"line":23,"column":16},"end":{"line":25,"column":5}}},"3":{"name":"(anonymous_3)","decl":{"start":{"line":28,"column":37},"end":{"line":28,"column":40}},"loc":{"start":{"line":28,"column":42},"end":{"line":40,"column":3}}},"4":{"name":"(anonymous_4)","decl":{"start":{"line":35,"column":33},"end":{"line":35,"column":36}},"loc":{"start":{"line":35,"column":38},"end":{"line":37,"column":5}}},"5":{"name":"(anonymous_5)","decl":{"start":{"line":42,"column":26},"end":{"line":42,"column":29}},"loc":{"start":{"line":42,"column":31},"end":{"line":46,"column":3}}},"6":{"name":"(anonymous_6)","decl":{"start":{"line":48,"column":30},"end":{"line":48,"column":33}},"loc":{"start":{"line":48,"column":35},"end":{"line":50,"column":3}}},"7":{"name":"(anonymous_7)","decl":{"start":{"line":52,"column":24},"end":{"line":52,"column":null}},"loc":{"start":{"line":62,"column":6},"end":{"line":74,"column":3}}}},"branchMap":{"0":{"loc":{"start":{"line":43,"column":4},"end":{"line":45,"column":null}},"type":"if","locations":[{"start":{"line":43,"column":4},"end":{"line":45,"column":null}},{"start":{"line":43,"column":4},"end":{"line":45,"column":null}}]},"1":{"loc":{"start":{"line":61,"column":8},"end":{"line":61,"column":17}},"type":"default-arg","locations":[{"start":{"line":61,"column":8},"end":{"line":61,"column":17}}]},"2":{"loc":{"start":{"line":54,"column":17},"end":{"line":54,"column":18}},"type":"default-arg","locations":[{"start":{"line":54,"column":17},"end":{"line":54,"column":18}}]}},"s":{"0":1,"1":1,"2":9,"3":9,"4":9,"5":9,"6":5,"7":5,"8":9,"9":3,"10":3,"11":3,"12":3,"13":9,"14":4,"15":3,"16":9,"17":2,"18":9,"19":9,"20":9,"21":1},"f":{"0":9,"1":5,"2":5,"3":3,"4":3,"5":4,"6":2,"7":9},"b":{"0":[3,1],"1":[0],"2":[9]}}
,"/home/circleci/project/packages/modal/src/ModalContainer.tsx": {"path":"/home/circleci/project/packages/modal/src/ModalContainer.tsx","statementMap":{"0":{"start":{"line":8,"column":0},"end":{"line":8,"column":26}},"1":{"start":{"line":9,"column":0},"end":{"line":9,"column":35}},"2":{"start":{"line":11,"column":0},"end":{"line":11,"column":76}},"3":{"start":{"line":20,"column":77},"end":{"line":26,"column":1}},"4":{"start":{"line":25,"column":2},"end":{"line":25,"column":65}},"5":{"start":{"line":20,"column":13},"end":{"line":20,"column":77}},"6":{"start":{"line":28,"column":0},"end":{"line":37,"column":2}}},"fnMap":{"0":{"name":"(anonymous_1)","decl":{"start":{"line":20,"column":77},"end":{"line":20,"column":78}},"loc":{"start":{"line":24,"column":5},"end":{"line":26,"column":1}}}},"branchMap":{"0":{"loc":{"start":{"line":22,"column":11},"end":{"line":22,"column":19}},"type":"default-arg","locations":[{"start":{"line":22,"column":11},"end":{"line":22,"column":19}}]}},"s":{"0":1,"1":1,"2":1,"3":1,"4":22,"5":1,"6":1},"f":{"0":22},"b":{"0":[22]}}
,"/home/circleci/project/packages/modal/src/index.ts": {"path":"/home/circleci/project/packages/modal/src/index.ts","statementMap":{"0":{"start":{"line":9,"column":0},"end":{"line":9,"column":9}},"1":{"start":{"line":9,"column":9},"end":{"line":9,"column":76}},"2":{"start":{"line":12,"column":0},"end":{"line":12,"column":9}},"3":{"start":{"line":12,"column":9},"end":{"line":12,"column":72}}},"fnMap":{"0":{"name":"(anonymous_0)","decl":{"start":{"line":9,"column":9},"end":{"line":9,"column":17}},"loc":{"start":{"line":9,"column":9},"end":{"line":9,"column":76}}},"1":{"name":"(anonymous_1)","decl":{"start":{"line":12,"column":9},"end":{"line":12,"column":23}},"loc":{"start":{"line":12,"column":9},"end":{"line":12,"column":72}}}},"branchMap":{},"s":{"0":1,"1":1,"2":1,"3":12},"f":{"0":0,"1":11},"b":{}}
,"/home/circleci/project/packages/modal/src/useModal.ts": {"path":"/home/circleci/project/packages/modal/src/useModal.ts","statementMap":{"0":{"start":{"line":8,"column":0},"end":{"line":8,"column":41}},"1":{"start":{"line":9,"column":0},"end":{"line":9,"column":39}},"2":{"start":{"line":10,"column":0},"end":{"line":10,"column":85}},"3":{"start":{"line":11,"column":0},"end":{"line":11,"column":66}},"4":{"start":{"line":47,"column":15},"end":{"line":47,"column":27}},"5":{"start":{"line":48,"column":21},"end":{"line":48,"column":70}},"6":{"start":{"line":49,"column":18},"end":{"line":49,"column":38}},"7":{"start":{"line":50,"column":20},"end":{"line":50,"column":42}},"8":{"start":{"line":51,"column":31},"end":{"line":51,"column":44}},"9":{"start":{"line":53,"column":21},"end":{"line":55,"column":3}},"10":{"start":{"line":54,"column":4},"end":{"line":54,"column":30}},"11":{"start":{"line":57,"column":27},"end":{"line":75,"column":3}},"12":{"start":{"line":58,"column":24},"end":{"line":58,"column":42}},"13":{"start":{"line":60,"column":4},"end":{"line":74,"column":6}},"14":{"start":{"line":62,"column":23},"end":{"line":62,"column":50}},"15":{"start":{"line":63,"column":33},"end":{"line":63,"column":96}},"16":{"start":{"line":65,"column":8},"end":{"line":67,"column":null}},"17":{"start":{"line":66,"column":10},"end":{"line":66,"column":28}},"18":{"start":{"line":69,"column":8},"end":{"line":69,"column":45}},"19":{"start":{"line":77,"column":24},"end":{"line":94,"column":3}},"20":{"start":{"line":78,"column":4},"end":{"line":93,"column":6}},"21":{"start":{"line":85,"column":8},"end":{"line":85,"column":44}},"22":{"start":{"line":88,"column":8},"end":{"line":90,"column":null}},"23":{"start":{"line":89,"column":10},"end":{"line":89,"column":28}},"24":{"start":{"line":96,"column":24},"end":{"line":101,"column":3}},"25":{"start":{"line":97,"column":4},"end":{"line":100,"column":6}},"26":{"start":{"line":103,"column":26},"end":{"line":108,"column":3}},"27":{"start":{"line":104,"column":4},"end":{"line":107,"column":6}},"28":{"start":{"line":110,"column":24},"end":{"line":118,"column":3}},"29":{"start":{"line":111,"column":4},"end":{"line":117,"column":6}},"30":{"start":{"line":114,"column":8},"end":{"line":114,"column":26}},"31":{"start":{"line":120,"column":32},"end":{"line":125,"column":4}},"32":{"start":{"line":127,"column":2},"end":{"line":134,"column":4}},"33":{"start":{"line":129,"column":28},"end":{"line":129,"column":67}},"34":{"start":{"line":37,"column":0},"end":{"line":37,"column":16}}},"fnMap":{"0":{"name":"useModal","decl":{"start":{"line":37,"column":16},"end":{"line":37,"column":24}},"loc":{"start":{"line":45,"column":31},"end":{"line":135,"column":1}}},"1":{"name":"(anonymous_1)","decl":{"start":{"line":53,"column":21},"end":{"line":53,"column":22}},"loc":{"start":{"line":53,"column":59},"end":{"line":55,"column":3}}},"2":{"name":"(anonymous_2)","decl":{"start":{"line":57,"column":27},"end":{"line":57,"column":28}},"loc":{"start":{"line":57,"column":67},"end":{"line":75,"column":3}}},"3":{"name":"(anonymous_3)","decl":{"start":{"line":61,"column":49},"end":{"line":61,"column":50}},"loc":{"start":{"line":61,"column":71},"end":{"line":70,"column":7}}},"4":{"name":"(anonymous_4)","decl":{"start":{"line":77,"column":24},"end":{"line":77,"column":25}},"loc":{"start":{"line":77,"column":94},"end":{"line":94,"column":3}}},"5":{"name":"(anonymous_5)","decl":{"start":{"line":84,"column":53},"end":{"line":84,"column":56}},"loc":{"start":{"line":84,"column":58},"end":{"line":86,"column":7}}},"6":{"name":"(anonymous_6)","decl":{"start":{"line":87,"column":49},"end":{"line":87,"column":50}},"loc":{"start":{"line":87,"column":74},"end":{"line":91,"column":7}}},"7":{"name":"(anonymous_7)","decl":{"start":{"line":96,"column":24},"end":{"line":96,"column":25}},"loc":{"start":{"line":96,"column":67},"end":{"line":101,"column":3}}},"8":{"name":"(anonymous_8)","decl":{"start":{"line":103,"column":26},"end":{"line":103,"column":27}},"loc":{"start":{"line":103,"column":71},"end":{"line":108,"column":3}}},"9":{"name":"(anonymous_9)","decl":{"start":{"line":110,"column":24},"end":{"line":110,"column":25}},"loc":{"start":{"line":110,"column":62},"end":{"line":118,"column":3}}},"10":{"name":"(anonymous_10)","decl":{"start":{"line":113,"column":45},"end":{"line":113,"column":46}},"loc":{"start":{"line":113,"column":67},"end":{"line":115,"column":7}}},"11":{"name":"(anonymous_11)","decl":{"start":{"line":129,"column":19},"end":{"line":129,"column":24}},"loc":{"start":{"line":129,"column":28},"end":{"line":129,"column":67}}}},"branchMap":{"0":{"loc":{"start":{"line":45,"column":22},"end":{"line":45,"column":31}},"type":"default-arg","locations":[{"start":{"line":45,"column":22},"end":{"line":45,"column":31}}]},"1":{"loc":{"start":{"line":48,"column":30},"end":{"line":48,"column":33}},"type":"binary-expr","locations":[{"start":{"line":48,"column":30},"end":{"line":48,"column":33}},{"start":{"line":48,"column":37},"end":{"line":48,"column":69}}]},"2":{"loc":{"start":{"line":54,"column":4},"end":{"line":54,"column":11}},"type":"binary-expr","locations":[{"start":{"line":54,"column":4},"end":{"line":54,"column":11}},{"start":{"line":54,"column":15},"end":{"line":54,"column":29}}]},"3":{"loc":{"start":{"line":57,"column":54},"end":{"line":57,"column":63}},"type":"default-arg","locations":[{"start":{"line":57,"column":54},"end":{"line":57,"column":63}}]},"4":{"loc":{"start":{"line":65,"column":8},"end":{"line":67,"column":null}},"type":"if","locations":[{"start":{"line":65,"column":8},"end":{"line":67,"column":null}},{"start":{"line":65,"column":8},"end":{"line":67,"column":null}}]},"5":{"loc":{"start":{"line":65,"column":12},"end":{"line":65,"column":41}},"type":"binary-expr","locations":[{"start":{"line":65,"column":12},"end":{"line":65,"column":41}},{"start":{"line":65,"column":45},"end":{"line":65,"column":61}}]},"6":{"loc":{"start":{"line":77,"column":81},"end":{"line":77,"column":90}},"type":"default-arg","locations":[{"start":{"line":77,"column":81},"end":{"line":77,"column":90}}]},"7":{"loc":{"start":{"line":77,"column":34},"end":{"line":77,"column":42}},"type":"default-arg","locations":[{"start":{"line":77,"column":34},"end":{"line":77,"column":42}}]},"8":{"loc":{"start":{"line":88,"column":8},"end":{"line":90,"column":null}},"type":"if","locations":[{"start":{"line":88,"column":8},"end":{"line":90,"column":null}},{"start":{"line":88,"column":8},"end":{"line":90,"column":null}}]},"9":{"loc":{"start":{"line":96,"column":54},"end":{"line":96,"column":63}},"type":"default-arg","locations":[{"start":{"line":96,"column":54},"end":{"line":96,"column":63}}]},"10":{"loc":{"start":{"line":96,"column":32},"end":{"line":96,"column":39}},"type":"default-arg","locations":[{"start":{"line":96,"column":32},"end":{"line":96,"column":39}}]},"11":{"loc":{"start":{"line":103,"column":58},"end":{"line":103,"column":67}},"type":"default-arg","locations":[{"start":{"line":103,"column":58},"end":{"line":103,"column":67}}]},"12":{"loc":{"start":{"line":103,"column":34},"end":{"line":103,"column":43}},"type":"default-arg","locations":[{"start":{"line":103,"column":34},"end":{"line":103,"column":43}}]},"13":{"loc":{"start":{"line":110,"column":49},"end":{"line":110,"column":58}},"type":"default-arg","locations":[{"start":{"line":110,"column":49},"end":{"line":110,"column":58}}]}},"s":{"0":1,"1":1,"2":1,"3":1,"4":22,"5":22,"6":22,"7":22,"8":22,"9":22,"10":4,"11":22,"12":22,"13":22,"14":5,"15":5,"16":5,"17":1,"18":5,"19":22,"20":22,"21":4,"22":2,"23":1,"24":22,"25":22,"26":22,"27":22,"28":22,"29":22,"30":1,"31":22,"32":22,"33":22,"34":1},"f":{"0":22,"1":4,"2":22,"3":5,"4":22,"5":4,"6":2,"7":22,"8":22,"9":22,"10":1,"11":22},"b":{"0":[0],"1":[22,0],"2":[4,4],"3":[0],"4":[1,4],"5":[5,1],"6":[0],"7":[22],"8":[1,1],"9":[0],"10":[22],"11":[0],"12":[22],"13":[0]}}
,"/home/circleci/project/packages/pagination/src/PaginationContainer.tsx": {"path":"/home/circleci/project/packages/pagination/src/PaginationContainer.tsx","statementMap":{"0":{"start":{"line":8,"column":0},"end":{"line":8,"column":26}},"1":{"start":{"line":9,"column":0},"end":{"line":9,"column":35}},"2":{"start":{"line":11,"column":0},"end":{"line":11,"column":96}},"3":{"start":{"line":20,"column":92},"end":{"line":26,"column":1}},"4":{"start":{"line":25,"column":2},"end":{"line":25,"column":70}},"5":{"start":{"line":20,"column":13},"end":{"line":20,"column":92}},"6":{"start":{"line":28,"column":0},"end":{"line":35,"column":2}}},"fnMap":{"0":{"name":"(anonymous_1)","decl":{"start":{"line":20,"column":92},"end":{"line":20,"column":93}},"loc":{"start":{"line":24,"column":5},"end":{"line":26,"column":1}}}},"branchMap":{"0":{"loc":{"start":{"line":22,"column":11},"end":{"line":22,"column":19}},"type":"default-arg","locations":[{"start":{"line":22,"column":11},"end":{"line":22,"column":19}}]}},"s":{"0":1,"1":1,"2":1,"3":1,"4":22,"5":1,"6":1},"f":{"0":22},"b":{"0":[22]}}
[...]
,"/home/circleci/project/packages/tooltip/src/TooltipContainer.tsx": {"path":"/home/circleci/project/packages/tooltip/src/TooltipContainer.tsx","statementMap":{"0":{"start":{"line":8,"column":0},"end":{"line":8,"column":26}},"1":{"start":{"line":9,"column":0},"end":{"line":9,"column":35}},"2":{"start":{"line":11,"column":0},"end":{"line":11,"column":84}},"3":{"start":{"line":20,"column":81},"end":{"line":26,"column":1}},"4":{"start":{"line":25,"column":2},"end":{"line":25,"column":67}},"5":{"start":{"line":20,"column":13},"end":{"line":20,"column":81}},"6":{"start":{"line":28,"column":0},"end":{"line":33,"column":2}}},"fnMap":{"0":{"name":"(anonymous_1)","decl":{"start":{"line":20,"column":81},"end":{"line":20,"column":82}},"loc":{"start":{"line":24,"column":5},"end":{"line":26,"column":1}}}},"branchMap":{"0":{"loc":{"start":{"line":22,"column":11},"end":{"line":22,"column":19}},"type":"default-arg","locations":[{"start":{"line":22,"column":11},"end":{"line":22,"column":19}}]}},"s":{"0":1,"1":1,"2":1,"3":1,"4":28,"5":1,"6":1},"f":{"0":28},"b":{"0":[28]}}
,"/home/circleci/project/packages/tooltip/src/index.ts": {"path":"/home/circleci/project/packages/tooltip/src/index.ts","statementMap":{"0":{"start":{"line":9,"column":0},"end":{"line":9,"column":9}},"1":{"start":{"line":9,"column":9},"end":{"line":9,"column":84}},"2":{"start":{"line":12,"column":0},"end":{"line":12,"column":9}},"3":{"start":{"line":12,"column":9},"end":{"line":12,"column":78}}},"fnMap":{"0":{"name":"(anonymous_0)","decl":{"start":{"line":9,"column":9},"end":{"line":9,"column":19}},"loc":{"start":{"line":9,"column":9},"end":{"line":9,"column":84}}},"1":{"name":"(anonymous_1)","decl":{"start":{"line":12,"column":9},"end":{"line":12,"column":25}},"loc":{"start":{"line":12,"column":9},"end":{"line":12,"column":78}}}},"branchMap":{},"s":{"0":1,"1":1,"2":1,"3":16},"f":{"0":0,"1":15},"b":{}}
,"/home/circleci/project/packages/tooltip/src/useTooltip.ts": {"path":"/home/circleci/project/packages/tooltip/src/useTooltip.ts","statementMap":{"0":{"start":{"line":8,"column":0},"end":{"line":8,"column":52}},"1":{"start":{"line":9,"column":0},"end":{"line":9,"column":39}},"2":{"start":{"line":10,"column":0},"end":{"line":10,"column":85}},"3":{"start":{"line":28,"column":26},"end":{"line":126,"column":1}},"4":{"start":{"line":33,"column":38},"end":{"line":33,"column":57}},"5":{"start":{"line":34,"column":15},"end":{"line":34,"column":27}},"6":{"start":{"line":35,"column":16},"end":{"line":35,"column":66}},"7":{"start":{"line":36,"column":20},"end":{"line":36,"column":33}},"8":{"start":{"line":41,"column":22},"end":{"line":51,"column":3}},"9":{"start":{"line":42,"column":4},"end":{"line":42,"column":40}},"10":{"start":{"line":44,"column":20},"end":{"line":48,"column":15}},"11":{"start":{"line":45,"column":6},"end":{"line":47,"column":null}},"12":{"start":{"line":46,"column":8},"end":{"line":46,"column":28}},"13":{"start":{"line":50,"column":4},"end":{"line":50,"column":43}},"14":{"start":{"line":53,"column":23},"end":{"line":63,"column":3}},"15":{"start":{"line":54,"column":4},"end":{"line":54,"column":39}},"16":{"start":{"line":56,"column":20},"end":{"line":60,"column":15}},"17":{"start":{"line":57,"column":6},"end":{"line":59,"column":null}},"18":{"start":{"line":58,"column":8},"end":{"line":58,"column":29}},"19":{"start":{"line":62,"column":4},"end":{"line":62,"column":44}},"20":{"start":{"line":68,"column":2},"end":{"line":74,"column":9}},"21":{"start":{"line":69,"column":4},"end":{"line":69,"column":29}},"22":{"start":{"line":71,"column":4},"end":{"line":73,"column":6}},"23":{"start":{"line":72,"column":6},"end":{"line":72,"column":32}},"24":{"start":{"line":77,"column":2},"end":{"line":82,"column":52}},"25":{"start":{"line":78,"column":4},"end":{"line":81,"column":6}},"26":{"start":{"line":79,"column":6},"end":{"line":79,"column":41}},"27":{"start":{"line":80,"column":6},"end":{"line":80,"column":42}},"28":{"start":{"line":84,"column":26},"end":{"line":104,"column":3}},"29":{"start":{"line":87,"column":4},"end":{"line":103,"column":6}},"30":{"start":{"line":89,"column":61},"end":{"line":89,"column":74}},"31":{"start":{"line":90,"column":61},"end":{"line":90,"column":75}},"32":{"start":{"line":91,"column":51},"end":{"line":91,"column":64}},"33":{"start":{"line":93,"column":49},"end":{"line":93,"column":64}},"34":{"start":{"line":95,"column":8},"end":{"line":97,"column":null}},"35":{"start":{"line":96,"column":10},"end":{"line":96,"column":26}},"36":{"start":{"line":106,"column":26},"end":{"line":117,"column":3}},"37":{"start":{"line":109,"column":4},"end":{"line":116,"column":6}},"38":{"start":{"line":111,"column":61},"end":{"line":111,"column":74}},"39":{"start":{"line":112,"column":61},"end":{"line":112,"column":75}},"40":{"start":{"line":119,"column":2},"end":{"line":125,"column":4}},"41":{"start":{"line":28,"column":13},"end":{"line":28,"column":26}}},"fnMap":{"0":{"name":"(anonymous_0)","decl":{"start":{"line":28,"column":26},"end":{"line":28,"column":27}},"loc":{"start":{"line":32,"column":52},"end":{"line":126,"column":1}}},"1":{"name":"(anonymous_1)","decl":{"start":{"line":41,"column":22},"end":{"line":41,"column":23}},"loc":{"start":{"line":41,"column":54},"end":{"line":51,"column":3}}},"2":{"name":"(anonymous_2)","decl":{"start":{"line":44,"column":31},"end":{"line":44,"column":34}},"loc":{"start":{"line":44,"column":36},"end":{"line":48,"column":5}}},"3":{"name":"(anonymous_3)","decl":{"start":{"line":53,"column":23},"end":{"line":53,"column":24}},"loc":{"start":{"line":53,"column":55},"end":{"line":63,"column":3}}},"4":{"name":"(anonymous_4)","decl":{"start":{"line":56,"column":31},"end":{"line":56,"column":34}},"loc":{"start":{"line":56,"column":36},"end":{"line":60,"column":5}}},"5":{"name":"(anonymous_5)","decl":{"start":{"line":68,"column":12},"end":{"line":68,"column":15}},"loc":{"start":{"line":68,"column":17},"end":{"line":74,"column":3}}},"6":{"name":"(anonymous_6)","decl":{"start":{"line":71,"column":11},"end":{"line":71,"column":14}},"loc":{"start":{"line":71,"column":16},"end":{"line":73,"column":5}}},"7":{"name":"(anonymous_7)","decl":{"start":{"line":77,"column":12},"end":{"line":77,"column":15}},"loc":{"start":{"line":77,"column":17},"end":{"line":82,"column":3}}},"8":{"name":"(anonymous_8)","decl":{"start":{"line":78,"column":11},"end":{"line":78,"column":14}},"loc":{"start":{"line":78,"column":16},"end":{"line":81,"column":5}}},"9":{"name":"(anonymous_9)","decl":{"start":{"line":84,"column":26},"end":{"line":84,"column":null}},"loc":{"start":{"line":86,"column":6},"end":{"line":104,"column":3}}},"10":{"name":"(anonymous_10)","decl":{"start":{"line":89,"column":55},"end":{"line":89,"column":58}},"loc":{"start":{"line":89,"column":61},"end":{"line":89,"column":74}}},"11":{"name":"(anonymous_11)","decl":{"start":{"line":90,"column":55},"end":{"line":90,"column":58}},"loc":{"start":{"line":90,"column":61},"end":{"line":90,"column":75}}},"12":{"name":"(anonymous_12)","decl":{"start":{"line":91,"column":45},"end":{"line":91,"column":48}},"loc":{"start":{"line":91,"column":51},"end":{"line":91,"column":64}}},"13":{"name":"(anonymous_13)","decl":{"start":{"line":93,"column":43},"end":{"line":93,"column":46}},"loc":{"start":{"line":93,"column":49},"end":{"line":93,"column":64}}},"14":{"name":"(anonymous_14)","decl":{"start":{"line":94,"column":49},"end":{"line":94,"column":50}},"loc":{"start":{"line":94,"column":74},"end":{"line":98,"column":7}}},"15":{"name":"(anonymous_15)","decl":{"start":{"line":106,"column":26},"end":{"line":106,"column":null}},"loc":{"start":{"line":108,"column":6},"end":{"line":117,"column":3}}},"16":{"name":"(anonymous_16)","decl":{"start":{"line":111,"column":55},"end":{"line":111,"column":58}},"loc":{"start":{"line":111,"column":61},"end":{"line":111,"column":74}}},"17":{"name":"(anonymous_17)","decl":{"start":{"line":112,"column":55},"end":{"line":112,"column":58}},"loc":{"start":{"line":112,"column":61},"end":{"line":112,"column":75}}}},"branchMap":{"0":{"loc":{"start":{"line":32,"column":22},"end":{"line":32,"column":24}},"type":"default-arg","locations":[{"start":{"line":32,"column":22},"end":{"line":32,"column":24}}]},"1":{"loc":{"start":{"line":29,"column":22},"end":{"line":29,"column":25}},"type":"default-arg","locations":[{"start":{"line":29,"column":22},"end":{"line":29,"column":25}}]},"2":{"loc":{"start":{"line":35,"column":25},"end":{"line":35,"column":27}},"type":"binary-expr","locations":[{"start":{"line":35,"column":25},"end":{"line":35,"column":27}},{"start":{"line":35,"column":31},"end":{"line":35,"column":65}}]},"3":{"loc":{"start":{"line":41,"column":33},"end":{"line":41,"column":50}},"type":"default-arg","locations":[{"start":{"line":41,"column":33},"end":{"line":41,"column":50}}]},"4":{"loc":{"start":{"line":45,"column":6},"end":{"line":47,"column":null}},"type":"if","locations":[{"start":{"line":45,"column":6},"end":{"line":47,"column":null}},{"start":{"line":45,"column":6},"end":{"line":47,"column":null}}]},"5":{"loc":{"start":{"line":53,"column":34},"end":{"line":53,"column":51}},"type":"default-arg","locations":[{"start":{"line":53,"column":34},"end":{"line":53,"column":51}}]},"6":{"loc":{"start":{"line":57,"column":6},"end":{"line":59,"column":null}},"type":"if","locations":[{"start":{"line":57,"column":6},"end":{"line":59,"column":null}},{"start":{"line":57,"column":6},"end":{"line":59,"column":null}}]},"7":{"loc":{"start":{"line":85,"column":89},"end":{"line":85,"column":98}},"type":"default-arg","locations":[{"start":{"line":85,"column":89},"end":{"line":85,"column":98}}]},"8":{"loc":{"start":{"line":85,"column":17},"end":{"line":85,"column":18}},"type":"default-arg","locations":[{"start":{"line":85,"column":17},"end":{"line":85,"column":18}}]},"9":{"loc":{"start":{"line":95,"column":8},"end":{"line":97,"column":null}},"type":"if","locations":[{"start":{"line":95,"column":8},"end":{"line":97,"column":null}},{"start":{"line":95,"column":8},"end":{"line":97,"column":null}}]},"10":{"loc":{"start":{"line":95,"column":12},"end":{"line":95,"column":46}},"type":"binary-expr","locations":[{"start":{"line":95,"column":12},"end":{"line":95,"column":46}},{"start":{"line":95,"column":50},"end":{"line":95,"column":60}}]},"11":{"loc":{"start":{"line":107,"column":65},"end":{"line":107,"column":74}},"type":"default-arg","locations":[{"start":{"line":107,"column":65},"end":{"line":107,"column":74}}]},"12":{"loc":{"start":{"line":107,"column":13},"end":{"line":107,"column":22}},"type":"default-arg","locations":[{"start":{"line":107,"column":13},"end":{"line":107,"column":22}}]}},"s":{"0":1,"1":1,"2":1,"3":1,"4":28,"5":28,"6":28,"7":28,"8":28,"9":13,"10":13,"11":9,"12":9,"13":13,"14":28,"15":6,"16":6,"17":5,"18":4,"19":6,"20":28,"21":15,"22":15,"23":15,"24":28,"25":15,"26":15,"27":15,"28":28,"29":28,"30":8,"31":4,"32":5,"33":1,"34":3,"35":1,"36":28,"37":28,"38":0,"39":0,"40":28,"41":1},"f":{"0":28,"1":13,"2":9,"3":6,"4":5,"5":15,"6":15,"7":15,"8":15,"9":28,"10":8,"11":4,"12":5,"13":1,"14":3,"15":28,"16":0,"17":0},"b":{"0":[0],"1":[28],"2":[28,0],"3":[13],"4":[9,0],"5":[4],"6":[4,1],"7":[28],"8":[28],"9":[1,2],"10":[3,1],"11":[28],"12":[28]}}
,"/home/circleci/project/packages/utilities/src/index.ts": {"path":"/home/circleci/project/packages/utilities/src/index.ts","statementMap":{"0":{"start":{"line":8,"column":0},"end":{"line":8,"column":9}},"1":{"start":{"line":8,"column":9},"end":{"line":8,"column":68}},"2":{"start":{"line":9,"column":0},"end":{"line":9,"column":9}},"3":{"start":{"line":9,"column":9},"end":{"line":9,"column":21}},"4":{"start":{"line":9,"column":21},"end":{"line":9,"column":61}},"5":{"start":{"line":10,"column":0},"end":{"line":10,"column":9}},"6":{"start":{"line":10,"column":9},"end":{"line":10,"column":64}},"7":{"start":{"line":11,"column":0},"end":{"line":11,"column":9}},"8":{"start":{"line":11,"column":9},"end":{"line":11,"column":58}},"9":{"start":{"line":12,"column":0},"end":{"line":12,"column":9}},"10":{"start":{"line":12,"column":9},"end":{"line":12,"column":46}}},"fnMap":{"0":{"name":"(anonymous_0)","decl":{"start":{"line":8,"column":9},"end":{"line":8,"column":29}},"loc":{"start":{"line":8,"column":9},"end":{"line":8,"column":68}}},"1":{"name":"(anonymous_1)","decl":{"start":{"line":9,"column":9},"end":{"line":9,"column":19}},"loc":{"start":{"line":9,"column":9},"end":{"line":9,"column":21}}},"2":{"name":"(anonymous_2)","decl":{"start":{"line":9,"column":21},"end":{"line":9,"column":33}},"loc":{"start":{"line":9,"column":21},"end":{"line":9,"column":61}}},"3":{"name":"(anonymous_3)","decl":{"start":{"line":10,"column":9},"end":{"line":10,"column":27}},"loc":{"start":{"line":10,"column":9},"end":{"line":10,"column":64}}},"4":{"name":"(anonymous_4)","decl":{"start":{"line":11,"column":9},"end":{"line":11,"column":24}},"loc":{"start":{"line":11,"column":9},"end":{"line":11,"column":58}}},"5":{"name":"(anonymous_5)","decl":{"start":{"line":12,"column":9},"end":{"line":12,"column":18}},"loc":{"start":{"line":12,"column":9},"end":{"line":12,"column":46}}}},"branchMap":{},"s":{"0":9,"1":2038,"2":9,"3":9,"4":9,"5":9,"6":422,"7":9,"8":9,"9":9,"10":173},"f":{"0":2029,"1":0,"2":0,"3":413,"4":0,"5":164},"b":{}}
,"/home/circleci/project/packages/utilities/src/utils/IdManager.ts": {"path":"/home/circleci/project/packages/utilities/src/utils/IdManager.ts","statementMap":{"0":{"start":{"line":8,"column":16},"end":{"line":8,"column":17}},"1":{"start":{"line":16,"column":2},"end":{"line":16,"column":36}},"2":{"start":{"line":15,"column":0},"end":{"line":15,"column":16}},"3":{"start":{"line":24,"column":2},"end":{"line":24,"column":18}},"4":{"start":{"line":23,"column":0},"end":{"line":23,"column":16}}},"fnMap":{"0":{"name":"generateId","decl":{"start":{"line":15,"column":16},"end":{"line":15,"column":26}},"loc":{"start":{"line":15,"column":44},"end":{"line":17,"column":1}}},"1":{"name":"setIdCounter","decl":{"start":{"line":23,"column":16},"end":{"line":23,"column":28}},"loc":{"start":{"line":23,"column":40},"end":{"line":25,"column":1}}}},"branchMap":{"0":{"loc":{"start":{"line":15,"column":36},"end":{"line":15,"column":44}},"type":"default-arg","locations":[{"start":{"line":15,"column":36},"end":{"line":15,"column":44}}]}},"s":{"0":10,"1":3,"2":10,"3":4,"4":10},"f":{"0":3,"1":4},"b":{"0":[2]}}
,"/home/circleci/project/packages/utilities/src/utils/KEY_CODES.ts": {"path":"/home/circleci/project/packages/utilities/src/utils/KEY_CODES.ts","statementMap":{"0":{"start":{"line":14,"column":13},"end":{"line":39,"column":2}}},"fnMap":{},"branchMap":{},"s":{"0":9},"f":{},"b":{}}
,"/home/circleci/project/packages/utilities/src/utils/composeEventHandlers.ts": {"path":"/home/circleci/project/packages/utilities/src/utils/composeEventHandlers.ts","statementMap":{"0":{"start":{"line":27,"column":2},"end":{"line":32,"column":7}},"1":{"start":{"line":28,"column":4},"end":{"line":32,"column":6}},"2":{"start":{"line":29,"column":6},"end":{"line":29,"column":31}},"3":{"start":{"line":31,"column":6},"end":{"line":31,"column":45}},"4":{"start":{"line":26,"column":0},"end":{"line":26,"column":16}}},"fnMap":{"0":{"name":"composeEventHandlers","decl":{"start":{"line":26,"column":16},"end":{"line":26,"column":36}},"loc":{"start":{"line":26,"column":69},"end":{"line":33,"column":1}}},"1":{"name":"(anonymous_1)","decl":{"start":{"line":27,"column":9},"end":{"line":27,"column":10}},"loc":{"start":{"line":28,"column":4},"end":{"line":32,"column":6}}},"2":{"name":"(anonymous_2)","decl":{"start":{"line":28,"column":13},"end":{"line":28,"column":15}},"loc":{"start":{"line":28,"column":18},"end":{"line":32,"column":5}}}},"branchMap":{"0":{"loc":{"start":{"line":29,"column":6},"end":{"line":29,"column":8}},"type":"binary-expr","locations":[{"start":{"line":29,"column":6},"end":{"line":29,"column":8}},{"start":{"line":29,"column":12},"end":{"line":29,"column":30}}]},"1":{"loc":{"start":{"line":31,"column":13},"end":{"line":31,"column":18}},"type":"binary-expr","locations":[{"start":{"line":31,"column":13},"end":{"line":31,"column":18}},{"start":{"line":31,"column":22},"end":{"line":31,"column":44}}]}},"s":{"0":2031,"1":169,"2":337,"3":336,"4":10},"f":{"0":2031,"1":169,"2":337},"b":{"0":[337,172],"1":[336,336]}}
,"/home/circleci/project/packages/utilities/src/utils/getControlledValue.ts": {"path":"/home/circleci/project/packages/utilities/src/utils/getControlledValue.ts","statementMap":{"0":{"start":{"line":12,"column":2},"end":{"line":16,"column":null}},"1":{"start":{"line":13,"column":4},"end":{"line":15,"column":null}},"2":{"start":{"line":14,"column":6},"end":{"line":14,"column":19}},"3":{"start":{"line":18,"column":2},"end":{"line":18,"column":19}},"4":{"start":{"line":11,"column":0},"end":{"line":11,"column":16}}},"fnMap":{"0":{"name":"getControlledValue","decl":{"start":{"line":11,"column":16},"end":{"line":11,"column":34}},"loc":{"start":{"line":11,"column":52},"end":{"line":19,"column":1}}}},"branchMap":{"0":{"loc":{"start":{"line":13,"column":4},"end":{"line":15,"column":null}},"type":"if","locations":[{"start":{"line":13,"column":4},"end":{"line":15,"column":null}},{"start":{"line":13,"column":4},"end":{"line":15,"column":null}}]}},"s":{"0":415,"1":827,"2":184,"3":231,"4":10},"f":{"0":415},"b":{"0":[184,643]}}
,"/home/circleci/project/packages/utilities/src/utils/useCombinedRefs.ts": {"path":"/home/circleci/project/packages/utilities/src/utils/useCombinedRefs.ts","statementMap":{"0":{"start":{"line":8,"column":0},"end":{"line":8,"column":53}},"1":{"start":{"line":17,"column":20},"end":{"line":17,"column":35}},"2":{"start":{"line":19,"column":2},"end":{"line":34,"column":9}},"3":{"start":{"line":20,"column":4},"end":{"line":28,"column":7}},"4":{"start":{"line":21,"column":6},"end":{"line":21,"column":23}},"5":{"start":{"line":21,"column":16},"end":{"line":21,"column":23}},"6":{"start":{"line":23,"column":6},"end":{"line":27,"column":null}},"7":{"start":{"line":24,"column":8},"end":{"line":24,"column":31}},"8":{"start":{"line":26,"column":9},"end":{"line":26,"column":49}},"9":{"start":{"line":36,"column":2},"end":{"line":36,"column":19}},"10":{"start":{"line":16,"column":0},"end":{"line":16,"column":16}}},"fnMap":{"0":{"name":"useCombinedRefs","decl":{"start":{"line":16,"column":16},"end":{"line":16,"column":31}},"loc":{"start":{"line":16,"column":60},"end":{"line":37,"column":1}}},"1":{"name":"(anonymous_1)","decl":{"start":{"line":19,"column":12},"end":{"line":19,"column":15}},"loc":{"start":{"line":19,"column":17},"end":{"line":34,"column":3}}},"2":{"name":"(anonymous_2)","decl":{"start":{"line":20,"column":17},"end":{"line":20,"column":20}},"loc":{"start":{"line":20,"column":23},"end":{"line":28,"column":5}}}},"branchMap":{"0":{"loc":{"start":{"line":21,"column":6},"end":{"line":21,"column":23}},"type":"if","locations":[{"start":{"line":21,"column":6},"end":{"line":21,"column":23}},{"start":{"line":21,"column":6},"end":{"line":21,"column":23}}]},"1":{"loc":{"start":{"line":23,"column":6},"end":{"line":27,"column":null}},"type":"if","locations":[{"start":{"line":23,"column":6},"end":{"line":27,"column":null}},{"start":{"line":23,"column":6},"end":{"line":27,"column":null}}]}},"s":{"0":10,"1":3,"2":3,"3":3,"4":3,"5":1,"6":2,"7":1,"8":1,"9":3,"10":10},"f":{"0":3,"1":3,"2":3},"b":{"0":[1,2],"1":[1,1]}}
}
