TN:
SF:packages/accordion/src/AccordionContainer.tsx
FN:18,(anonymous_1)
FNF:1
FNH:1
FNDA:59,(anonymous_1)
DA:8,1
DA:9,1
DA:11,1
DA:18,1
DA:19,59
DA:21,59
DA:24,1
DA:29,1
LF:8
LH:8
BRDA:19,0,0,59
BRF:1
BRH:1
end_of_record
TN:
SF:packages/accordion/src/index.ts
FN:10,(anonymous_0)
FN:17,(anonymous_1)
FNF:2
FNH:0
FNDA:0,(anonymous_0)
FNDA:0,(anonymous_1)
DA:9,0
DA:10,0
DA:17,0
LF:3
LH:0
BRF:0
BRH:0
end_of_record
TN:
SF:packages/accordion/src/useAccordion.ts
FN:51,useAccordion
FN:70,(anonymous_1)
FN:74,(anonymous_2)
FN:103,(anonymous_3)
FN:119,(anonymous_4)
FN:142,(anonymous_5)
FN:143,(anonymous_6)
FN:153,(anonymous_7)
FNF:8
FNH:8
FNDA:59,useAccordion
FNDA:18,(anonymous_1)
FNDA:54,(anonymous_2)
FNDA:158,(anonymous_3)
FNDA:158,(anonymous_4)
FNDA:14,(anonymous_5)
FNDA:6,(anonymous_6)
FNDA:158,(anonymous_7)
DA:8,1
DA:9,1
DA:10,1
DA:51,1
DA:58,59
DA:59,59
DA:60,59
DA:61,59
DA:62,59
DA:63,59
DA:65,59
DA:67,59
DA:69,59
DA:70,59
DA:71,18
DA:72,18
DA:74,18
DA:75,54
DA:77,54
DA:78,18
DA:79,36
DA:80,24
DA:83,54
DA:84,26
DA:86,26
DA:87,17
DA:92,18
DA:93,1
DA:96,18
DA:97,18
DA:100,18
DA:103,59
DA:104,158
DA:105,2
DA:110,156
DA:119,59
DA:125,158
DA:126,2
DA:131,156
DA:133,156
DA:142,14
DA:144,6
DA:145,4
DA:146,4
DA:153,59
DA:154,158
DA:155,2
DA:160,156
DA:171,59
LF:49
LH:49
BRDA:57,0,0,0
BRDA:55,1,0,0
BRDA:56,2,0,0
BRDA:58,3,0,59
BRDA:58,3,1,59
BRDA:60,4,0,59
BRDA:60,4,1,12
BRDA:67,5,0,39
BRDA:67,5,1,20
BRDA:77,6,0,18
BRDA:77,6,1,36
BRDA:78,7,0,6
BRDA:78,7,1,12
BRDA:79,8,0,24
BRDA:79,8,1,12
BRDA:83,9,0,26
BRDA:83,9,1,28
BRDA:86,10,0,17
BRDA:86,10,1,9
BRDA:92,11,0,1
BRDA:92,11,1,17
BRDA:96,12,0,18
BRDA:96,12,1,0
BRDA:103,13,0,2
BRDA:103,14,0,143
BRDA:104,15,0,2
BRDA:104,15,1,156
BRDA:124,16,0,2
BRDA:121,17,0,143
BRDA:122,18,0,143
BRDA:125,19,0,2
BRDA:125,19,1,156
BRDA:140,20,0,9
BRDA:140,20,1,147
BRDA:144,21,0,4
BRDA:144,21,1,2
BRDA:144,22,0,6
BRDA:144,22,1,4
BRDA:153,23,0,2
BRDA:153,24,0,143
BRDA:154,25,0,2
BRDA:154,25,1,156
BRDA:164,26,0,9
BRDA:164,26,1,147
BRF:44
BRH:40
end_of_record
TN:
SF:packages/breadcrumb/src/BreadcrumbContainer.tsx
FN:18,(anonymous_1)
FNF:1
FNH:1
FNDA:2,(anonymous_1)
DA:8,1
DA:9,1
DA:11,1
DA:18,1
DA:22,2
DA:25,1
DA:32,1
LF:7
LH:7
BRDA:20,0,0,2
BRF:1
BRH:1
end_of_record
TN:
SF:packages/breadcrumb/src/index.ts
FN:10,(anonymous_0)
FN:13,(anonymous_1)
FNF:2
FNH:0
FNDA:0,(anonymous_0)
FNDA:0,(anonymous_1)
DA:10,0
DA:13,0
LF:2
LH:0
BRF:0
BRH:0
end_of_record
TN:
SF:packages/breadcrumb/src/useBreadcrumb.ts
FN:13,useBreadcrumb
FN:14,(anonymous_1)
FN:26,(anonymous_2)
FNF:3
FNH:3
FNDA:2,useBreadcrumb
FNDA:2,(anonymous_1)
FNDA:2,(anonymous_2)
DA:13,1
DA:14,2
DA:17,2
DA:26,2
DA:27,2
DA:33,2
LF:6
LH:6
BRDA:15,0,0,0
BRDA:15,1,0,2
BRDA:26,2,0,0
BRF:3
BRH:1
end_of_record
TN:
SF:packages/buttongroup/src/ButtonGroupContainer.tsx
FN:18,(anonymous_1)
FNF:1
FNH:1
FNDA:7,(anonymous_1)
DA:8,1
DA:9,1
DA:11,1
DA:18,1
DA:23,7
DA:26,1
LF:6
LH:6
BRDA:20,0,0,7
BRF:1
BRH:1
end_of_record
TN:
SF:packages/buttongroup/src/index.ts
FN:10,(anonymous_0)
FN:17,(anonymous_1)
FNF:2
FNH:0
FNDA:0,(anonymous_0)
FNDA:0,(anonymous_1)
DA:9,0
DA:10,0
DA:17,0
LF:3
LH:0
BRF:0
BRH:0
end_of_record
TN:
SF:packages/buttongroup/src/useButtonGroup.ts
FN:29,useButtonGroup
FN:36,(anonymous_1)
FN:45,(anonymous_2)
FN:56,(anonymous_3)
FN:57,(anonymous_4)
FNF:5
FNH:5
FNDA:7,useButtonGroup
FNDA:7,(anonymous_1)
FNDA:21,(anonymous_2)
FNDA:7,(anonymous_3)
FNDA:21,(anonymous_4)
DA:8,1
DA:29,1
DA:32,7
DA:36,7
DA:37,7
DA:45,7
DA:46,21
DA:53,7
DA:56,7
DA:57,21
LF:10
LH:10
BRDA:36,0,0,0
BRDA:36,1,0,7
BRDA:45,2,0,0
BRDA:45,3,0,21
BRDA:45,4,0,21
BRF:5
BRH:3
end_of_record
TN:
SF:packages/field/src/FieldContainer.tsx
FN:19,(anonymous_1)
FNF:1
FNH:1
FNDA:4,(anonymous_1)
DA:8,1
DA:9,1
DA:11,1
DA:19,1
DA:24,4
DA:27,1
LF:6
LH:6
BRDA:21,0,0,4
BRF:1
BRH:1
end_of_record
TN:
SF:packages/field/src/index.ts
FN:9,(anonymous_0)
FN:12,(anonymous_1)
FNF:2
FNH:0
FNDA:0,(anonymous_0)
FNDA:0,(anonymous_1)
DA:9,0
DA:12,0
LF:2
LH:0
BRF:0
BRH:0
end_of_record
TN:
SF:packages/field/src/useField.ts
FN:20,useField
FN:27,(anonymous_1)
FN:37,(anonymous_2)
FN:46,(anonymous_3)
FNF:4
FNH:4
FNDA:4,useField
FNDA:3,(anonymous_1)
FNDA:4,(anonymous_2)
FNDA:3,(anonymous_3)
DA:8,1
DA:9,1
DA:20,1
DA:21,4
DA:22,4
DA:23,4
DA:24,4
DA:25,4
DA:27,4
DA:28,3
DA:37,4
DA:38,4
DA:46,4
DA:47,3
DA:53,4
LF:15
LH:15
BRDA:22,0,0,4
BRDA:22,0,1,0
BRDA:27,1,0,0
BRDA:27,2,0,3
BRDA:27,3,0,3
BRDA:37,4,0,0
BRDA:37,5,0,4
BRDA:37,6,0,3
BRDA:37,7,0,3
BRDA:41,8,0,1
BRDA:41,8,1,3
BRDA:46,9,0,0
BRDA:46,10,0,3
BRF:13
BRH:9
end_of_record
TN:
SF:packages/focusjail/src/FocusJailContainer.tsx
FN:18,(anonymous_1)
FNF:1
FNH:1
FNDA:21,(anonymous_1)
DA:8,2
DA:9,2
DA:11,2
DA:18,2
DA:23,21
DA:26,2
LF:6
LH:6
BRDA:20,0,0,21
BRF:1
BRH:1
end_of_record
TN:
SF:packages/focusjail/src/index.ts
FN:9,(anonymous_0)
FN:12,(anonymous_1)
FNF:2
FNH:1
FNDA:20,(anonymous_0)
FNDA:0,(anonymous_1)
DA:9,21
DA:12,1
LF:2
LH:2
BRF:0
BRH:0
end_of_record
TN:
SF:packages/focusjail/src/useFocusJail.ts
FN:26,(anonymous_1)
FN:45,(anonymous_2)
FN:52,(anonymous_3)
FN:64,(anonymous_4)
FN:72,(anonymous_5)
FN:80,(anonymous_6)
FN:89,(anonymous_7)
FN:91,(anonymous_8)
FN:118,(anonymous_9)
FN:125,(anonymous_10)
FNF:10
FNH:10
FNDA:41,(anonymous_1)
FNDA:39,(anonymous_2)
FNDA:43,(anonymous_3)
FNDA:5,(anonymous_4)
FNDA:8,(anonymous_5)
FNDA:4,(anonymous_6)
FNDA:39,(anonymous_7)
FNDA:8,(anonymous_8)
FNDA:39,(anonymous_9)
FNDA:39,(anonymous_10)
DA:8,2
DA:9,2
DA:10,2
DA:11,2
DA:26,2
DA:37,41
DA:42,41
DA:45,39
DA:46,39
DA:47,19
DA:51,39
DA:55,43
DA:56,17
DA:58,26
DA:64,39
DA:65,5
DA:66,1
DA:72,39
DA:73,8
DA:74,8
DA:75,8
DA:77,8
DA:80,39
DA:81,4
DA:83,4
DA:89,39
DA:90,39
DA:92,8
DA:93,3
DA:95,5
DA:97,4
DA:99,4
DA:103,1
DA:104,1
DA:107,4
DA:108,3
DA:109,3
DA:118,39
DA:119,39
DA:121,39
DA:122,37
DA:125,39
DA:126,39
DA:127,39
DA:129,39
DA:130,2
DA:135,39
LF:47
LH:47
BRDA:33,0,0,0
BRDA:28,1,0,39
BRDA:29,2,0,29
BRDA:46,3,0,19
BRDA:46,3,1,20
BRDA:55,4,0,17
BRDA:55,4,1,26
BRDA:58,5,0,26
BRDA:58,5,1,14
BRDA:65,6,0,1
BRDA:65,6,1,4
BRDA:73,7,0,0
BRDA:73,7,1,8
BRDA:77,8,0,2
BRDA:77,8,1,6
BRDA:84,9,0,4
BRDA:84,9,1,4
BRDA:85,10,0,4
BRDA:85,10,1,4
BRDA:89,11,0,0
BRDA:92,12,0,3
BRDA:92,12,1,5
BRDA:99,13,0,1
BRDA:99,13,1,3
BRDA:100,14,0,4
BRDA:100,14,1,1
BRDA:100,14,2,0
BRDA:107,15,0,3
BRDA:107,15,1,1
BRDA:107,16,0,4
BRDA:107,16,1,3
BRDA:119,17,0,39
BRDA:119,17,1,39
BRDA:121,18,0,37
BRDA:121,18,1,2
BRDA:129,19,0,2
BRDA:129,19,1,37
BRDA:129,20,0,39
BRDA:129,20,1,3
BRDA:129,20,2,2
BRF:40
BRH:36
end_of_record
TN:
SF:packages/focusvisible/src/FocusVisibleContainer.tsx
FN:18,(anonymous_7)
FNF:1
FNH:1
FNDA:12,(anonymous_7)
DA:8,1
DA:9,1
DA:11,1
DA:18,1
DA:23,12
DA:25,12
DA:27,12
DA:30,1
DA:35,1
LF:9
LH:9
BRDA:20,0,0,12
BRF:1
BRH:1
end_of_record
TN:
SF:packages/focusvisible/src/index.ts
FN:9,(anonymous_0)
FN:12,(anonymous_1)
FNF:2
FNH:2
FNDA:2,(anonymous_0)
FNDA:12,(anonymous_1)
DA:9,3
DA:12,13
LF:2
LH:2
BRF:0
BRH:0
end_of_record
TN:
SF:packages/focusvisible/src/useFocusVisible.ts
FN:38,useFocusVisible
FN:54,(anonymous_1)
FN:65,(anonymous_2)
FN:85,(anonymous_3)
FN:113,(anonymous_4)
FN:125,(anonymous_5)
FN:137,(anonymous_6)
FN:149,(anonymous_7)
FN:168,(anonymous_8)
FN:179,(anonymous_9)
FN:193,(anonymous_10)
FN:208,(anonymous_11)
FN:226,(anonymous_12)
FN:244,(anonymous_13)
FN:256,(anonymous_14)
FN:312,(anonymous_15)
FNF:16
FNH:16
FNDA:14,useFocusVisible
FNDA:12,(anonymous_1)
FNDA:93,(anonymous_2)
FNDA:6,(anonymous_3)
FNDA:41,(anonymous_4)
FNDA:38,(anonymous_5)
FNDA:3,(anonymous_6)
FNDA:78,(anonymous_7)
FNDA:14,(anonymous_8)
FNDA:17,(anonymous_9)
FNDA:4,(anonymous_10)
FNDA:1,(anonymous_11)
FNDA:3,(anonymous_12)
FNDA:12,(anonymous_13)
FNDA:14,(anonymous_14)
FNDA:12,(anonymous_15)
DA:13,1
DA:15,1
DA:38,1
DA:46,14
DA:47,2
DA:50,12
DA:51,12
DA:52,12
DA:54,12
DA:55,12
DA:57,12
DA:58,12
DA:65,12
DA:66,93
DA:74,45
DA:77,48
DA:85,12
DA:86,6
DA:87,6
DA:89,6
DA:94,1
DA:97,5
DA:98,1
DA:103,4
DA:107,4
DA:113,12
DA:114,41
DA:115,29
DA:118,12
DA:125,12
DA:126,38
DA:127,26
DA:130,12
DA:131,12
DA:137,12
DA:138,3
DA:139,3
DA:149,12
DA:150,78
DA:151,6
DA:154,72
DA:155,26
DA:158,72
DA:168,12
DA:169,14
DA:179,12
DA:181,17
DA:182,1
DA:185,16
DA:186,12
DA:193,12
DA:194,4
DA:195,1
DA:198,3
DA:204,3
DA:206,3
DA:208,3
DA:209,1
DA:210,1
DA:213,3
DA:215,3
DA:226,12
DA:227,3
DA:229,3
DA:230,1
DA:233,2
DA:235,2
DA:244,12
DA:245,12
DA:246,12
DA:247,12
DA:248,12
DA:249,12
DA:250,12
DA:251,12
DA:252,12
DA:253,12
DA:256,12
DA:257,14
DA:258,14
DA:259,14
DA:260,14
DA:261,14
DA:262,14
DA:263,14
DA:264,14
DA:265,14
DA:282,12
DA:284,12
DA:285,0
DA:294,12
DA:295,12
DA:296,12
DA:297,12
DA:298,12
DA:300,12
DA:308,12
DA:309,12
DA:312,12
DA:313,12
DA:314,12
DA:315,12
DA:316,12
DA:317,12
DA:319,12
DA:321,12
DA:322,12
DA:324,12
LF:108
LH:107
BRDA:44,0,0,2
BRDA:42,1,0,2
BRDA:43,2,0,2
BRDA:46,3,0,2
BRDA:46,3,1,12
BRDA:57,4,0,12
BRDA:57,4,1,0
BRDA:66,5,0,45
BRDA:66,5,1,48
BRDA:67,6,0,93
BRDA:67,6,1,93
BRDA:67,6,2,91
BRDA:67,6,3,91
BRDA:67,6,4,45
BRDA:67,6,5,45
BRDA:89,7,0,1
BRDA:89,7,1,5
BRDA:90,8,0,6
BRDA:90,8,1,1
BRDA:90,8,2,1
BRDA:97,9,0,1
BRDA:97,9,1,4
BRDA:97,10,0,5
BRDA:97,10,1,1
BRDA:103,11,0,4
BRDA:114,12,0,29
BRDA:114,12,1,12
BRDA:114,13,0,41
BRDA:114,13,1,41
BRDA:114,13,2,12
BRDA:126,14,0,26
BRDA:126,14,1,12
BRDA:130,15,0,12
BRDA:130,15,1,12
BRDA:131,16,0,12
BRDA:131,16,1,12
BRDA:150,17,0,6
BRDA:150,17,1,72
BRDA:150,18,0,78
BRDA:150,18,1,76
BRDA:150,18,2,74
BRDA:154,19,0,26
BRDA:154,19,1,46
BRDA:181,20,0,1
BRDA:181,20,1,16
BRDA:185,21,0,12
BRDA:185,21,1,4
BRDA:185,22,0,16
BRDA:185,22,1,6
BRDA:194,23,0,1
BRDA:194,23,1,3
BRDA:198,24,0,3
BRDA:198,24,1,0
BRDA:229,25,0,1
BRDA:229,25,1,2
BRDA:229,26,0,3
BRDA:229,26,1,3
BRDA:284,27,0,0
BRDA:284,27,1,12
BRDA:284,28,0,12
BRDA:284,28,1,12
BRDA:308,29,0,12
BRDA:308,29,1,12
BRDA:309,30,0,12
BRDA:309,30,1,12
BRDA:321,31,0,12
BRDA:321,31,1,12
BRDA:322,32,0,12
BRDA:322,32,1,12
BRF:69
BRH:66
end_of_record
TN:
SF:packages/keyboardfocus/src/KeyboardFocusContainer.tsx
FN:18,(anonymous_1)
FNF:1
FNH:1
FNDA:9,(anonymous_1)
DA:8,1
DA:9,1
DA:11,1
DA:18,1
DA:22,9
DA:25,1
LF:6
LH:6
BRDA:20,0,0,9
BRF:1
BRH:1
end_of_record
TN:
SF:packages/keyboardfocus/src/index.ts
FN:9,(anonymous_0)
FN:12,(anonymous_1)
FNF:2
FNH:0
FNDA:0,(anonymous_0)
FNDA:0,(anonymous_1)
DA:9,0
DA:12,0
LF:2
LH:0
BRF:0
BRH:0
end_of_record
TN:
SF:packages/keyboardfocus/src/useKeyboardFocus.ts
FN:17,useKeyboardFocus
FN:22,(anonymous_1)
FN:23,(anonymous_2)
FN:28,(anonymous_3)
FN:35,(anonymous_4)
FN:42,(anonymous_5)
FN:48,(anonymous_6)
FN:52,(anonymous_7)
FNF:8
FNH:8
FNDA:9,useKeyboardFocus
FNDA:5,(anonymous_1)
FNDA:5,(anonymous_2)
FNDA:3,(anonymous_3)
FNDA:3,(anonymous_4)
FNDA:4,(anonymous_5)
FNDA:2,(anonymous_6)
FNDA:9,(anonymous_7)
DA:8,1
DA:10,1
DA:17,1
DA:18,9
DA:19,9
DA:20,9
DA:22,9
DA:23,5
DA:24,5
DA:28,9
DA:29,3
DA:35,3
DA:36,3
DA:39,3
DA:42,9
DA:43,4
DA:44,3
DA:48,9
DA:49,2
DA:52,9
DA:63,9
DA:76,9
LF:22
LH:22
BRDA:43,0,0,3
BRDA:43,0,1,1
BRDA:61,1,0,0
BRDA:54,2,0,9
BRF:4
BRH:3
end_of_record
TN:
SF:packages/modal/src/ModalContainer.tsx
FN:18,(anonymous_1)
FNF:1
FNH:1
FNDA:20,(anonymous_1)
DA:8,1
DA:9,1
DA:11,1
DA:18,1
DA:23,20
DA:26,1
LF:6
LH:6
BRDA:20,0,0,20
BRF:1
BRH:1
end_of_record
TN:
SF:packages/modal/src/index.ts
FN:9,(anonymous_0)
FN:12,(anonymous_1)
FNF:2
FNH:0
FNDA:0,(anonymous_0)
FNDA:0,(anonymous_1)
DA:9,0
DA:12,0
LF:2
LH:0
BRF:0
BRH:0
end_of_record
TN:
SF:packages/modal/src/useModal.ts
FN:31,useModal
FN:46,(anonymous_1)
FN:50,(anonymous_2)
FN:52,(anonymous_3)
FN:61,(anonymous_4)
FN:68,(anonymous_5)
FN:75,(anonymous_6)
FN:84,(anonymous_7)
FN:91,(anonymous_8)
FN:98,(anonymous_9)
FN:101,(anonymous_10)
FN:117,(anonymous_11)
FNF:12
FNH:12
FNDA:20,useModal
FNDA:4,(anonymous_1)
FNDA:20,(anonymous_2)
FNDA:1,(anonymous_3)
FNDA:20,(anonymous_4)
FNDA:3,(anonymous_5)
FNDA:2,(anonymous_6)
FNDA:20,(anonymous_7)
FNDA:20,(anonymous_8)
FNDA:20,(anonymous_9)
FNDA:1,(anonymous_10)
FNDA:20,(anonymous_11)
DA:8,1
DA:9,1
DA:10,1
DA:11,1
DA:31,1
DA:41,20
DA:42,20
DA:43,20
DA:44,20
DA:46,20
DA:47,4
DA:50,20
DA:51,20
DA:53,1
DA:61,20
DA:62,20
DA:73,3
DA:76,2
DA:77,1
DA:84,20
DA:85,20
DA:91,20
DA:92,20
DA:98,20
DA:99,20
DA:102,1
DA:108,20
DA:115,20
DA:117,20
LF:29
LH:29
BRDA:39,0,0,0
BRDA:42,1,0,20
BRDA:42,1,1,0
BRDA:47,2,0,4
BRDA:47,2,1,4
BRDA:50,3,0,0
BRDA:61,4,0,0
BRDA:61,5,0,20
BRDA:76,6,0,1
BRDA:76,6,1,1
BRDA:84,7,0,0
BRDA:84,8,0,20
BRDA:91,9,0,0
BRDA:91,10,0,20
BRDA:98,11,0,0
BRF:15
BRH:8
end_of_record
TN:
SF:packages/pagination/src/PaginationContainer.tsx
FN:18,(anonymous_1)
FNF:1
FNH:1
FNDA:22,(anonymous_1)
DA:8,1
DA:9,1
DA:11,1
DA:18,1
DA:23,22
DA:26,1
LF:6
LH:6
BRDA:20,0,0,22
BRF:1
BRH:1
end_of_record
TN:
SF:packages/pagination/src/index.ts
FN:10,(anonymous_0)
FN:18,(anonymous_1)
FNF:2
FNH:0
FNDA:0,(anonymous_0)
FNDA:0,(anonymous_1)
DA:9,0
DA:10,0
DA:18,0
LF:3
LH:0
BRF:0
BRH:0
end_of_record
TN:
SF:packages/pagination/src/usePagination.ts
FN:37,usePagination
FN:47,(anonymous_1)
FN:56,(anonymous_2)
FN:65,(anonymous_3)
FN:74,(anonymous_4)
FN:92,(anonymous_5)
FN:93,(anonymous_6)
FN:94,(anonymous_7)
FN:96,(anonymous_8)
FNF:9
FNH:9
FNDA:22,usePagination
FNDA:1,(anonymous_1)
FNDA:7,(anonymous_2)
FNDA:7,(anonymous_3)
FNDA:14,(anonymous_4)
FNDA:1,(anonymous_5)
FNDA:14,(anonymous_6)
FNDA:7,(anonymous_7)
FNDA:7,(anonymous_8)
DA:8,1
DA:37,1
DA:45,22
DA:47,22
DA:48,1
DA:56,22
DA:57,7
DA:65,22
DA:66,7
DA:74,22
DA:75,14
DA:77,14
DA:78,3
DA:81,14
DA:89,22
DA:92,1
DA:93,14
DA:95,7
DA:96,7
LF:19
LH:19
BRDA:47,0,0,0
BRDA:47,1,0,1
BRDA:56,2,0,0
BRDA:56,3,0,7
BRDA:60,4,0,7
BRDA:60,4,1,6
BRDA:65,5,0,0
BRDA:65,6,0,7
BRDA:69,7,0,7
BRDA:69,7,1,6
BRDA:74,8,0,0
BRDA:74,9,0,14
BRDA:77,10,0,3
BRDA:77,10,1,11
BRDA:77,11,0,14
BRDA:77,11,1,3
BRDA:84,12,0,14
BRDA:84,12,1,13
BRF:18
BRH:14
end_of_record
TN:
SF:packages/schedule/src/ScheduleContainer.tsx
FN:18,(anonymous_1)
FNF:1
FNH:1
FNDA:15,(anonymous_1)
DA:8,1
DA:9,1
DA:11,1
DA:18,1
DA:23,15
DA:26,1
DA:32,1
LF:7
LH:7
BRDA:20,0,0,15
BRF:1
BRH:1
end_of_record
TN:
SF:packages/schedule/src/index.ts
FN:8,(anonymous_0)
FN:9,(anonymous_1)
FNF:2
FNH:0
FNDA:0,(anonymous_0)
FNDA:0,(anonymous_1)
DA:8,0
DA:9,0
LF:2
LH:0
BRF:0
BRH:0
end_of_record
TN:
SF:packages/schedule/src/useSchedule.ts
FN:22,(anonymous_0)
FN:30,(anonymous_1)
FN:36,(anonymous_2)
FN:45,(anonymous_3)
FN:50,(anonymous_4)
FN:55,(anonymous_5)
FN:69,(anonymous_6)
FNF:7
FNH:7
FNDA:15,(anonymous_0)
FNDA:9,(anonymous_1)
FNDA:73,(anonymous_2)
FNDA:65,(anonymous_3)
FNDA:8,(anonymous_4)
FNDA:3,(anonymous_5)
FNDA:9,(anonymous_6)
DA:8,1
DA:22,1
DA:27,15
DA:28,15
DA:30,15
DA:34,9
DA:36,9
DA:37,73
DA:38,0
DA:42,73
DA:45,9
DA:46,65
DA:47,65
DA:50,9
DA:51,8
DA:52,0
DA:55,8
DA:56,3
DA:57,3
DA:58,3
DA:62,8
DA:63,8
DA:64,8
DA:67,9
DA:69,9
DA:70,9
DA:71,9
DA:72,9
DA:73,9
DA:77,15
LF:30
LH:28
BRDA:26,0,0,0
BRDA:23,1,0,0
BRDA:24,2,0,0
BRDA:25,3,0,0
BRDA:37,4,0,0
BRDA:37,4,1,73
BRDA:51,5,0,0
BRDA:51,5,1,8
BRDA:58,6,0,2
BRDA:58,6,1,1
BRF:10
BRH:4
end_of_record
TN:
SF:packages/selection/src/SelectionContainer.tsx
FN:18,(anonymous_1)
FNF:1
FNH:1
FNDA:119,(anonymous_1)
DA:8,4
DA:9,4
DA:11,4
DA:18,4
DA:23,119
DA:26,4
DA:31,4
LF:7
LH:7
BRDA:20,0,0,119
BRF:1
BRH:1
end_of_record
TN:
SF:packages/selection/src/index.ts
FN:10,(anonymous_0)
FN:18,(anonymous_1)
FNF:2
FNH:1
FNDA:56,(anonymous_0)
FNDA:0,(anonymous_1)
DA:9,3
DA:10,59
DA:18,3
LF:3
LH:3
BRF:0
BRH:0
end_of_record
TN:
SF:packages/selection/src/useSelection.ts
FN:76,stateReducer
FN:200,useSelection
FN:221,(anonymous_2)
FN:229,(anonymous_3)
FN:239,(anonymous_4)
FN:247,(anonymous_5)
FN:294,(anonymous_6)
FN:297,(anonymous_7)
FN:302,(anonymous_8)
FN:305,(anonymous_9)
FNF:10
FNH:10
FNDA:98,stateReducer
FNDA:175,useSelection
FNDA:127,(anonymous_2)
FNDA:57,(anonymous_3)
FNDA:143,(anonymous_4)
FNDA:459,(anonymous_5)
FNDA:46,(anonymous_6)
FNDA:15,(anonymous_7)
FNDA:24,(anonymous_8)
FNDA:23,(anonymous_9)
DA:8,4
DA:9,4
DA:77,98
DA:79,46
DA:80,1
DA:81,1
DA:84,1
DA:87,45
DA:90,7
DA:91,7
DA:93,7
DA:96,7
DA:98,7
DA:99,0
DA:101,0
DA:104,7
DA:107,7
DA:108,7
DA:110,7
DA:114,7
DA:116,7
DA:117,0
DA:119,0
DA:122,7
DA:125,1
DA:126,0
DA:128,0
DA:131,1
DA:134,1
DA:135,0
DA:137,0
DA:140,1
DA:143,24
DA:144,24
DA:146,24
DA:147,2
DA:148,2
DA:151,24
DA:152,0
DA:153,0
DA:156,24
DA:157,0
DA:160,24
DA:162,24
DA:163,22
DA:166,24
DA:167,24
DA:170,24
DA:173,11
DA:174,1
DA:176,1
DA:179,10
DA:182,1
DA:183,0
DA:185,0
DA:188,1
DA:191,0
DA:200,4
DA:210,175
DA:211,175
DA:213,175
DA:218,175
DA:219,175
DA:221,175
DA:222,127
DA:223,45
DA:225,45
DA:229,175
DA:230,57
DA:231,9
DA:239,175
DA:240,143
DA:247,175
DA:261,459
DA:262,8
DA:267,451
DA:268,8
DA:273,443
DA:274,443
DA:276,443
DA:278,443
DA:280,443
DA:286,443
DA:287,443
DA:289,443
DA:295,46
DA:298,15
DA:299,1
DA:303,24
DA:306,23
DA:310,7
DA:311,2
DA:313,5
DA:316,7
DA:317,16
DA:321,7
DA:322,2
DA:324,5
DA:327,7
DA:328,9
DA:329,1
DA:330,1
DA:331,8
DA:332,1
DA:333,1
DA:334,7
DA:335,2
DA:340,2
DA:347,175
LF:109
LH:95
BRDA:78,0,0,46
BRDA:78,0,1,7
BRDA:78,0,2,7
BRDA:78,0,3,1
BRDA:78,0,4,1
BRDA:78,0,5,24
BRDA:78,0,6,11
BRDA:78,0,7,1
BRDA:78,0,8,0
BRDA:79,1,0,1
BRDA:79,1,1,45
BRDA:80,2,0,1
BRDA:80,2,1,0
BRDA:94,3,0,6
BRDA:94,3,1,1
BRDA:98,4,0,0
BRDA:98,4,1,7
BRDA:111,5,0,6
BRDA:111,5,1,1
BRDA:116,6,0,0
BRDA:116,6,1,7
BRDA:125,7,0,0
BRDA:125,7,1,1
BRDA:134,8,0,0
BRDA:134,8,1,1
BRDA:146,9,0,2
BRDA:146,9,1,22
BRDA:151,10,0,0
BRDA:151,10,1,24
BRDA:156,11,0,0
BRDA:156,11,1,24
BRDA:156,12,0,24
BRDA:156,12,1,0
BRDA:162,13,0,22
BRDA:162,13,1,2
BRDA:166,14,0,24
BRDA:166,14,1,0
BRDA:173,15,0,1
BRDA:173,15,1,10
BRDA:182,16,0,0
BRDA:182,16,1,1
BRDA:209,17,0,0
BRDA:201,18,0,29
BRDA:202,19,0,56
BRDA:222,20,0,45
BRDA:222,20,1,82
BRDA:225,21,0,45
BRDA:225,21,1,45
BRDA:230,22,0,9
BRDA:230,22,1,48
BRDA:230,23,0,57
BRDA:230,23,1,57
BRDA:239,24,0,0
BRDA:239,25,0,114
BRDA:258,26,0,2
BRDA:249,27,0,407
BRDA:250,28,0,347
BRDA:256,29,0,459
BRDA:259,30,0,347
BRDA:261,31,0,8
BRDA:261,31,1,451
BRDA:267,32,0,8
BRDA:267,32,1,443
BRDA:278,33,0,262
BRDA:278,33,1,181
BRDA:284,34,0,153
BRDA:284,34,1,290
BRDA:280,35,0,443
BRDA:280,35,1,350
BRDA:280,35,2,236
BRDA:280,35,3,168
BRDA:286,36,0,443
BRDA:286,36,1,335
BRDA:287,37,0,443
BRDA:287,37,1,108
BRDA:292,38,0,437
BRDA:292,38,1,6
BRDA:298,39,0,1
BRDA:298,39,1,14
BRDA:306,40,0,7
BRDA:306,40,1,16
BRDA:307,41,0,23
BRDA:307,41,1,4
BRDA:307,41,2,20
BRDA:307,41,3,5
BRDA:310,42,0,2
BRDA:310,42,1,5
BRDA:310,43,0,7
BRDA:310,43,1,3
BRDA:317,44,0,7
BRDA:317,44,1,9
BRDA:318,45,0,16
BRDA:318,45,1,4
BRDA:318,45,2,13
BRDA:318,45,3,5
BRDA:321,46,0,2
BRDA:321,46,1,5
BRDA:321,47,0,7
BRDA:321,47,1,3
BRDA:328,48,0,1
BRDA:328,48,1,8
BRDA:331,49,0,1
BRDA:331,49,1,7
BRDA:334,50,0,2
BRDA:334,50,1,5
BRDA:334,51,0,7
BRDA:334,51,1,6
BRF:107
BRH:94
end_of_record
TN:
SF:packages/tabs/src/TabsContainer.tsx
FN:18,(anonymous_1)
FNF:1
FNH:1
FNDA:27,(anonymous_1)
DA:8,1
DA:9,1
DA:11,1
DA:18,1
DA:23,27
DA:26,1
LF:6
LH:6
BRDA:20,0,0,27
BRF:1
BRH:1
end_of_record
TN:
SF:packages/tabs/src/index.ts
FN:9,(anonymous_0)
FN:12,(anonymous_1)
FNF:2
FNH:0
FNDA:0,(anonymous_0)
FNDA:0,(anonymous_1)
DA:9,0
DA:12,0
LF:2
LH:0
BRF:0
BRH:0
end_of_record
TN:
SF:packages/tabs/src/useTabs.ts
FN:37,requiredArguments
FN:45,useTabs
FN:60,(anonymous_2)
FN:70,(anonymous_3)
FN:81,(anonymous_4)
FN:102,(anonymous_5)
FN:103,(anonymous_6)
FNF:7
FNH:7
FNDA:197,requiredArguments
FNDA:27,useTabs
FNDA:21,(anonymous_2)
FNDA:65,(anonymous_3)
FNDA:67,(anonymous_4)
FNDA:21,(anonymous_5)
FNDA:65,(anonymous_6)
DA:8,1
DA:9,1
DA:10,1
DA:38,197
DA:39,6
DA:45,1
DA:50,27
DA:55,27
DA:56,27
DA:57,27
DA:58,27
DA:60,27
DA:61,21
DA:70,27
DA:71,65
DA:73,63
DA:81,27
DA:84,67
DA:85,65
DA:87,63
DA:89,63
DA:98,27
DA:102,21
DA:103,65
LF:24
LH:24
BRDA:38,0,0,6
BRDA:38,0,1,191
BRDA:38,1,0,197
BRDA:38,1,1,191
BRDA:49,2,0,0
BRDA:51,3,0,0
BRDA:51,3,1,27
BRDA:56,4,0,27
BRDA:56,4,1,6
BRDA:60,5,0,0
BRDA:60,6,0,21
BRDA:63,7,0,0
BRDA:63,7,1,21
BRDA:70,8,0,2
BRDA:70,9,0,65
BRDA:82,10,0,2
BRDA:82,11,0,67
BRF:17
BRH:13
end_of_record
TN:
SF:packages/tooltip/src/TooltipContainer.tsx
FN:18,(anonymous_1)
FNF:1
FNH:1
FNDA:28,(anonymous_1)
DA:8,1
DA:9,1
DA:11,1
DA:18,1
DA:23,28
DA:26,1
LF:6
LH:6
BRDA:20,0,0,28
BRF:1
BRH:1
end_of_record
TN:
SF:packages/tooltip/src/index.ts
FN:9,(anonymous_0)
FN:12,(anonymous_1)
FNF:2
FNH:0
FNDA:0,(anonymous_0)
FNDA:0,(anonymous_1)
DA:9,0
DA:12,0
LF:2
LH:0
BRF:0
BRH:0
end_of_record
TN:
SF:packages/tooltip/src/useTooltip.ts
FN:26,(anonymous_0)
FN:39,(anonymous_1)
FN:42,(anonymous_2)
FN:51,(anonymous_3)
FN:54,(anonymous_4)
FN:66,(anonymous_5)
FN:69,(anonymous_6)
FN:75,(anonymous_7)
FN:76,(anonymous_8)
FN:82,(anonymous_9)
FN:87,(anonymous_10)
FN:88,(anonymous_11)
FN:89,(anonymous_12)
FN:91,(anonymous_13)
FN:92,(anonymous_14)
FN:104,(anonymous_15)
FN:109,(anonymous_16)
FN:110,(anonymous_17)
FNF:18
FNH:16
FNDA:28,(anonymous_0)
FNDA:13,(anonymous_1)
FNDA:9,(anonymous_2)
FNDA:6,(anonymous_3)
FNDA:5,(anonymous_4)
FNDA:15,(anonymous_5)
FNDA:15,(anonymous_6)
FNDA:15,(anonymous_7)
FNDA:15,(anonymous_8)
FNDA:28,(anonymous_9)
FNDA:8,(anonymous_10)
FNDA:4,(anonymous_11)
FNDA:5,(anonymous_12)
FNDA:1,(anonymous_13)
FNDA:3,(anonymous_14)
FNDA:28,(anonymous_15)
FNDA:0,(anonymous_16)
FNDA:0,(anonymous_17)
DA:8,1
DA:9,1
DA:10,1
DA:26,1
DA:31,28
DA:32,28
DA:33,28
DA:34,28
DA:39,28
DA:40,13
DA:42,13
DA:43,9
DA:44,9
DA:48,13
DA:51,28
DA:52,6
DA:54,6
DA:55,5
DA:56,4
DA:60,6
DA:66,28
DA:67,15
DA:69,15
DA:70,15
DA:75,28
DA:76,15
DA:77,15
DA:78,15
DA:82,28
DA:85,28
DA:87,8
DA:88,4
DA:89,5
DA:91,1
DA:93,3
DA:94,1
DA:104,28
DA:107,28
DA:109,0
DA:110,0
DA:117,28
LF:41
LH:39
BRDA:30,0,0,0
BRDA:27,1,0,28
BRDA:33,2,0,28
BRDA:33,2,1,0
BRDA:39,3,0,13
BRDA:43,4,0,9
BRDA:43,4,1,0
BRDA:51,5,0,4
BRDA:55,6,0,4
BRDA:55,6,1,1
BRDA:83,7,0,28
BRDA:83,8,0,28
BRDA:93,9,0,1
BRDA:93,9,1,2
BRDA:93,10,0,3
BRDA:93,10,1,1
BRDA:105,11,0,28
BRDA:105,12,0,28
BRF:18
BRH:15
end_of_record
TN:
SF:packages/utilities/src/index.ts
FN:8,(anonymous_0)
FN:9,(anonymous_1)
FN:9,(anonymous_2)
FN:10,(anonymous_3)
FN:11,(anonymous_4)
FN:12,(anonymous_5)
FNF:6
FNH:3
FNDA:2001,(anonymous_0)
FNDA:0,(anonymous_1)
FNDA:0,(anonymous_2)
FNDA:437,(anonymous_3)
FNDA:0,(anonymous_4)
FNDA:161,(anonymous_5)
DA:8,2010
DA:9,9
DA:10,446
DA:11,9
DA:12,170
LF:5
LH:5
BRF:0
BRH:0
end_of_record
TN:
SF:packages/utilities/src/utils/IdManager.ts
FN:15,generateId
FN:23,setIdCounter
FNF:2
FNH:2
FNDA:3,generateId
FNDA:4,setIdCounter
DA:8,10
DA:15,10
DA:16,3
DA:23,10
DA:24,4
LF:5
LH:5
BRDA:15,0,0,2
BRF:1
BRH:1
end_of_record
TN:
SF:packages/utilities/src/utils/KEY_CODES.ts
FNF:0
FNH:0
DA:14,9
LF:1
LH:1
BRF:0
BRH:0
end_of_record
TN:
SF:packages/utilities/src/utils/composeEventHandlers.ts
FN:26,composeEventHandlers
FN:27,(anonymous_1)
FN:28,(anonymous_2)
FNF:3
FNH:3
FNDA:2003,composeEventHandlers
FNDA:160,(anonymous_1)
FNDA:319,(anonymous_2)
DA:26,10
DA:27,2003
DA:28,160
DA:29,319
DA:31,318
LF:5
LH:5
BRDA:29,0,0,319
BRDA:29,0,1,163
BRDA:31,1,0,318
BRDA:31,1,1,318
BRF:4
BRH:4
end_of_record
TN:
SF:packages/utilities/src/utils/getControlledValue.ts
FN:11,getControlledValue
FNF:1
FNH:1
FNDA:439,getControlledValue
DA:11,10
DA:12,439
DA:13,875
DA:14,193
DA:18,246
LF:5
LH:5
BRDA:13,0,0,193
BRDA:13,0,1,682
BRF:2
BRH:2
end_of_record
TN:
SF:packages/utilities/src/utils/useCombinedRefs.ts
FN:16,useCombinedRefs
FN:19,(anonymous_1)
FN:20,(anonymous_2)
FNF:3
FNH:3
FNDA:3,useCombinedRefs
FNDA:3,(anonymous_1)
FNDA:3,(anonymous_2)
DA:8,10
DA:16,10
DA:17,3
DA:19,3
DA:20,3
DA:21,3
DA:23,2
DA:24,1
DA:26,1
DA:36,3
LF:10
LH:10
BRDA:21,0,0,1
BRDA:21,0,1,2
BRDA:23,1,0,1
BRDA:23,1,1,1
BRF:4
BRH:4
end_of_record
